<?xml version="1.0" encoding="UTF-8"?>
<testsuite name="repository.RepoParticipantiTest" tests="6" skipped="0" failures="0" errors="0" timestamp="2020-03-09T12:27:51" hostname="DESKTOP-JGO467Q" time="0.616">
  <properties/>
  <testcase name="adauga" classname="repository.RepoParticipantiTest" time="0.23"/>
  <testcase name="getAll" classname="repository.RepoParticipantiTest" time="0.037"/>
  <testcase name="sterge" classname="repository.RepoParticipantiTest" time="0.11"/>
  <testcase name="modifica" classname="repository.RepoParticipantiTest" time="0.19"/>
  <testcase name="size" classname="repository.RepoParticipantiTest" time="0.024"/>
  <testcase name="cauta" classname="repository.RepoParticipantiTest" time="0.024"/>
  <system-out><![CDATA[14:27:51.495 [Test worker] INFO  repository.RepoParticipanti - initializing RepoParticipanti with properties {mySql.url=jdbc:mysql://localhost:3306/contesttest, password=lasPalmeras18, mySql.jdbcDriver=com.mysql.cj.jdbc.Driver, user=root}
14:27:51.495 [Test worker] TRACE repository.RepoParticipanti - Enter adauga participat Participant{id=2, nume='Ionel', varsta=8}
14:27:51.542 [Test worker] TRACE repository.RepoParticipanti - Enter getSize
14:27:51.698 [Test worker] TRACE repository.RepoParticipanti - Enter sterge participant cu id 73
14:27:51.729 [Test worker] TRACE repository.RepoParticipanti - Enter getALl participanti test
14:27:51.729 [Test worker] INFO  repository.RepoParticipanti - initializing RepoParticipanti with properties {mySql.url=jdbc:mysql://localhost:3306/contesttest, password=lasPalmeras18, mySql.jdbcDriver=com.mysql.cj.jdbc.Driver, user=root}
14:27:51.729 [Test worker] TRACE repository.RepoParticipanti - Enter getAll
14:27:51.776 [Test worker] TRACE repository.RepoParticipanti - Enter sterge participant test
14:27:51.776 [Test worker] INFO  repository.RepoParticipanti - initializing RepoParticipanti with properties {mySql.url=jdbc:mysql://localhost:3306/contesttest, password=lasPalmeras18, mySql.jdbcDriver=com.mysql.cj.jdbc.Driver, user=root}
14:27:51.776 [Test worker] TRACE repository.RepoParticipanti - Enter adauga participat Participant{id=2, nume='Ionel', varsta=8}
14:27:51.838 [Test worker] TRACE repository.RepoParticipanti - Enter sterge participant cu id 74
14:27:51.870 [Test worker] TRACE repository.RepoParticipanti - Enter getSize
14:27:51.885 [Test worker] TRACE repository.RepoParticipanti - Enter modifica participant test
14:27:51.885 [Test worker] INFO  repository.RepoParticipanti - initializing RepoParticipanti with properties {mySql.url=jdbc:mysql://localhost:3306/contesttest, password=lasPalmeras18, mySql.jdbcDriver=com.mysql.cj.jdbc.Driver, user=root}
14:27:51.901 [Test worker] TRACE repository.RepoParticipanti - Enter cauta participant cu id 1
14:27:51.932 [Test worker] TRACE repository.RepoParticipanti - Enter modifica participant cu id 1
14:27:51.932 [Test worker] TRACE repository.RepoParticipanti - Enter cauta participant cu id 1
14:27:51.983 [Test worker] TRACE repository.RepoParticipanti - Enter cauta participant cu id 1
14:27:52.006 [Test worker] TRACE repository.RepoParticipanti - Enter cauta participant cu id 1
14:27:52.030 [Test worker] TRACE repository.RepoParticipanti - Enter modifica participant cu id 1
14:27:52.031 [Test worker] TRACE repository.RepoParticipanti - Enter cauta participant cu id 1
14:27:52.080 [Test worker] TRACE repository.RepoParticipanti - Enter size RepoParticipanti test
14:27:52.081 [Test worker] INFO  repository.RepoParticipanti - initializing RepoParticipanti with properties {mySql.url=jdbc:mysql://localhost:3306/contesttest, password=lasPalmeras18, mySql.jdbcDriver=com.mysql.cj.jdbc.Driver, user=root}
14:27:52.082 [Test worker] TRACE repository.RepoParticipanti - Enter getAll
14:27:52.104 [Test worker] TRACE repository.RepoParticipanti - Enter cauta participant test
14:27:52.105 [Test worker] INFO  repository.RepoParticipanti - initializing RepoParticipanti with properties {mySql.url=jdbc:mysql://localhost:3306/contesttest, password=lasPalmeras18, mySql.jdbcDriver=com.mysql.cj.jdbc.Driver, user=root}
14:27:52.105 [Test worker] TRACE repository.RepoParticipanti - Enter cauta participant cu id 1
]]></system-out>
  <system-err><![CDATA[]]></system-err>
</testsuite>
