<?xml version="1.0" encoding="UTF-8"?>
<testsuite name="repository.RepoParticipantiTest" tests="6" skipped="0" failures="0" errors="0" timestamp="2020-03-23T14:02:11" hostname="DESKTOP-JGO467Q" time="1.971">
  <properties/>
  <testcase name="adauga" classname="repository.RepoParticipantiTest" time="0.71"/>
  <testcase name="getAll" classname="repository.RepoParticipantiTest" time="0.104"/>
  <testcase name="sterge" classname="repository.RepoParticipantiTest" time="0.526"/>
  <testcase name="modifica" classname="repository.RepoParticipantiTest" time="0.333"/>
  <testcase name="size" classname="repository.RepoParticipantiTest" time="0.2"/>
  <testcase name="cauta" classname="repository.RepoParticipantiTest" time="0.097"/>
  <system-out><![CDATA[16:02:11.993 [Test worker] DEBUG org.springframework.core.env.StandardEnvironment - Adding PropertySource 'systemProperties' with lowest search precedence
16:02:11.993 [Test worker] DEBUG org.springframework.core.env.StandardEnvironment - Adding PropertySource 'systemEnvironment' with lowest search precedence
16:02:11.994 [Test worker] DEBUG org.springframework.core.env.StandardEnvironment - Initialized StandardEnvironment with PropertySources [MapPropertySource@390828930 {name='systemProperties', properties={sun.desktop=windows, awt.toolkit=sun.awt.windows.WToolkit, java.specification.version=11, sun.cpu.isalist=amd64, sun.jnu.encoding=Cp1252, org.gradle.test.worker=2, java.class.path=C:\\Users\\Flore\\.gradle\\caches\\5.2.1\\workerMain\\gradle-worker.jar;C:\\Users\\Flore\\Desktop\\info18\\MPP\\gitApps\\ContestApp\\build\\classes\\java\\test;C:\\Users\\Flore\\Desktop\\info18\\MPP\\gitApps\\ContestApp\\build\\resources\\test;C:\\Users\\Flore\\Desktop\\info18\\MPP\\gitApps\\ContestApp\\build\\classes\\java\\main;C:\\Users\\Flore\\Desktop\\info18\\MPP\\gitApps\\ContestApp\\build\\resources\\main;C:\\Users\\Flore\\.gradle\\caches\\modules-2\\files-2.1\\org.apache.logging.log4j\\log4j-core\\2.10.0\\c90b597163cd28ab6d9687edd53db601b6ea75a1\\log4j-core-2.10.0.jar;C:\\Users\\Flore\\.gradle\\caches\\modules-2\\files-2.1\\org.apache.logging.log4j\\log4j-api\\2.10.0\\fec5797a55b786184a537abd39c3fa1449d752d6\\log4j-api-2.10.0.jar;C:\\Users\\Flore\\.gradle\\caches\\modules-2\\files-2.1\\org.openjfx\\javafx\\11\\f5bf07162249920ce2807804016227a9719211ce\\javafx-11.pom;C:\\Users\\Flore\\.gradle\\caches\\modules-2\\files-2.1\\mysql\\mysql-connector-java\\8.0.16\\6088b7a25188ab4b3ab865422a8ec77ade29236\\mysql-connector-java-8.0.16.jar;C:\\Users\\Flore\\.gradle\\caches\\modules-2\\files-2.1\\org.springframework\\spring-context\\5.0.4.RELEASE\\3e76d08c851113077642c5704f0f94d5ce58e905\\spring-context-5.0.4.RELEASE.jar;C:\\Users\\Flore\\.gradle\\caches\\modules-2\\files-2.1\\org.openjfx\\javafx-fxml\\11.0.2\\b3242e4c031558574de2a1da685bb5fcdbb8a530\\javafx-fxml-11.0.2-win.jar;C:\\Users\\Flore\\.gradle\\caches\\modules-2\\files-2.1\\org.openjfx\\javafx-controls\\11.0.2\\6c763707769c18adce406904c771c2ad1fcc370b\\javafx-controls-11.0.2-win.jar;C:\\Users\\Flore\\.gradle\\caches\\modules-2\\files-2.1\\org.openjfx\\javafx-controls\\11.0.2\\4ab633cf1eea60f76e2ae9905aedac862da88b08\\javafx-controls-11.0.2.jar;C:\\Users\\Flore\\.gradle\\caches\\modules-2\\files-2.1\\org.openjfx\\javafx-graphics\\11.0.2\\20459ea2cf714942bcbeb78a7f70ba3531dc1a44\\javafx-graphics-11.0.2-win.jar;C:\\Users\\Flore\\.gradle\\caches\\modules-2\\files-2.1\\org.openjfx\\javafx-graphics\\11.0.2\\e522eb4ea422eceeee207b1c266ba3db19b2343a\\javafx-graphics-11.0.2.jar;C:\\Users\\Flore\\.gradle\\caches\\modules-2\\files-2.1\\org.openjfx\\javafx-base\\11.0.2\\1852e57b8cf9a9b6488c33605bccd5d06ff210e1\\javafx-base-11.0.2-win.jar;C:\\Users\\Flore\\.gradle\\caches\\modules-2\\files-2.1\\org.openjfx\\javafx-base\\11.0.2\\7fb2e4a8528ec9e434a9ac9ee98b39af79e6dcb8\\javafx-base-11.0.2.jar;C:\\Users\\Flore\\.gradle\\caches\\modules-2\\files-2.1\\junit\\junit\\4.12\\2973d150c0dc1fefe998f834810d68f278ea58ec\\junit-4.12.jar;C:\\Users\\Flore\\.gradle\\caches\\modules-2\\files-2.1\\com.google.protobuf\\protobuf-java\\3.6.1\\d06d46ecfd92ec6d0f3b423b4cd81cb38d8b924\\protobuf-java-3.6.1.jar;C:\\Users\\Flore\\.gradle\\caches\\modules-2\\files-2.1\\org.springframework\\spring-aop\\5.0.4.RELEASE\\f8e029e54c0267dadb6b9f713f3feb54ec4f3a0e\\spring-aop-5.0.4.RELEASE.jar;C:\\Users\\Flore\\.gradle\\caches\\modules-2\\files-2.1\\org.springframework\\spring-beans\\5.0.4.RELEASE\\7a8c3d48d4c33621e64d1399721d8e067450fcbd\\spring-beans-5.0.4.RELEASE.jar;C:\\Users\\Flore\\.gradle\\caches\\modules-2\\files-2.1\\org.springframework\\spring-expression\\5.0.4.RELEASE\\4bda161f2e34c1486f2527a23eb47293567f473c\\spring-expression-5.0.4.RELEASE.jar;C:\\Users\\Flore\\.gradle\\caches\\modules-2\\files-2.1\\org.springframework\\spring-core\\5.0.4.RELEASE\\2221a957b5561a34f044350ba4e30ef5870254a3\\spring-core-5.0.4.RELEASE.jar;C:\\Users\\Flore\\.gradle\\caches\\modules-2\\files-2.1\\org.hamcrest\\hamcrest-core\\1.3\\42a25dc3219429f0e5d060061f71acb49bf010a0\\hamcrest-core-1.3.jar;C:\\Users\\Flore\\.gradle\\caches\\modules-2\\files-2.1\\org.springframework\\spring-jcl\\5.0.4.RELEASE\\3053e2bad0a18571bdbb9596ce51f9d458f5934f\\spring-jcl-5.0.4.RELEASE.jar, java.vm.vendor=Oracle Corporation, sun.arch.data.model=64, user.variant=, java.vendor.url=http://java.oracle.com/, user.timezone=Europe/Athens, os.name=Windows 10, java.vm.specification.version=11, user.country=US, sun.java.launcher=SUN_STANDARD, sun.boot.library.path=C:\Program Files\Java\jdk-11.0.4\bin, sun.java.command=worker.org.gradle.process.internal.worker.GradleWorkerMain 'Gradle Test Executor 2', jdk.debug=release, sun.cpu.endian=little, user.home=C:\Users\Flore, user.language=en, java.specification.vendor=Oracle Corporation, org.gradle.native=false, java.version.date=2019-07-16, java.home=C:\Program Files\Java\jdk-11.0.4, file.separator=\, java.vm.compressedOopsMode=32-bit, line.separator=
, java.specification.name=Java Platform API Specification, java.vm.specification.vendor=Oracle Corporation, java.awt.graphicsenv=sun.awt.Win32GraphicsEnvironment, user.script=, sun.management.compiler=HotSpot 64-Bit Tiered Compilers, java.runtime.version=11.0.4+10-LTS, user.name=Flore, path.separator=;, os.version=10.0, java.runtime.name=Java(TM) SE Runtime Environment, file.encoding=windows-1252, java.vm.name=Java HotSpot(TM) 64-Bit Server VM, java.vendor.version=18.9, java.vendor.url.bug=http://bugreport.java.com/bugreport/, java.io.tmpdir=C:\Users\Flore\AppData\Local\Temp\, java.version=11.0.4, user.dir=C:\Users\Flore\Desktop\info18\MPP\gitApps\ContestApp, os.arch=amd64, java.vm.specification.name=Java Virtual Machine Specification, java.awt.printerjob=sun.awt.windows.WPrinterJob, sun.os.patch.level=, java.library.path=C:\Program Files\Java\jdk-11.0.4\bin;C:\WINDOWS\Sun\Java\bin;C:\WINDOWS\system32;C:\WINDOWS;C:\Program Files (x86)\Microsoft Visual Studio\Shared\Python37_64\Scripts\;C:\Program Files (x86)\Microsoft Visual Studio\Shared\Python37_64\;C:\Program Files\Python38\Scripts\;C:\Program Files\Python38\;C:\WINDOWS\system32;C:\WINDOWS;C:\WINDOWS\System32\Wbem;C:\WINDOWS\System32\WindowsPowerShell\v1.0\;C:\WINDOWS\System32\OpenSSH\;C:\Program Files (x86)\Smart Projects\IsoBuster;C:\Program Files\PuTTY\;C:\Program Files\Git\cmd;C:\Users\Flore\AppData\Roaming\nvm;C:\Program Files\nodejs;C:\Program Files\Microsoft SQL Server\Client SDK\ODBC\130\Tools\Binn\;C:\Program Files (x86)\Microsoft SQL Server\140\Tools\Binn\;C:\Program Files\Microsoft SQL Server\140\Tools\Binn\;C:\Program Files\Microsoft SQL Server\140\DTS\Binn\;C:\Program Files (x86)\Microsoft SQL Server\150\DTS\Binn\;C:\Program Files\Microsoft SQL Server\130\Tools\Binn\;C:\Program Files\Microsoft SQL Server\Client SDK\ODBC\170\Tools\Binn\;C:\Program Files\dotnet\;;C:\Users\Flore\AppData\Local\Programs\Microsoft VS Code\bin;C:\Program Files\JetBrains\PyCharm 2019.3.3\bin;;C:\Program Files\JetBrains\PyCharm Edu 2019.3.2\bin;;., java.vendor=Oracle Corporation, java.vm.info=mixed mode, java.vm.version=11.0.4+10-LTS, sun.io.unicode.encoding=UnicodeLittle, java.class.version=55.0}}, SystemEnvironmentPropertySource@2117727955 {name='systemEnvironment', properties={USERDOMAIN_ROAMINGPROFILE=DESKTOP-JGO467Q, NVM_SYMLINK=C:\Program Files\nodejs, PROCESSOR_LEVEL=6, SESSIONNAME=Console, ALLUSERSPROFILE=C:\ProgramData, PROCESSOR_ARCHITECTURE=AMD64, PSModulePath=C:\Program Files\WindowsPowerShell\Modules;C:\WINDOWS\system32\WindowsPowerShell\v1.0\Modules;C:\Program Files (x86)\Microsoft SQL Server\140\Tools\PowerShell\Modules\, SystemDrive=C:, USERNAME=Flore, ProgramFiles(x86)=C:\Program Files (x86), QtMsBuild=C:\Users\Flore\AppData\Local\QtMsBuild, FPS_BROWSER_USER_PROFILE_STRING=Default, PATHEXT=.COM;.EXE;.BAT;.CMD;.VBS;.VBE;.JS;.JSE;.WSF;.WSH;.MSC;.PY;.PYW, DriverData=C:\Windows\System32\Drivers\DriverData, ProgramData=C:\ProgramData, ProgramW6432=C:\Program Files, HOMEPATH=\Users\Flore, PROCESSOR_IDENTIFIER=Intel64 Family 6 Model 142 Stepping 9, GenuineIntel, ProgramFiles=C:\Program Files, PUBLIC=C:\Users\Public, VS160COMCOMNTOOLS=C:\Program Files (x86)\Microsoft Visual Studio\2019\Community\Common7\Tools\, windir=C:\WINDOWS, =::=::\, LOCALAPPDATA=C:\Users\Flore\AppData\Local, PyCharm Edu=C:\Program Files\JetBrains\PyCharm Edu 2019.3.2\bin;, USERDOMAIN=DESKTOP-JGO467Q, FPS_BROWSER_APP_PROFILE_STRING=Internet Explorer, LOGONSERVER=\\DESKTOP-JGO467Q, OneDrive=C:\Users\Flore\OneDrive, APPDATA=C:\Users\Flore\AppData\Roaming, VBOX_MSI_INSTALL_PATH=C:\Program Files\Oracle\VirtualBox\, CommonProgramFiles=C:\Program Files\Common Files, Path=C:\Program Files (x86)\Microsoft Visual Studio\Shared\Python37_64\Scripts\;C:\Program Files (x86)\Microsoft Visual Studio\Shared\Python37_64\;C:\Program Files\Python38\Scripts\;C:\Program Files\Python38\;C:\WINDOWS\system32;C:\WINDOWS;C:\WINDOWS\System32\Wbem;C:\WINDOWS\System32\WindowsPowerShell\v1.0\;C:\WINDOWS\System32\OpenSSH\;C:\Program Files (x86)\Smart Projects\IsoBuster;C:\Program Files\PuTTY\;C:\Program Files\Git\cmd;C:\Users\Flore\AppData\Roaming\nvm;C:\Program Files\nodejs;C:\Program Files\Microsoft SQL Server\Client SDK\ODBC\130\Tools\Binn\;C:\Program Files (x86)\Microsoft SQL Server\140\Tools\Binn\;C:\Program Files\Microsoft SQL Server\140\Tools\Binn\;C:\Program Files\Microsoft SQL Server\140\DTS\Binn\;C:\Program Files (x86)\Microsoft SQL Server\150\DTS\Binn\;C:\Program Files\Microsoft SQL Server\130\Tools\Binn\;C:\Program Files\Microsoft SQL Server\Client SDK\ODBC\170\Tools\Binn\;C:\Program Files\dotnet\;;C:\Users\Flore\AppData\Local\Programs\Microsoft VS Code\bin;C:\Program Files\JetBrains\PyCharm 2019.3.3\bin;;C:\Program Files\JetBrains\PyCharm Edu 2019.3.2\bin;, PyCharm=C:\Program Files\JetBrains\PyCharm 2019.3.3\bin;, OS=Windows_NT, COMPUTERNAME=DESKTOP-JGO467Q, NVM_HOME=C:\Users\Flore\AppData\Roaming\nvm, PROCESSOR_REVISION=8e09, CommonProgramW6432=C:\Program Files\Common Files, ComSpec=C:\WINDOWS\system32\cmd.exe, SystemRoot=C:\WINDOWS, TEMP=C:\Users\Flore\AppData\Local\Temp, HOMEDRIVE=C:, PT6HOME=C:\Program Files (x86)\Cisco Packet Tracer 6.2sv, USERPROFILE=C:\Users\Flore, TMP=C:\Users\Flore\AppData\Local\Temp, MYSQLCONNECTOR_ASSEMBLIESPATH=C:\Program Files (x86)\MySQL\Connector NET 8.0\Assemblies\v4.5.2, CommonProgramFiles(x86)=C:\Program Files (x86)\Common Files, NUMBER_OF_PROCESSORS=4, IDEA_INITIAL_DIRECTORY=C:\Users\Flore\Desktop}}]
16:02:11.995 [Test worker] INFO  org.springframework.context.support.ClassPathXmlApplicationContext - Refreshing org.springframework.context.support.ClassPathXmlApplicationContext@2285c91: startup date [Mon Mar 23 16:02:11 EET 2020]; root of context hierarchy
16:02:11.995 [Test worker] DEBUG org.springframework.core.env.StandardEnvironment - Adding PropertySource 'systemProperties' with lowest search precedence
16:02:11.995 [Test worker] DEBUG org.springframework.core.env.StandardEnvironment - Adding PropertySource 'systemEnvironment' with lowest search precedence
16:02:12.004 [Test worker] DEBUG org.springframework.core.env.StandardEnvironment - Initialized StandardEnvironment with PropertySources [MapPropertySource@1491087069 {name='systemProperties', properties={sun.desktop=windows, awt.toolkit=sun.awt.windows.WToolkit, java.specification.version=11, sun.cpu.isalist=amd64, sun.jnu.encoding=Cp1252, org.gradle.test.worker=2, java.class.path=C:\\Users\\Flore\\.gradle\\caches\\5.2.1\\workerMain\\gradle-worker.jar;C:\\Users\\Flore\\Desktop\\info18\\MPP\\gitApps\\ContestApp\\build\\classes\\java\\test;C:\\Users\\Flore\\Desktop\\info18\\MPP\\gitApps\\ContestApp\\build\\resources\\test;C:\\Users\\Flore\\Desktop\\info18\\MPP\\gitApps\\ContestApp\\build\\classes\\java\\main;C:\\Users\\Flore\\Desktop\\info18\\MPP\\gitApps\\ContestApp\\build\\resources\\main;C:\\Users\\Flore\\.gradle\\caches\\modules-2\\files-2.1\\org.apache.logging.log4j\\log4j-core\\2.10.0\\c90b597163cd28ab6d9687edd53db601b6ea75a1\\log4j-core-2.10.0.jar;C:\\Users\\Flore\\.gradle\\caches\\modules-2\\files-2.1\\org.apache.logging.log4j\\log4j-api\\2.10.0\\fec5797a55b786184a537abd39c3fa1449d752d6\\log4j-api-2.10.0.jar;C:\\Users\\Flore\\.gradle\\caches\\modules-2\\files-2.1\\org.openjfx\\javafx\\11\\f5bf07162249920ce2807804016227a9719211ce\\javafx-11.pom;C:\\Users\\Flore\\.gradle\\caches\\modules-2\\files-2.1\\mysql\\mysql-connector-java\\8.0.16\\6088b7a25188ab4b3ab865422a8ec77ade29236\\mysql-connector-java-8.0.16.jar;C:\\Users\\Flore\\.gradle\\caches\\modules-2\\files-2.1\\org.springframework\\spring-context\\5.0.4.RELEASE\\3e76d08c851113077642c5704f0f94d5ce58e905\\spring-context-5.0.4.RELEASE.jar;C:\\Users\\Flore\\.gradle\\caches\\modules-2\\files-2.1\\org.openjfx\\javafx-fxml\\11.0.2\\b3242e4c031558574de2a1da685bb5fcdbb8a530\\javafx-fxml-11.0.2-win.jar;C:\\Users\\Flore\\.gradle\\caches\\modules-2\\files-2.1\\org.openjfx\\javafx-controls\\11.0.2\\6c763707769c18adce406904c771c2ad1fcc370b\\javafx-controls-11.0.2-win.jar;C:\\Users\\Flore\\.gradle\\caches\\modules-2\\files-2.1\\org.openjfx\\javafx-controls\\11.0.2\\4ab633cf1eea60f76e2ae9905aedac862da88b08\\javafx-controls-11.0.2.jar;C:\\Users\\Flore\\.gradle\\caches\\modules-2\\files-2.1\\org.openjfx\\javafx-graphics\\11.0.2\\20459ea2cf714942bcbeb78a7f70ba3531dc1a44\\javafx-graphics-11.0.2-win.jar;C:\\Users\\Flore\\.gradle\\caches\\modules-2\\files-2.1\\org.openjfx\\javafx-graphics\\11.0.2\\e522eb4ea422eceeee207b1c266ba3db19b2343a\\javafx-graphics-11.0.2.jar;C:\\Users\\Flore\\.gradle\\caches\\modules-2\\files-2.1\\org.openjfx\\javafx-base\\11.0.2\\1852e57b8cf9a9b6488c33605bccd5d06ff210e1\\javafx-base-11.0.2-win.jar;C:\\Users\\Flore\\.gradle\\caches\\modules-2\\files-2.1\\org.openjfx\\javafx-base\\11.0.2\\7fb2e4a8528ec9e434a9ac9ee98b39af79e6dcb8\\javafx-base-11.0.2.jar;C:\\Users\\Flore\\.gradle\\caches\\modules-2\\files-2.1\\junit\\junit\\4.12\\2973d150c0dc1fefe998f834810d68f278ea58ec\\junit-4.12.jar;C:\\Users\\Flore\\.gradle\\caches\\modules-2\\files-2.1\\com.google.protobuf\\protobuf-java\\3.6.1\\d06d46ecfd92ec6d0f3b423b4cd81cb38d8b924\\protobuf-java-3.6.1.jar;C:\\Users\\Flore\\.gradle\\caches\\modules-2\\files-2.1\\org.springframework\\spring-aop\\5.0.4.RELEASE\\f8e029e54c0267dadb6b9f713f3feb54ec4f3a0e\\spring-aop-5.0.4.RELEASE.jar;C:\\Users\\Flore\\.gradle\\caches\\modules-2\\files-2.1\\org.springframework\\spring-beans\\5.0.4.RELEASE\\7a8c3d48d4c33621e64d1399721d8e067450fcbd\\spring-beans-5.0.4.RELEASE.jar;C:\\Users\\Flore\\.gradle\\caches\\modules-2\\files-2.1\\org.springframework\\spring-expression\\5.0.4.RELEASE\\4bda161f2e34c1486f2527a23eb47293567f473c\\spring-expression-5.0.4.RELEASE.jar;C:\\Users\\Flore\\.gradle\\caches\\modules-2\\files-2.1\\org.springframework\\spring-core\\5.0.4.RELEASE\\2221a957b5561a34f044350ba4e30ef5870254a3\\spring-core-5.0.4.RELEASE.jar;C:\\Users\\Flore\\.gradle\\caches\\modules-2\\files-2.1\\org.hamcrest\\hamcrest-core\\1.3\\42a25dc3219429f0e5d060061f71acb49bf010a0\\hamcrest-core-1.3.jar;C:\\Users\\Flore\\.gradle\\caches\\modules-2\\files-2.1\\org.springframework\\spring-jcl\\5.0.4.RELEASE\\3053e2bad0a18571bdbb9596ce51f9d458f5934f\\spring-jcl-5.0.4.RELEASE.jar, java.vm.vendor=Oracle Corporation, sun.arch.data.model=64, user.variant=, java.vendor.url=http://java.oracle.com/, user.timezone=Europe/Athens, os.name=Windows 10, java.vm.specification.version=11, user.country=US, sun.java.launcher=SUN_STANDARD, sun.boot.library.path=C:\Program Files\Java\jdk-11.0.4\bin, sun.java.command=worker.org.gradle.process.internal.worker.GradleWorkerMain 'Gradle Test Executor 2', jdk.debug=release, sun.cpu.endian=little, user.home=C:\Users\Flore, user.language=en, java.specification.vendor=Oracle Corporation, org.gradle.native=false, java.version.date=2019-07-16, java.home=C:\Program Files\Java\jdk-11.0.4, file.separator=\, java.vm.compressedOopsMode=32-bit, line.separator=
, java.specification.name=Java Platform API Specification, java.vm.specification.vendor=Oracle Corporation, java.awt.graphicsenv=sun.awt.Win32GraphicsEnvironment, user.script=, sun.management.compiler=HotSpot 64-Bit Tiered Compilers, java.runtime.version=11.0.4+10-LTS, user.name=Flore, path.separator=;, os.version=10.0, java.runtime.name=Java(TM) SE Runtime Environment, file.encoding=windows-1252, java.vm.name=Java HotSpot(TM) 64-Bit Server VM, java.vendor.version=18.9, java.vendor.url.bug=http://bugreport.java.com/bugreport/, java.io.tmpdir=C:\Users\Flore\AppData\Local\Temp\, java.version=11.0.4, user.dir=C:\Users\Flore\Desktop\info18\MPP\gitApps\ContestApp, os.arch=amd64, java.vm.specification.name=Java Virtual Machine Specification, java.awt.printerjob=sun.awt.windows.WPrinterJob, sun.os.patch.level=, java.library.path=C:\Program Files\Java\jdk-11.0.4\bin;C:\WINDOWS\Sun\Java\bin;C:\WINDOWS\system32;C:\WINDOWS;C:\Program Files (x86)\Microsoft Visual Studio\Shared\Python37_64\Scripts\;C:\Program Files (x86)\Microsoft Visual Studio\Shared\Python37_64\;C:\Program Files\Python38\Scripts\;C:\Program Files\Python38\;C:\WINDOWS\system32;C:\WINDOWS;C:\WINDOWS\System32\Wbem;C:\WINDOWS\System32\WindowsPowerShell\v1.0\;C:\WINDOWS\System32\OpenSSH\;C:\Program Files (x86)\Smart Projects\IsoBuster;C:\Program Files\PuTTY\;C:\Program Files\Git\cmd;C:\Users\Flore\AppData\Roaming\nvm;C:\Program Files\nodejs;C:\Program Files\Microsoft SQL Server\Client SDK\ODBC\130\Tools\Binn\;C:\Program Files (x86)\Microsoft SQL Server\140\Tools\Binn\;C:\Program Files\Microsoft SQL Server\140\Tools\Binn\;C:\Program Files\Microsoft SQL Server\140\DTS\Binn\;C:\Program Files (x86)\Microsoft SQL Server\150\DTS\Binn\;C:\Program Files\Microsoft SQL Server\130\Tools\Binn\;C:\Program Files\Microsoft SQL Server\Client SDK\ODBC\170\Tools\Binn\;C:\Program Files\dotnet\;;C:\Users\Flore\AppData\Local\Programs\Microsoft VS Code\bin;C:\Program Files\JetBrains\PyCharm 2019.3.3\bin;;C:\Program Files\JetBrains\PyCharm Edu 2019.3.2\bin;;., java.vendor=Oracle Corporation, java.vm.info=mixed mode, java.vm.version=11.0.4+10-LTS, sun.io.unicode.encoding=UnicodeLittle, java.class.version=55.0}}, SystemEnvironmentPropertySource@418135428 {name='systemEnvironment', properties={USERDOMAIN_ROAMINGPROFILE=DESKTOP-JGO467Q, NVM_SYMLINK=C:\Program Files\nodejs, PROCESSOR_LEVEL=6, SESSIONNAME=Console, ALLUSERSPROFILE=C:\ProgramData, PROCESSOR_ARCHITECTURE=AMD64, PSModulePath=C:\Program Files\WindowsPowerShell\Modules;C:\WINDOWS\system32\WindowsPowerShell\v1.0\Modules;C:\Program Files (x86)\Microsoft SQL Server\140\Tools\PowerShell\Modules\, SystemDrive=C:, USERNAME=Flore, ProgramFiles(x86)=C:\Program Files (x86), QtMsBuild=C:\Users\Flore\AppData\Local\QtMsBuild, FPS_BROWSER_USER_PROFILE_STRING=Default, PATHEXT=.COM;.EXE;.BAT;.CMD;.VBS;.VBE;.JS;.JSE;.WSF;.WSH;.MSC;.PY;.PYW, DriverData=C:\Windows\System32\Drivers\DriverData, ProgramData=C:\ProgramData, ProgramW6432=C:\Program Files, HOMEPATH=\Users\Flore, PROCESSOR_IDENTIFIER=Intel64 Family 6 Model 142 Stepping 9, GenuineIntel, ProgramFiles=C:\Program Files, PUBLIC=C:\Users\Public, VS160COMCOMNTOOLS=C:\Program Files (x86)\Microsoft Visual Studio\2019\Community\Common7\Tools\, windir=C:\WINDOWS, =::=::\, LOCALAPPDATA=C:\Users\Flore\AppData\Local, PyCharm Edu=C:\Program Files\JetBrains\PyCharm Edu 2019.3.2\bin;, USERDOMAIN=DESKTOP-JGO467Q, FPS_BROWSER_APP_PROFILE_STRING=Internet Explorer, LOGONSERVER=\\DESKTOP-JGO467Q, OneDrive=C:\Users\Flore\OneDrive, APPDATA=C:\Users\Flore\AppData\Roaming, VBOX_MSI_INSTALL_PATH=C:\Program Files\Oracle\VirtualBox\, CommonProgramFiles=C:\Program Files\Common Files, Path=C:\Program Files (x86)\Microsoft Visual Studio\Shared\Python37_64\Scripts\;C:\Program Files (x86)\Microsoft Visual Studio\Shared\Python37_64\;C:\Program Files\Python38\Scripts\;C:\Program Files\Python38\;C:\WINDOWS\system32;C:\WINDOWS;C:\WINDOWS\System32\Wbem;C:\WINDOWS\System32\WindowsPowerShell\v1.0\;C:\WINDOWS\System32\OpenSSH\;C:\Program Files (x86)\Smart Projects\IsoBuster;C:\Program Files\PuTTY\;C:\Program Files\Git\cmd;C:\Users\Flore\AppData\Roaming\nvm;C:\Program Files\nodejs;C:\Program Files\Microsoft SQL Server\Client SDK\ODBC\130\Tools\Binn\;C:\Program Files (x86)\Microsoft SQL Server\140\Tools\Binn\;C:\Program Files\Microsoft SQL Server\140\Tools\Binn\;C:\Program Files\Microsoft SQL Server\140\DTS\Binn\;C:\Program Files (x86)\Microsoft SQL Server\150\DTS\Binn\;C:\Program Files\Microsoft SQL Server\130\Tools\Binn\;C:\Program Files\Microsoft SQL Server\Client SDK\ODBC\170\Tools\Binn\;C:\Program Files\dotnet\;;C:\Users\Flore\AppData\Local\Programs\Microsoft VS Code\bin;C:\Program Files\JetBrains\PyCharm 2019.3.3\bin;;C:\Program Files\JetBrains\PyCharm Edu 2019.3.2\bin;, PyCharm=C:\Program Files\JetBrains\PyCharm 2019.3.3\bin;, OS=Windows_NT, COMPUTERNAME=DESKTOP-JGO467Q, NVM_HOME=C:\Users\Flore\AppData\Roaming\nvm, PROCESSOR_REVISION=8e09, CommonProgramW6432=C:\Program Files\Common Files, ComSpec=C:\WINDOWS\system32\cmd.exe, SystemRoot=C:\WINDOWS, TEMP=C:\Users\Flore\AppData\Local\Temp, HOMEDRIVE=C:, PT6HOME=C:\Program Files (x86)\Cisco Packet Tracer 6.2sv, USERPROFILE=C:\Users\Flore, TMP=C:\Users\Flore\AppData\Local\Temp, MYSQLCONNECTOR_ASSEMBLIESPATH=C:\Program Files (x86)\MySQL\Connector NET 8.0\Assemblies\v4.5.2, CommonProgramFiles(x86)=C:\Program Files (x86)\Common Files, NUMBER_OF_PROCESSORS=4, IDEA_INITIAL_DIRECTORY=C:\Users\Flore\Desktop}}]
16:02:12.004 [Test worker] INFO  org.springframework.beans.factory.xml.XmlBeanDefinitionReader - Loading XML bean definitions from class path resource [springConfigTest.xml]
16:02:12.006 [Test worker] DEBUG org.springframework.beans.factory.xml.DefaultDocumentLoader - Using JAXP provider [com.sun.org.apache.xerces.internal.jaxp.DocumentBuilderFactoryImpl]
16:02:12.008 [Test worker] TRACE org.springframework.beans.factory.xml.PluggableSchemaResolver - Trying to resolve XML entity with public id [null] and system id [http://www.springframework.org/schema/beans/spring-beans.xsd]
16:02:12.008 [Test worker] DEBUG org.springframework.beans.factory.xml.PluggableSchemaResolver - Loading schema mappings from [META-INF/spring.schemas]
16:02:12.014 [Test worker] DEBUG org.springframework.beans.factory.xml.PluggableSchemaResolver - Loaded schema mappings: {http://www.springframework.org/schema/context/spring-context-3.2.xsd=org/springframework/context/config/spring-context.xsd, http://www.springframework.org/schema/cache/spring-cache-4.3.xsd=org/springframework/cache/config/spring-cache.xsd, http://www.springframework.org/schema/beans/spring-beans-4.0.xsd=org/springframework/beans/factory/xml/spring-beans.xsd, http://www.springframework.org/schema/context/spring-context-2.5.xsd=org/springframework/context/config/spring-context.xsd, http://www.springframework.org/schema/context/spring-context-4.0.xsd=org/springframework/context/config/spring-context.xsd, http://www.springframework.org/schema/util/spring-util-4.3.xsd=org/springframework/beans/factory/xml/spring-util.xsd, http://www.springframework.org/schema/jee/spring-jee-2.0.xsd=org/springframework/ejb/config/spring-jee.xsd, http://www.springframework.org/schema/aop/spring-aop-2.0.xsd=org/springframework/aop/config/spring-aop.xsd, http://www.springframework.org/schema/tool/spring-tool-4.3.xsd=org/springframework/beans/factory/xml/spring-tool.xsd, http://www.springframework.org/schema/util/spring-util-2.0.xsd=org/springframework/beans/factory/xml/spring-util.xsd, http://www.springframework.org/schema/cache/spring-cache-4.2.xsd=org/springframework/cache/config/spring-cache.xsd, http://www.springframework.org/schema/context/spring-context-3.1.xsd=org/springframework/context/config/spring-context.xsd, http://www.springframework.org/schema/tool/spring-tool-2.0.xsd=org/springframework/beans/factory/xml/spring-tool.xsd, http://www.springframework.org/schema/tool/spring-tool.xsd=org/springframework/beans/factory/xml/spring-tool.xsd, http://www.springframework.org/schema/beans/spring-beans-3.2.xsd=org/springframework/beans/factory/xml/spring-beans.xsd, http://www.springframework.org/schema/util/spring-util-4.2.xsd=org/springframework/beans/factory/xml/spring-util.xsd, http://www.springframework.org/schema/beans/spring-beans-2.5.xsd=org/springframework/beans/factory/xml/spring-beans.xsd, http://www.springframework.org/schema/beans/spring-beans.xsd=org/springframework/beans/factory/xml/spring-beans.xsd, http://www.springframework.org/schema/tool/spring-tool-4.0.xsd=org/springframework/beans/factory/xml/spring-tool.xsd, http://www.springframework.org/schema/util/spring-util-4.1.xsd=org/springframework/beans/factory/xml/spring-util.xsd, http://www.springframework.org/schema/beans/spring-beans-4.2.xsd=org/springframework/beans/factory/xml/spring-beans.xsd, http://www.springframework.org/schema/context/spring-context-4.2.xsd=org/springframework/context/config/spring-context.xsd, http://www.springframework.org/schema/cache/spring-cache-4.1.xsd=org/springframework/cache/config/spring-cache.xsd, http://www.springframework.org/schema/lang/spring-lang-3.0.xsd=org/springframework/scripting/config/spring-lang.xsd, http://www.springframework.org/schema/jee/spring-jee-4.3.xsd=org/springframework/ejb/config/spring-jee.xsd, http://www.springframework.org/schema/aop/spring-aop-4.3.xsd=org/springframework/aop/config/spring-aop.xsd, http://www.springframework.org/schema/beans/spring-beans-4.3.xsd=org/springframework/beans/factory/xml/spring-beans.xsd, http://www.springframework.org/schema/tool/spring-tool-4.1.xsd=org/springframework/beans/factory/xml/spring-tool.xsd, http://www.springframework.org/schema/task/spring-task-4.3.xsd=org/springframework/scheduling/config/spring-task.xsd, http://www.springframework.org/schema/util/spring-util-4.0.xsd=org/springframework/beans/factory/xml/spring-util.xsd, http://www.springframework.org/schema/beans/spring-beans-4.1.xsd=org/springframework/beans/factory/xml/spring-beans.xsd, http://www.springframework.org/schema/lang/spring-lang.xsd=org/springframework/scripting/config/spring-lang.xsd, http://www.springframework.org/schema/cache/spring-cache-4.0.xsd=org/springframework/cache/config/spring-cache.xsd, http://www.springframework.org/schema/context/spring-context-4.1.xsd=org/springframework/context/config/spring-context.xsd, http://www.springframework.org/schema/aop/spring-aop-4.2.xsd=org/springframework/aop/config/spring-aop.xsd, http://www.springframework.org/schema/tool/spring-tool-4.2.xsd=org/springframework/beans/factory/xml/spring-tool.xsd, http://www.springframework.org/schema/util/spring-util-2.5.xsd=org/springframework/beans/factory/xml/spring-util.xsd, http://www.springframework.org/schema/jee/spring-jee-4.2.xsd=org/springframework/ejb/config/spring-jee.xsd, http://www.springframework.org/schema/lang/spring-lang-3.1.xsd=org/springframework/scripting/config/spring-lang.xsd, http://www.springframework.org/schema/task/spring-task.xsd=org/springframework/scheduling/config/spring-task.xsd, http://www.springframework.org/schema/task/spring-task-4.2.xsd=org/springframework/scheduling/config/spring-task.xsd, http://www.springframework.org/schema/aop/spring-aop.xsd=org/springframework/aop/config/spring-aop.xsd, http://www.springframework.org/schema/lang/spring-lang-4.0.xsd=org/springframework/scripting/config/spring-lang.xsd, http://www.springframework.org/schema/beans/spring-beans-2.0.xsd=org/springframework/beans/factory/xml/spring-beans.xsd, http://www.springframework.org/schema/task/spring-task-4.1.xsd=org/springframework/scheduling/config/spring-task.xsd, http://www.springframework.org/schema/tool/spring-tool-3.1.xsd=org/springframework/beans/factory/xml/spring-tool.xsd, http://www.springframework.org/schema/util/spring-util-3.2.xsd=org/springframework/beans/factory/xml/spring-util.xsd, http://www.springframework.org/schema/jee/spring-jee-4.1.xsd=org/springframework/ejb/config/spring-jee.xsd, http://www.springframework.org/schema/lang/spring-lang-3.2.xsd=org/springframework/scripting/config/spring-lang.xsd, http://www.springframework.org/schema/cache/spring-cache-3.2.xsd=org/springframework/cache/config/spring-cache.xsd, http://www.springframework.org/schema/aop/spring-aop-4.1.xsd=org/springframework/aop/config/spring-aop.xsd, http://www.springframework.org/schema/util/spring-util.xsd=org/springframework/beans/factory/xml/spring-util.xsd, http://www.springframework.org/schema/jee/spring-jee-3.2.xsd=org/springframework/ejb/config/spring-jee.xsd, http://www.springframework.org/schema/util/spring-util-3.0.xsd=org/springframework/beans/factory/xml/spring-util.xsd, http://www.springframework.org/schema/lang/spring-lang-4.1.xsd=org/springframework/scripting/config/spring-lang.xsd, http://www.springframework.org/schema/aop/spring-aop-3.2.xsd=org/springframework/aop/config/spring-aop.xsd, http://www.springframework.org/schema/tool/spring-tool-3.2.xsd=org/springframework/beans/factory/xml/spring-tool.xsd, http://www.springframework.org/schema/context/spring-context-4.3.xsd=org/springframework/context/config/spring-context.xsd, http://www.springframework.org/schema/lang/spring-lang-2.5.xsd=org/springframework/scripting/config/spring-lang.xsd, http://www.springframework.org/schema/jee/spring-jee.xsd=org/springframework/ejb/config/spring-jee.xsd, http://www.springframework.org/schema/util/spring-util-3.1.xsd=org/springframework/beans/factory/xml/spring-util.xsd, http://www.springframework.org/schema/jee/spring-jee-2.5.xsd=org/springframework/ejb/config/spring-jee.xsd, http://www.springframework.org/schema/task/spring-task-4.0.xsd=org/springframework/scheduling/config/spring-task.xsd, http://www.springframework.org/schema/aop/spring-aop-2.5.xsd=org/springframework/aop/config/spring-aop.xsd, http://www.springframework.org/schema/context/spring-context.xsd=org/springframework/context/config/spring-context.xsd, http://www.springframework.org/schema/cache/spring-cache-3.1.xsd=org/springframework/cache/config/spring-cache.xsd, http://www.springframework.org/schema/aop/spring-aop-4.0.xsd=org/springframework/aop/config/spring-aop.xsd, http://www.springframework.org/schema/jee/spring-jee-4.0.xsd=org/springframework/ejb/config/spring-jee.xsd, http://www.springframework.org/schema/tool/spring-tool-2.5.xsd=org/springframework/beans/factory/xml/spring-tool.xsd, http://www.springframework.org/schema/task/spring-task-3.2.xsd=org/springframework/scheduling/config/spring-task.xsd, http://www.springframework.org/schema/beans/spring-beans-3.0.xsd=org/springframework/beans/factory/xml/spring-beans.xsd, http://www.springframework.org/schema/jee/spring-jee-3.0.xsd=org/springframework/ejb/config/spring-jee.xsd, http://www.springframework.org/schema/aop/spring-aop-3.1.xsd=org/springframework/aop/config/spring-aop.xsd, http://www.springframework.org/schema/jee/spring-jee-3.1.xsd=org/springframework/ejb/config/spring-jee.xsd, http://www.springframework.org/schema/lang/spring-lang-4.3.xsd=org/springframework/scripting/config/spring-lang.xsd, http://www.springframework.org/schema/aop/spring-aop-3.0.xsd=org/springframework/aop/config/spring-aop.xsd, http://www.springframework.org/schema/beans/spring-beans-3.1.xsd=org/springframework/beans/factory/xml/spring-beans.xsd, http://www.springframework.org/schema/lang/spring-lang-2.0.xsd=org/springframework/scripting/config/spring-lang.xsd, http://www.springframework.org/schema/task/spring-task-3.1.xsd=org/springframework/scheduling/config/spring-task.xsd, http://www.springframework.org/schema/lang/spring-lang-4.2.xsd=org/springframework/scripting/config/spring-lang.xsd, http://www.springframework.org/schema/tool/spring-tool-3.0.xsd=org/springframework/beans/factory/xml/spring-tool.xsd, http://www.springframework.org/schema/task/spring-task-3.0.xsd=org/springframework/scheduling/config/spring-task.xsd, http://www.springframework.org/schema/context/spring-context-3.0.xsd=org/springframework/context/config/spring-context.xsd, http://www.springframework.org/schema/cache/spring-cache.xsd=org/springframework/cache/config/spring-cache.xsd}
16:02:12.016 [Test worker] DEBUG org.springframework.beans.factory.xml.PluggableSchemaResolver - Found XML schema [http://www.springframework.org/schema/beans/spring-beans.xsd] in classpath: org/springframework/beans/factory/xml/spring-beans.xsd
16:02:12.028 [Test worker] TRACE org.springframework.beans.factory.xml.PluggableSchemaResolver - Trying to resolve XML entity with public id [null] and system id [http://www.springframework.org/schema/util/spring-util.xsd]
16:02:12.028 [Test worker] DEBUG org.springframework.beans.factory.xml.PluggableSchemaResolver - Found XML schema [http://www.springframework.org/schema/util/spring-util.xsd] in classpath: org/springframework/beans/factory/xml/spring-util.xsd
16:02:12.036 [Test worker] TRACE org.springframework.beans.factory.xml.PluggableSchemaResolver - Trying to resolve XML entity with public id [null] and system id [http://www.springframework.org/schema/tool/spring-tool.xsd]
16:02:12.036 [Test worker] DEBUG org.springframework.beans.factory.xml.PluggableSchemaResolver - Found XML schema [http://www.springframework.org/schema/tool/spring-tool.xsd] in classpath: org/springframework/beans/factory/xml/spring-tool.xsd
16:02:12.040 [Test worker] DEBUG org.springframework.beans.factory.xml.DefaultBeanDefinitionDocumentReader - Loading bean definitions
16:02:12.067 [Test worker] DEBUG org.springframework.beans.factory.xml.DefaultNamespaceHandlerResolver - Loaded NamespaceHandler mappings: {http://www.springframework.org/schema/aop=org.springframework.aop.config.AopNamespaceHandler, http://www.springframework.org/schema/cache=org.springframework.cache.config.CacheNamespaceHandler, http://www.springframework.org/schema/task=org.springframework.scheduling.config.TaskNamespaceHandler, http://www.springframework.org/schema/p=org.springframework.beans.factory.xml.SimplePropertyNamespaceHandler, http://www.springframework.org/schema/lang=org.springframework.scripting.config.LangNamespaceHandler, http://www.springframework.org/schema/util=org.springframework.beans.factory.xml.UtilNamespaceHandler, http://www.springframework.org/schema/c=org.springframework.beans.factory.xml.SimpleConstructorNamespaceHandler, http://www.springframework.org/schema/context=org.springframework.context.config.ContextNamespaceHandler, http://www.springframework.org/schema/jee=org.springframework.ejb.config.JeeNamespaceHandler}
16:02:12.070 [Test worker] DEBUG org.springframework.beans.factory.xml.XmlBeanDefinitionReader - Loaded 8 bean definitions from location pattern [classpath:springConfigTest.xml]
16:02:12.070 [Test worker] DEBUG org.springframework.context.support.ClassPathXmlApplicationContext - Bean factory for org.springframework.context.support.ClassPathXmlApplicationContext@2285c91: org.springframework.beans.factory.support.DefaultListableBeanFactory@54c373cb: defining beans [jdbcProps,repoCategT,repoProbeT,valParticipantiT,repoParticipantiT,valInscrieriT,repoInscrieriT,serviceT]; root of factory hierarchy
16:02:12.072 [Test worker] DEBUG org.springframework.context.support.ClassPathXmlApplicationContext - Unable to locate MessageSource with name 'messageSource': using default [org.springframework.context.support.DelegatingMessageSource@1edf1a45]
16:02:12.072 [Test worker] DEBUG org.springframework.context.support.ClassPathXmlApplicationContext - Unable to locate ApplicationEventMulticaster with name 'applicationEventMulticaster': using default [org.springframework.context.event.SimpleApplicationEventMulticaster@16934c25]
16:02:12.072 [Test worker] DEBUG org.springframework.beans.factory.support.DefaultListableBeanFactory - Pre-instantiating singletons in org.springframework.beans.factory.support.DefaultListableBeanFactory@54c373cb: defining beans [jdbcProps,repoCategT,repoProbeT,valParticipantiT,repoParticipantiT,valInscrieriT,repoInscrieriT,serviceT]; root of factory hierarchy
16:02:12.072 [Test worker] DEBUG org.springframework.beans.factory.support.DefaultListableBeanFactory - Creating shared instance of singleton bean 'jdbcProps'
16:02:12.072 [Test worker] DEBUG org.springframework.beans.factory.support.DefaultListableBeanFactory - Creating instance of bean 'jdbcProps'
16:02:12.072 [Test worker] DEBUG org.springframework.beans.factory.support.DefaultListableBeanFactory - Eagerly caching bean 'jdbcProps' to allow for resolving potential circular references
16:02:12.072 [Test worker] TRACE org.springframework.beans.CachedIntrospectionResults - Getting BeanInfo for class [org.springframework.beans.factory.config.PropertiesFactoryBean]
16:02:12.073 [Test worker] TRACE org.springframework.beans.CachedIntrospectionResults - Caching PropertyDescriptors for class [org.springframework.beans.factory.config.PropertiesFactoryBean]
16:02:12.073 [Test worker] TRACE org.springframework.beans.CachedIntrospectionResults - Found bean property 'class' of type [java.lang.Class]
16:02:12.074 [Test worker] TRACE org.springframework.beans.CachedIntrospectionResults - Found bean property 'fileEncoding' of type [java.lang.String]
16:02:12.074 [Test worker] TRACE org.springframework.beans.CachedIntrospectionResults - Found bean property 'ignoreResourceNotFound' of type [boolean]
16:02:12.074 [Test worker] TRACE org.springframework.beans.CachedIntrospectionResults - Found bean property 'localOverride' of type [boolean]
16:02:12.074 [Test worker] TRACE org.springframework.beans.CachedIntrospectionResults - Found bean property 'location' of type [org.springframework.core.io.Resource]
16:02:12.075 [Test worker] TRACE org.springframework.beans.CachedIntrospectionResults - Found bean property 'locations' of type [[Lorg.springframework.core.io.Resource;]
16:02:12.075 [Test worker] TRACE org.springframework.beans.CachedIntrospectionResults - Found bean property 'object' of type [java.util.Properties]
16:02:12.075 [Test worker] TRACE org.springframework.beans.CachedIntrospectionResults - Found bean property 'objectType' of type [java.lang.Class]
16:02:12.075 [Test worker] TRACE org.springframework.beans.CachedIntrospectionResults - Found bean property 'properties' of type [java.util.Properties]
16:02:12.075 [Test worker] TRACE org.springframework.beans.CachedIntrospectionResults - Found bean property 'propertiesArray' of type [[Ljava.util.Properties;]
16:02:12.076 [Test worker] TRACE org.springframework.beans.CachedIntrospectionResults - Found bean property 'propertiesPersister' of type [org.springframework.util.PropertiesPersister]
16:02:12.076 [Test worker] TRACE org.springframework.beans.CachedIntrospectionResults - Found bean property 'singleton' of type [boolean]
16:02:12.082 [Test worker] DEBUG org.springframework.beans.factory.support.DefaultListableBeanFactory - Invoking afterPropertiesSet() on bean with name 'jdbcProps'
16:02:12.082 [Test worker] DEBUG org.springframework.beans.factory.config.PropertiesFactoryBean - Loading properties file from class path resource [configTest.properties]
16:02:12.082 [Test worker] DEBUG org.springframework.beans.factory.support.DefaultListableBeanFactory - Finished creating instance of bean 'jdbcProps'
16:02:12.083 [Test worker] DEBUG org.springframework.beans.factory.support.DefaultListableBeanFactory - Creating shared instance of singleton bean 'repoCategT'
16:02:12.083 [Test worker] DEBUG org.springframework.beans.factory.support.DefaultListableBeanFactory - Creating instance of bean 'repoCategT'
16:02:12.083 [Test worker] DEBUG org.springframework.beans.factory.support.DefaultListableBeanFactory - Returning cached instance of singleton bean 'jdbcProps'
16:02:12.085 [Test worker] TRACE repository.RepoCategVarsta - Enter initializing properties with {mySql.url=jdbc:mysql://localhost:3306/contesttest, password=lasPalmeras18, mySql.jdbcDriver=com.mysql.cj.jdbc.Driver, user=root}
16:02:12.085 [Test worker] DEBUG org.springframework.beans.factory.support.DefaultListableBeanFactory - Eagerly caching bean 'repoCategT' to allow for resolving potential circular references
16:02:12.085 [Test worker] DEBUG org.springframework.beans.factory.support.DefaultListableBeanFactory - Finished creating instance of bean 'repoCategT'
16:02:12.086 [Test worker] DEBUG org.springframework.beans.factory.support.DefaultListableBeanFactory - Creating shared instance of singleton bean 'repoProbeT'
16:02:12.086 [Test worker] DEBUG org.springframework.beans.factory.support.DefaultListableBeanFactory - Creating instance of bean 'repoProbeT'
16:02:12.086 [Test worker] DEBUG org.springframework.beans.factory.support.DefaultListableBeanFactory - Returning cached instance of singleton bean 'jdbcProps'
16:02:12.086 [Test worker] DEBUG org.springframework.beans.factory.support.DefaultListableBeanFactory - Returning cached instance of singleton bean 'repoCategT'
16:02:12.087 [Test worker] INFO  repository.RepoProbe - initializing RepoParticipanti with properties {mySql.url=jdbc:mysql://localhost:3306/contesttest, password=lasPalmeras18, mySql.jdbcDriver=com.mysql.cj.jdbc.Driver, user=root}
16:02:12.087 [Test worker] DEBUG org.springframework.beans.factory.support.DefaultListableBeanFactory - Eagerly caching bean 'repoProbeT' to allow for resolving potential circular references
16:02:12.087 [Test worker] DEBUG org.springframework.beans.factory.support.DefaultListableBeanFactory - Finished creating instance of bean 'repoProbeT'
16:02:12.087 [Test worker] DEBUG org.springframework.beans.factory.support.DefaultListableBeanFactory - Creating shared instance of singleton bean 'valParticipantiT'
16:02:12.087 [Test worker] DEBUG org.springframework.beans.factory.support.DefaultListableBeanFactory - Creating instance of bean 'valParticipantiT'
16:02:12.088 [Test worker] DEBUG org.springframework.beans.factory.support.DefaultListableBeanFactory - Eagerly caching bean 'valParticipantiT' to allow for resolving potential circular references
16:02:12.089 [Test worker] DEBUG org.springframework.beans.factory.support.DefaultListableBeanFactory - Creating shared instance of singleton bean 'repoParticipantiT'
16:02:12.089 [Test worker] DEBUG org.springframework.beans.factory.support.DefaultListableBeanFactory - Creating instance of bean 'repoParticipantiT'
16:02:12.089 [Test worker] DEBUG org.springframework.beans.factory.support.DefaultListableBeanFactory - Returning cached instance of singleton bean 'jdbcProps'
16:02:12.089 [Test worker] DEBUG org.springframework.beans.factory.support.DefaultListableBeanFactory - Returning cached instance of singleton bean 'repoProbeT'
16:02:12.089 [Test worker] DEBUG org.springframework.beans.factory.support.DefaultListableBeanFactory - Returning eagerly cached instance of singleton bean 'valParticipantiT' that is not fully initialized yet - a consequence of a circular reference
16:02:12.092 [Test worker] INFO  repository.RepoParticipanti - initializing RepoParticipanti with properties {mySql.url=jdbc:mysql://localhost:3306/contesttest, password=lasPalmeras18, mySql.jdbcDriver=com.mysql.cj.jdbc.Driver, user=root}
16:02:12.092 [Test worker] DEBUG org.springframework.beans.factory.support.DefaultListableBeanFactory - Eagerly caching bean 'repoParticipantiT' to allow for resolving potential circular references
16:02:12.092 [Test worker] DEBUG org.springframework.beans.factory.support.DefaultListableBeanFactory - Finished creating instance of bean 'repoParticipantiT'
16:02:12.093 [Test worker] TRACE org.springframework.beans.CachedIntrospectionResults - Getting BeanInfo for class [validator.ValParticipanti]
16:02:12.093 [Test worker] TRACE org.springframework.beans.CachedIntrospectionResults - Caching PropertyDescriptors for class [validator.ValParticipanti]
16:02:12.093 [Test worker] TRACE org.springframework.beans.CachedIntrospectionResults - Found bean property 'class' of type [java.lang.Class]
16:02:12.093 [Test worker] TRACE org.springframework.beans.CachedIntrospectionResults - Found bean property 'repoParticipanti' of type [repository.RepoParticipanti]
16:02:12.099 [Test worker] DEBUG org.springframework.beans.factory.support.DefaultListableBeanFactory - Finished creating instance of bean 'valParticipantiT'
16:02:12.099 [Test worker] DEBUG org.springframework.beans.factory.support.DefaultListableBeanFactory - Returning cached instance of singleton bean 'repoParticipantiT'
16:02:12.099 [Test worker] DEBUG org.springframework.beans.factory.support.DefaultListableBeanFactory - Creating shared instance of singleton bean 'valInscrieriT'
16:02:12.099 [Test worker] DEBUG org.springframework.beans.factory.support.DefaultListableBeanFactory - Creating instance of bean 'valInscrieriT'
16:02:12.099 [Test worker] DEBUG org.springframework.beans.factory.support.DefaultListableBeanFactory - Eagerly caching bean 'valInscrieriT' to allow for resolving potential circular references
16:02:12.100 [Test worker] DEBUG org.springframework.beans.factory.support.DefaultListableBeanFactory - Creating shared instance of singleton bean 'repoInscrieriT'
16:02:12.100 [Test worker] DEBUG org.springframework.beans.factory.support.DefaultListableBeanFactory - Creating instance of bean 'repoInscrieriT'
16:02:12.100 [Test worker] DEBUG org.springframework.beans.factory.support.DefaultListableBeanFactory - Returning cached instance of singleton bean 'jdbcProps'
16:02:12.100 [Test worker] DEBUG org.springframework.beans.factory.support.DefaultListableBeanFactory - Returning cached instance of singleton bean 'repoParticipantiT'
16:02:12.100 [Test worker] DEBUG org.springframework.beans.factory.support.DefaultListableBeanFactory - Returning cached instance of singleton bean 'repoProbeT'
16:02:12.100 [Test worker] DEBUG org.springframework.beans.factory.support.DefaultListableBeanFactory - Returning eagerly cached instance of singleton bean 'valInscrieriT' that is not fully initialized yet - a consequence of a circular reference
16:02:12.102 [Test worker] TRACE repository.RepoParticipanti - Enter initializing props with {mySql.url=jdbc:mysql://localhost:3306/contesttest, password=lasPalmeras18, mySql.jdbcDriver=com.mysql.cj.jdbc.Driver, user=root}
16:02:12.102 [Test worker] DEBUG org.springframework.beans.factory.support.DefaultListableBeanFactory - Eagerly caching bean 'repoInscrieriT' to allow for resolving potential circular references
16:02:12.103 [Test worker] DEBUG org.springframework.beans.factory.support.DefaultListableBeanFactory - Finished creating instance of bean 'repoInscrieriT'
16:02:12.103 [Test worker] TRACE org.springframework.beans.CachedIntrospectionResults - Getting BeanInfo for class [validator.ValInscriere]
16:02:12.103 [Test worker] TRACE org.springframework.beans.CachedIntrospectionResults - Caching PropertyDescriptors for class [validator.ValInscriere]
16:02:12.104 [Test worker] TRACE org.springframework.beans.CachedIntrospectionResults - Found bean property 'class' of type [java.lang.Class]
16:02:12.104 [Test worker] TRACE org.springframework.beans.CachedIntrospectionResults - Found bean property 'repoInscrieri' of type [repository.RepoInscrieri]
16:02:12.106 [Test worker] DEBUG org.springframework.beans.factory.support.DefaultListableBeanFactory - Finished creating instance of bean 'valInscrieriT'
16:02:12.106 [Test worker] DEBUG org.springframework.beans.factory.support.DefaultListableBeanFactory - Returning cached instance of singleton bean 'repoInscrieriT'
16:02:12.106 [Test worker] DEBUG org.springframework.beans.factory.support.DefaultListableBeanFactory - Creating shared instance of singleton bean 'serviceT'
16:02:12.106 [Test worker] DEBUG org.springframework.beans.factory.support.DefaultListableBeanFactory - Creating instance of bean 'serviceT'
16:02:12.107 [Test worker] DEBUG org.springframework.beans.factory.support.DefaultListableBeanFactory - Returning cached instance of singleton bean 'repoInscrieriT'
16:02:12.107 [Test worker] DEBUG org.springframework.beans.factory.support.DefaultListableBeanFactory - Returning cached instance of singleton bean 'repoCategT'
16:02:12.107 [Test worker] DEBUG org.springframework.beans.factory.support.DefaultListableBeanFactory - Returning cached instance of singleton bean 'repoParticipantiT'
16:02:12.107 [Test worker] DEBUG org.springframework.beans.factory.support.DefaultListableBeanFactory - Returning cached instance of singleton bean 'repoProbeT'
16:02:12.110 [Test worker] DEBUG org.springframework.beans.factory.support.DefaultListableBeanFactory - Eagerly caching bean 'serviceT' to allow for resolving potential circular references
16:02:12.110 [Test worker] DEBUG org.springframework.beans.factory.support.DefaultListableBeanFactory - Finished creating instance of bean 'serviceT'
16:02:12.110 [Test worker] DEBUG org.springframework.context.support.ClassPathXmlApplicationContext - Unable to locate LifecycleProcessor with name 'lifecycleProcessor': using default [org.springframework.context.support.DefaultLifecycleProcessor@53526015]
16:02:12.110 [Test worker] DEBUG org.springframework.beans.factory.support.DefaultListableBeanFactory - Returning cached instance of singleton bean 'lifecycleProcessor'
16:02:12.110 [Test worker] TRACE org.springframework.context.support.ClassPathXmlApplicationContext - Publishing event in org.springframework.context.support.ClassPathXmlApplicationContext@2285c91: org.springframework.context.event.ContextRefreshedEvent[source=org.springframework.context.support.ClassPathXmlApplicationContext@2285c91: startup date [Mon Mar 23 16:02:11 EET 2020]; root of context hierarchy]
16:02:12.110 [Test worker] TRACE org.springframework.core.env.PropertySourcesPropertyResolver - Searching for key 'spring.liveBeansView.mbeanDomain' in PropertySource 'systemProperties'
16:02:12.110 [Test worker] TRACE org.springframework.core.env.PropertySourcesPropertyResolver - Searching for key 'spring.liveBeansView.mbeanDomain' in PropertySource 'systemEnvironment'
16:02:12.110 [Test worker] DEBUG org.springframework.core.env.PropertySourcesPropertyResolver - Could not find key 'spring.liveBeansView.mbeanDomain' in any property source
16:02:12.110 [Test worker] DEBUG org.springframework.beans.factory.support.DefaultListableBeanFactory - Returning cached instance of singleton bean 'repoParticipantiT'
16:02:12.111 [Test worker] TRACE repository.RepoParticipanti - Enter adauga participat Participant{id=2, nume='Ionel', varsta=8}
16:02:12.111 [Test worker] TRACE validator.ValParticipanti - Enter valideaza participant Participant{id=2, nume='Ionel', varsta=8}
16:02:12.111 [Test worker] TRACE repository.RepoParticipanti - Enter cauta participant cu nume Ionel
16:02:12.189 [Test worker] TRACE repository.RepoParticipanti - Enter cauta participant cu nume Ionel
16:02:12.192 [Test worker] TRACE repository.RepoParticipanti - Enter getSize
16:02:12.607 [Test worker] TRACE repository.RepoParticipanti - Enter cauta participant cu nume Ionel
16:02:12.633 [Test worker] TRACE repository.RepoParticipanti - Enter sterge participant cu id 91
16:02:12.702 [Test worker] TRACE repository.RepoParticipanti - Enter getALl participanti test
16:02:12.702 [Test worker] DEBUG org.springframework.core.env.StandardEnvironment - Adding PropertySource 'systemProperties' with lowest search precedence
16:02:12.702 [Test worker] DEBUG org.springframework.core.env.StandardEnvironment - Adding PropertySource 'systemEnvironment' with lowest search precedence
16:02:12.703 [Test worker] DEBUG org.springframework.core.env.StandardEnvironment - Initialized StandardEnvironment with PropertySources [MapPropertySource@1530037148 {name='systemProperties', properties={sun.desktop=windows, awt.toolkit=sun.awt.windows.WToolkit, java.specification.version=11, sun.cpu.isalist=amd64, sun.jnu.encoding=Cp1252, org.gradle.test.worker=2, java.class.path=C:\\Users\\Flore\\.gradle\\caches\\5.2.1\\workerMain\\gradle-worker.jar;C:\\Users\\Flore\\Desktop\\info18\\MPP\\gitApps\\ContestApp\\build\\classes\\java\\test;C:\\Users\\Flore\\Desktop\\info18\\MPP\\gitApps\\ContestApp\\build\\resources\\test;C:\\Users\\Flore\\Desktop\\info18\\MPP\\gitApps\\ContestApp\\build\\classes\\java\\main;C:\\Users\\Flore\\Desktop\\info18\\MPP\\gitApps\\ContestApp\\build\\resources\\main;C:\\Users\\Flore\\.gradle\\caches\\modules-2\\files-2.1\\org.apache.logging.log4j\\log4j-core\\2.10.0\\c90b597163cd28ab6d9687edd53db601b6ea75a1\\log4j-core-2.10.0.jar;C:\\Users\\Flore\\.gradle\\caches\\modules-2\\files-2.1\\org.apache.logging.log4j\\log4j-api\\2.10.0\\fec5797a55b786184a537abd39c3fa1449d752d6\\log4j-api-2.10.0.jar;C:\\Users\\Flore\\.gradle\\caches\\modules-2\\files-2.1\\org.openjfx\\javafx\\11\\f5bf07162249920ce2807804016227a9719211ce\\javafx-11.pom;C:\\Users\\Flore\\.gradle\\caches\\modules-2\\files-2.1\\mysql\\mysql-connector-java\\8.0.16\\6088b7a25188ab4b3ab865422a8ec77ade29236\\mysql-connector-java-8.0.16.jar;C:\\Users\\Flore\\.gradle\\caches\\modules-2\\files-2.1\\org.springframework\\spring-context\\5.0.4.RELEASE\\3e76d08c851113077642c5704f0f94d5ce58e905\\spring-context-5.0.4.RELEASE.jar;C:\\Users\\Flore\\.gradle\\caches\\modules-2\\files-2.1\\org.openjfx\\javafx-fxml\\11.0.2\\b3242e4c031558574de2a1da685bb5fcdbb8a530\\javafx-fxml-11.0.2-win.jar;C:\\Users\\Flore\\.gradle\\caches\\modules-2\\files-2.1\\org.openjfx\\javafx-controls\\11.0.2\\6c763707769c18adce406904c771c2ad1fcc370b\\javafx-controls-11.0.2-win.jar;C:\\Users\\Flore\\.gradle\\caches\\modules-2\\files-2.1\\org.openjfx\\javafx-controls\\11.0.2\\4ab633cf1eea60f76e2ae9905aedac862da88b08\\javafx-controls-11.0.2.jar;C:\\Users\\Flore\\.gradle\\caches\\modules-2\\files-2.1\\org.openjfx\\javafx-graphics\\11.0.2\\20459ea2cf714942bcbeb78a7f70ba3531dc1a44\\javafx-graphics-11.0.2-win.jar;C:\\Users\\Flore\\.gradle\\caches\\modules-2\\files-2.1\\org.openjfx\\javafx-graphics\\11.0.2\\e522eb4ea422eceeee207b1c266ba3db19b2343a\\javafx-graphics-11.0.2.jar;C:\\Users\\Flore\\.gradle\\caches\\modules-2\\files-2.1\\org.openjfx\\javafx-base\\11.0.2\\1852e57b8cf9a9b6488c33605bccd5d06ff210e1\\javafx-base-11.0.2-win.jar;C:\\Users\\Flore\\.gradle\\caches\\modules-2\\files-2.1\\org.openjfx\\javafx-base\\11.0.2\\7fb2e4a8528ec9e434a9ac9ee98b39af79e6dcb8\\javafx-base-11.0.2.jar;C:\\Users\\Flore\\.gradle\\caches\\modules-2\\files-2.1\\junit\\junit\\4.12\\2973d150c0dc1fefe998f834810d68f278ea58ec\\junit-4.12.jar;C:\\Users\\Flore\\.gradle\\caches\\modules-2\\files-2.1\\com.google.protobuf\\protobuf-java\\3.6.1\\d06d46ecfd92ec6d0f3b423b4cd81cb38d8b924\\protobuf-java-3.6.1.jar;C:\\Users\\Flore\\.gradle\\caches\\modules-2\\files-2.1\\org.springframework\\spring-aop\\5.0.4.RELEASE\\f8e029e54c0267dadb6b9f713f3feb54ec4f3a0e\\spring-aop-5.0.4.RELEASE.jar;C:\\Users\\Flore\\.gradle\\caches\\modules-2\\files-2.1\\org.springframework\\spring-beans\\5.0.4.RELEASE\\7a8c3d48d4c33621e64d1399721d8e067450fcbd\\spring-beans-5.0.4.RELEASE.jar;C:\\Users\\Flore\\.gradle\\caches\\modules-2\\files-2.1\\org.springframework\\spring-expression\\5.0.4.RELEASE\\4bda161f2e34c1486f2527a23eb47293567f473c\\spring-expression-5.0.4.RELEASE.jar;C:\\Users\\Flore\\.gradle\\caches\\modules-2\\files-2.1\\org.springframework\\spring-core\\5.0.4.RELEASE\\2221a957b5561a34f044350ba4e30ef5870254a3\\spring-core-5.0.4.RELEASE.jar;C:\\Users\\Flore\\.gradle\\caches\\modules-2\\files-2.1\\org.hamcrest\\hamcrest-core\\1.3\\42a25dc3219429f0e5d060061f71acb49bf010a0\\hamcrest-core-1.3.jar;C:\\Users\\Flore\\.gradle\\caches\\modules-2\\files-2.1\\org.springframework\\spring-jcl\\5.0.4.RELEASE\\3053e2bad0a18571bdbb9596ce51f9d458f5934f\\spring-jcl-5.0.4.RELEASE.jar, java.vm.vendor=Oracle Corporation, sun.arch.data.model=64, user.variant=, java.vendor.url=http://java.oracle.com/, user.timezone=Europe/Athens, os.name=Windows 10, java.vm.specification.version=11, user.country=US, sun.java.launcher=SUN_STANDARD, sun.boot.library.path=C:\Program Files\Java\jdk-11.0.4\bin, sun.java.command=worker.org.gradle.process.internal.worker.GradleWorkerMain 'Gradle Test Executor 2', jdk.debug=release, sun.cpu.endian=little, user.home=C:\Users\Flore, user.language=en, java.specification.vendor=Oracle Corporation, org.gradle.native=false, java.version.date=2019-07-16, java.home=C:\Program Files\Java\jdk-11.0.4, file.separator=\, java.vm.compressedOopsMode=32-bit, line.separator=
, java.specification.name=Java Platform API Specification, java.vm.specification.vendor=Oracle Corporation, java.awt.graphicsenv=sun.awt.Win32GraphicsEnvironment, user.script=, sun.management.compiler=HotSpot 64-Bit Tiered Compilers, java.runtime.version=11.0.4+10-LTS, user.name=Flore, path.separator=;, os.version=10.0, java.runtime.name=Java(TM) SE Runtime Environment, file.encoding=windows-1252, java.vm.name=Java HotSpot(TM) 64-Bit Server VM, java.vendor.version=18.9, java.vendor.url.bug=http://bugreport.java.com/bugreport/, java.io.tmpdir=C:\Users\Flore\AppData\Local\Temp\, java.version=11.0.4, user.dir=C:\Users\Flore\Desktop\info18\MPP\gitApps\ContestApp, os.arch=amd64, java.vm.specification.name=Java Virtual Machine Specification, java.awt.printerjob=sun.awt.windows.WPrinterJob, sun.os.patch.level=, java.library.path=C:\Program Files\Java\jdk-11.0.4\bin;C:\WINDOWS\Sun\Java\bin;C:\WINDOWS\system32;C:\WINDOWS;C:\Program Files (x86)\Microsoft Visual Studio\Shared\Python37_64\Scripts\;C:\Program Files (x86)\Microsoft Visual Studio\Shared\Python37_64\;C:\Program Files\Python38\Scripts\;C:\Program Files\Python38\;C:\WINDOWS\system32;C:\WINDOWS;C:\WINDOWS\System32\Wbem;C:\WINDOWS\System32\WindowsPowerShell\v1.0\;C:\WINDOWS\System32\OpenSSH\;C:\Program Files (x86)\Smart Projects\IsoBuster;C:\Program Files\PuTTY\;C:\Program Files\Git\cmd;C:\Users\Flore\AppData\Roaming\nvm;C:\Program Files\nodejs;C:\Program Files\Microsoft SQL Server\Client SDK\ODBC\130\Tools\Binn\;C:\Program Files (x86)\Microsoft SQL Server\140\Tools\Binn\;C:\Program Files\Microsoft SQL Server\140\Tools\Binn\;C:\Program Files\Microsoft SQL Server\140\DTS\Binn\;C:\Program Files (x86)\Microsoft SQL Server\150\DTS\Binn\;C:\Program Files\Microsoft SQL Server\130\Tools\Binn\;C:\Program Files\Microsoft SQL Server\Client SDK\ODBC\170\Tools\Binn\;C:\Program Files\dotnet\;;C:\Users\Flore\AppData\Local\Programs\Microsoft VS Code\bin;C:\Program Files\JetBrains\PyCharm 2019.3.3\bin;;C:\Program Files\JetBrains\PyCharm Edu 2019.3.2\bin;;., java.vendor=Oracle Corporation, java.vm.info=mixed mode, java.vm.version=11.0.4+10-LTS, sun.io.unicode.encoding=UnicodeLittle, java.class.version=55.0}}, SystemEnvironmentPropertySource@1687382846 {name='systemEnvironment', properties={USERDOMAIN_ROAMINGPROFILE=DESKTOP-JGO467Q, NVM_SYMLINK=C:\Program Files\nodejs, PROCESSOR_LEVEL=6, SESSIONNAME=Console, ALLUSERSPROFILE=C:\ProgramData, PROCESSOR_ARCHITECTURE=AMD64, PSModulePath=C:\Program Files\WindowsPowerShell\Modules;C:\WINDOWS\system32\WindowsPowerShell\v1.0\Modules;C:\Program Files (x86)\Microsoft SQL Server\140\Tools\PowerShell\Modules\, SystemDrive=C:, USERNAME=Flore, ProgramFiles(x86)=C:\Program Files (x86), QtMsBuild=C:\Users\Flore\AppData\Local\QtMsBuild, FPS_BROWSER_USER_PROFILE_STRING=Default, PATHEXT=.COM;.EXE;.BAT;.CMD;.VBS;.VBE;.JS;.JSE;.WSF;.WSH;.MSC;.PY;.PYW, DriverData=C:\Windows\System32\Drivers\DriverData, ProgramData=C:\ProgramData, ProgramW6432=C:\Program Files, HOMEPATH=\Users\Flore, PROCESSOR_IDENTIFIER=Intel64 Family 6 Model 142 Stepping 9, GenuineIntel, ProgramFiles=C:\Program Files, PUBLIC=C:\Users\Public, VS160COMCOMNTOOLS=C:\Program Files (x86)\Microsoft Visual Studio\2019\Community\Common7\Tools\, windir=C:\WINDOWS, =::=::\, LOCALAPPDATA=C:\Users\Flore\AppData\Local, PyCharm Edu=C:\Program Files\JetBrains\PyCharm Edu 2019.3.2\bin;, USERDOMAIN=DESKTOP-JGO467Q, FPS_BROWSER_APP_PROFILE_STRING=Internet Explorer, LOGONSERVER=\\DESKTOP-JGO467Q, OneDrive=C:\Users\Flore\OneDrive, APPDATA=C:\Users\Flore\AppData\Roaming, VBOX_MSI_INSTALL_PATH=C:\Program Files\Oracle\VirtualBox\, CommonProgramFiles=C:\Program Files\Common Files, Path=C:\Program Files (x86)\Microsoft Visual Studio\Shared\Python37_64\Scripts\;C:\Program Files (x86)\Microsoft Visual Studio\Shared\Python37_64\;C:\Program Files\Python38\Scripts\;C:\Program Files\Python38\;C:\WINDOWS\system32;C:\WINDOWS;C:\WINDOWS\System32\Wbem;C:\WINDOWS\System32\WindowsPowerShell\v1.0\;C:\WINDOWS\System32\OpenSSH\;C:\Program Files (x86)\Smart Projects\IsoBuster;C:\Program Files\PuTTY\;C:\Program Files\Git\cmd;C:\Users\Flore\AppData\Roaming\nvm;C:\Program Files\nodejs;C:\Program Files\Microsoft SQL Server\Client SDK\ODBC\130\Tools\Binn\;C:\Program Files (x86)\Microsoft SQL Server\140\Tools\Binn\;C:\Program Files\Microsoft SQL Server\140\Tools\Binn\;C:\Program Files\Microsoft SQL Server\140\DTS\Binn\;C:\Program Files (x86)\Microsoft SQL Server\150\DTS\Binn\;C:\Program Files\Microsoft SQL Server\130\Tools\Binn\;C:\Program Files\Microsoft SQL Server\Client SDK\ODBC\170\Tools\Binn\;C:\Program Files\dotnet\;;C:\Users\Flore\AppData\Local\Programs\Microsoft VS Code\bin;C:\Program Files\JetBrains\PyCharm 2019.3.3\bin;;C:\Program Files\JetBrains\PyCharm Edu 2019.3.2\bin;, PyCharm=C:\Program Files\JetBrains\PyCharm 2019.3.3\bin;, OS=Windows_NT, COMPUTERNAME=DESKTOP-JGO467Q, NVM_HOME=C:\Users\Flore\AppData\Roaming\nvm, PROCESSOR_REVISION=8e09, CommonProgramW6432=C:\Program Files\Common Files, ComSpec=C:\WINDOWS\system32\cmd.exe, SystemRoot=C:\WINDOWS, TEMP=C:\Users\Flore\AppData\Local\Temp, HOMEDRIVE=C:, PT6HOME=C:\Program Files (x86)\Cisco Packet Tracer 6.2sv, USERPROFILE=C:\Users\Flore, TMP=C:\Users\Flore\AppData\Local\Temp, MYSQLCONNECTOR_ASSEMBLIESPATH=C:\Program Files (x86)\MySQL\Connector NET 8.0\Assemblies\v4.5.2, CommonProgramFiles(x86)=C:\Program Files (x86)\Common Files, NUMBER_OF_PROCESSORS=4, IDEA_INITIAL_DIRECTORY=C:\Users\Flore\Desktop}}]
16:02:12.703 [Test worker] INFO  org.springframework.context.support.ClassPathXmlApplicationContext - Refreshing org.springframework.context.support.ClassPathXmlApplicationContext@414298e4: startup date [Mon Mar 23 16:02:12 EET 2020]; root of context hierarchy
16:02:12.703 [Test worker] DEBUG org.springframework.core.env.StandardEnvironment - Adding PropertySource 'systemProperties' with lowest search precedence
16:02:12.703 [Test worker] DEBUG org.springframework.core.env.StandardEnvironment - Adding PropertySource 'systemEnvironment' with lowest search precedence
16:02:12.704 [Test worker] DEBUG org.springframework.core.env.StandardEnvironment - Initialized StandardEnvironment with PropertySources [MapPropertySource@1804186238 {name='systemProperties', properties={sun.desktop=windows, awt.toolkit=sun.awt.windows.WToolkit, java.specification.version=11, sun.cpu.isalist=amd64, sun.jnu.encoding=Cp1252, org.gradle.test.worker=2, java.class.path=C:\\Users\\Flore\\.gradle\\caches\\5.2.1\\workerMain\\gradle-worker.jar;C:\\Users\\Flore\\Desktop\\info18\\MPP\\gitApps\\ContestApp\\build\\classes\\java\\test;C:\\Users\\Flore\\Desktop\\info18\\MPP\\gitApps\\ContestApp\\build\\resources\\test;C:\\Users\\Flore\\Desktop\\info18\\MPP\\gitApps\\ContestApp\\build\\classes\\java\\main;C:\\Users\\Flore\\Desktop\\info18\\MPP\\gitApps\\ContestApp\\build\\resources\\main;C:\\Users\\Flore\\.gradle\\caches\\modules-2\\files-2.1\\org.apache.logging.log4j\\log4j-core\\2.10.0\\c90b597163cd28ab6d9687edd53db601b6ea75a1\\log4j-core-2.10.0.jar;C:\\Users\\Flore\\.gradle\\caches\\modules-2\\files-2.1\\org.apache.logging.log4j\\log4j-api\\2.10.0\\fec5797a55b786184a537abd39c3fa1449d752d6\\log4j-api-2.10.0.jar;C:\\Users\\Flore\\.gradle\\caches\\modules-2\\files-2.1\\org.openjfx\\javafx\\11\\f5bf07162249920ce2807804016227a9719211ce\\javafx-11.pom;C:\\Users\\Flore\\.gradle\\caches\\modules-2\\files-2.1\\mysql\\mysql-connector-java\\8.0.16\\6088b7a25188ab4b3ab865422a8ec77ade29236\\mysql-connector-java-8.0.16.jar;C:\\Users\\Flore\\.gradle\\caches\\modules-2\\files-2.1\\org.springframework\\spring-context\\5.0.4.RELEASE\\3e76d08c851113077642c5704f0f94d5ce58e905\\spring-context-5.0.4.RELEASE.jar;C:\\Users\\Flore\\.gradle\\caches\\modules-2\\files-2.1\\org.openjfx\\javafx-fxml\\11.0.2\\b3242e4c031558574de2a1da685bb5fcdbb8a530\\javafx-fxml-11.0.2-win.jar;C:\\Users\\Flore\\.gradle\\caches\\modules-2\\files-2.1\\org.openjfx\\javafx-controls\\11.0.2\\6c763707769c18adce406904c771c2ad1fcc370b\\javafx-controls-11.0.2-win.jar;C:\\Users\\Flore\\.gradle\\caches\\modules-2\\files-2.1\\org.openjfx\\javafx-controls\\11.0.2\\4ab633cf1eea60f76e2ae9905aedac862da88b08\\javafx-controls-11.0.2.jar;C:\\Users\\Flore\\.gradle\\caches\\modules-2\\files-2.1\\org.openjfx\\javafx-graphics\\11.0.2\\20459ea2cf714942bcbeb78a7f70ba3531dc1a44\\javafx-graphics-11.0.2-win.jar;C:\\Users\\Flore\\.gradle\\caches\\modules-2\\files-2.1\\org.openjfx\\javafx-graphics\\11.0.2\\e522eb4ea422eceeee207b1c266ba3db19b2343a\\javafx-graphics-11.0.2.jar;C:\\Users\\Flore\\.gradle\\caches\\modules-2\\files-2.1\\org.openjfx\\javafx-base\\11.0.2\\1852e57b8cf9a9b6488c33605bccd5d06ff210e1\\javafx-base-11.0.2-win.jar;C:\\Users\\Flore\\.gradle\\caches\\modules-2\\files-2.1\\org.openjfx\\javafx-base\\11.0.2\\7fb2e4a8528ec9e434a9ac9ee98b39af79e6dcb8\\javafx-base-11.0.2.jar;C:\\Users\\Flore\\.gradle\\caches\\modules-2\\files-2.1\\junit\\junit\\4.12\\2973d150c0dc1fefe998f834810d68f278ea58ec\\junit-4.12.jar;C:\\Users\\Flore\\.gradle\\caches\\modules-2\\files-2.1\\com.google.protobuf\\protobuf-java\\3.6.1\\d06d46ecfd92ec6d0f3b423b4cd81cb38d8b924\\protobuf-java-3.6.1.jar;C:\\Users\\Flore\\.gradle\\caches\\modules-2\\files-2.1\\org.springframework\\spring-aop\\5.0.4.RELEASE\\f8e029e54c0267dadb6b9f713f3feb54ec4f3a0e\\spring-aop-5.0.4.RELEASE.jar;C:\\Users\\Flore\\.gradle\\caches\\modules-2\\files-2.1\\org.springframework\\spring-beans\\5.0.4.RELEASE\\7a8c3d48d4c33621e64d1399721d8e067450fcbd\\spring-beans-5.0.4.RELEASE.jar;C:\\Users\\Flore\\.gradle\\caches\\modules-2\\files-2.1\\org.springframework\\spring-expression\\5.0.4.RELEASE\\4bda161f2e34c1486f2527a23eb47293567f473c\\spring-expression-5.0.4.RELEASE.jar;C:\\Users\\Flore\\.gradle\\caches\\modules-2\\files-2.1\\org.springframework\\spring-core\\5.0.4.RELEASE\\2221a957b5561a34f044350ba4e30ef5870254a3\\spring-core-5.0.4.RELEASE.jar;C:\\Users\\Flore\\.gradle\\caches\\modules-2\\files-2.1\\org.hamcrest\\hamcrest-core\\1.3\\42a25dc3219429f0e5d060061f71acb49bf010a0\\hamcrest-core-1.3.jar;C:\\Users\\Flore\\.gradle\\caches\\modules-2\\files-2.1\\org.springframework\\spring-jcl\\5.0.4.RELEASE\\3053e2bad0a18571bdbb9596ce51f9d458f5934f\\spring-jcl-5.0.4.RELEASE.jar, java.vm.vendor=Oracle Corporation, sun.arch.data.model=64, user.variant=, java.vendor.url=http://java.oracle.com/, user.timezone=Europe/Athens, os.name=Windows 10, java.vm.specification.version=11, user.country=US, sun.java.launcher=SUN_STANDARD, sun.boot.library.path=C:\Program Files\Java\jdk-11.0.4\bin, sun.java.command=worker.org.gradle.process.internal.worker.GradleWorkerMain 'Gradle Test Executor 2', jdk.debug=release, sun.cpu.endian=little, user.home=C:\Users\Flore, user.language=en, java.specification.vendor=Oracle Corporation, org.gradle.native=false, java.version.date=2019-07-16, java.home=C:\Program Files\Java\jdk-11.0.4, file.separator=\, java.vm.compressedOopsMode=32-bit, line.separator=
, java.specification.name=Java Platform API Specification, java.vm.specification.vendor=Oracle Corporation, java.awt.graphicsenv=sun.awt.Win32GraphicsEnvironment, user.script=, sun.management.compiler=HotSpot 64-Bit Tiered Compilers, java.runtime.version=11.0.4+10-LTS, user.name=Flore, path.separator=;, os.version=10.0, java.runtime.name=Java(TM) SE Runtime Environment, file.encoding=windows-1252, java.vm.name=Java HotSpot(TM) 64-Bit Server VM, java.vendor.version=18.9, java.vendor.url.bug=http://bugreport.java.com/bugreport/, java.io.tmpdir=C:\Users\Flore\AppData\Local\Temp\, java.version=11.0.4, user.dir=C:\Users\Flore\Desktop\info18\MPP\gitApps\ContestApp, os.arch=amd64, java.vm.specification.name=Java Virtual Machine Specification, java.awt.printerjob=sun.awt.windows.WPrinterJob, sun.os.patch.level=, java.library.path=C:\Program Files\Java\jdk-11.0.4\bin;C:\WINDOWS\Sun\Java\bin;C:\WINDOWS\system32;C:\WINDOWS;C:\Program Files (x86)\Microsoft Visual Studio\Shared\Python37_64\Scripts\;C:\Program Files (x86)\Microsoft Visual Studio\Shared\Python37_64\;C:\Program Files\Python38\Scripts\;C:\Program Files\Python38\;C:\WINDOWS\system32;C:\WINDOWS;C:\WINDOWS\System32\Wbem;C:\WINDOWS\System32\WindowsPowerShell\v1.0\;C:\WINDOWS\System32\OpenSSH\;C:\Program Files (x86)\Smart Projects\IsoBuster;C:\Program Files\PuTTY\;C:\Program Files\Git\cmd;C:\Users\Flore\AppData\Roaming\nvm;C:\Program Files\nodejs;C:\Program Files\Microsoft SQL Server\Client SDK\ODBC\130\Tools\Binn\;C:\Program Files (x86)\Microsoft SQL Server\140\Tools\Binn\;C:\Program Files\Microsoft SQL Server\140\Tools\Binn\;C:\Program Files\Microsoft SQL Server\140\DTS\Binn\;C:\Program Files (x86)\Microsoft SQL Server\150\DTS\Binn\;C:\Program Files\Microsoft SQL Server\130\Tools\Binn\;C:\Program Files\Microsoft SQL Server\Client SDK\ODBC\170\Tools\Binn\;C:\Program Files\dotnet\;;C:\Users\Flore\AppData\Local\Programs\Microsoft VS Code\bin;C:\Program Files\JetBrains\PyCharm 2019.3.3\bin;;C:\Program Files\JetBrains\PyCharm Edu 2019.3.2\bin;;., java.vendor=Oracle Corporation, java.vm.info=mixed mode, java.vm.version=11.0.4+10-LTS, sun.io.unicode.encoding=UnicodeLittle, java.class.version=55.0}}, SystemEnvironmentPropertySource@1046057555 {name='systemEnvironment', properties={USERDOMAIN_ROAMINGPROFILE=DESKTOP-JGO467Q, NVM_SYMLINK=C:\Program Files\nodejs, PROCESSOR_LEVEL=6, SESSIONNAME=Console, ALLUSERSPROFILE=C:\ProgramData, PROCESSOR_ARCHITECTURE=AMD64, PSModulePath=C:\Program Files\WindowsPowerShell\Modules;C:\WINDOWS\system32\WindowsPowerShell\v1.0\Modules;C:\Program Files (x86)\Microsoft SQL Server\140\Tools\PowerShell\Modules\, SystemDrive=C:, USERNAME=Flore, ProgramFiles(x86)=C:\Program Files (x86), QtMsBuild=C:\Users\Flore\AppData\Local\QtMsBuild, FPS_BROWSER_USER_PROFILE_STRING=Default, PATHEXT=.COM;.EXE;.BAT;.CMD;.VBS;.VBE;.JS;.JSE;.WSF;.WSH;.MSC;.PY;.PYW, DriverData=C:\Windows\System32\Drivers\DriverData, ProgramData=C:\ProgramData, ProgramW6432=C:\Program Files, HOMEPATH=\Users\Flore, PROCESSOR_IDENTIFIER=Intel64 Family 6 Model 142 Stepping 9, GenuineIntel, ProgramFiles=C:\Program Files, PUBLIC=C:\Users\Public, VS160COMCOMNTOOLS=C:\Program Files (x86)\Microsoft Visual Studio\2019\Community\Common7\Tools\, windir=C:\WINDOWS, =::=::\, LOCALAPPDATA=C:\Users\Flore\AppData\Local, PyCharm Edu=C:\Program Files\JetBrains\PyCharm Edu 2019.3.2\bin;, USERDOMAIN=DESKTOP-JGO467Q, FPS_BROWSER_APP_PROFILE_STRING=Internet Explorer, LOGONSERVER=\\DESKTOP-JGO467Q, OneDrive=C:\Users\Flore\OneDrive, APPDATA=C:\Users\Flore\AppData\Roaming, VBOX_MSI_INSTALL_PATH=C:\Program Files\Oracle\VirtualBox\, CommonProgramFiles=C:\Program Files\Common Files, Path=C:\Program Files (x86)\Microsoft Visual Studio\Shared\Python37_64\Scripts\;C:\Program Files (x86)\Microsoft Visual Studio\Shared\Python37_64\;C:\Program Files\Python38\Scripts\;C:\Program Files\Python38\;C:\WINDOWS\system32;C:\WINDOWS;C:\WINDOWS\System32\Wbem;C:\WINDOWS\System32\WindowsPowerShell\v1.0\;C:\WINDOWS\System32\OpenSSH\;C:\Program Files (x86)\Smart Projects\IsoBuster;C:\Program Files\PuTTY\;C:\Program Files\Git\cmd;C:\Users\Flore\AppData\Roaming\nvm;C:\Program Files\nodejs;C:\Program Files\Microsoft SQL Server\Client SDK\ODBC\130\Tools\Binn\;C:\Program Files (x86)\Microsoft SQL Server\140\Tools\Binn\;C:\Program Files\Microsoft SQL Server\140\Tools\Binn\;C:\Program Files\Microsoft SQL Server\140\DTS\Binn\;C:\Program Files (x86)\Microsoft SQL Server\150\DTS\Binn\;C:\Program Files\Microsoft SQL Server\130\Tools\Binn\;C:\Program Files\Microsoft SQL Server\Client SDK\ODBC\170\Tools\Binn\;C:\Program Files\dotnet\;;C:\Users\Flore\AppData\Local\Programs\Microsoft VS Code\bin;C:\Program Files\JetBrains\PyCharm 2019.3.3\bin;;C:\Program Files\JetBrains\PyCharm Edu 2019.3.2\bin;, PyCharm=C:\Program Files\JetBrains\PyCharm 2019.3.3\bin;, OS=Windows_NT, COMPUTERNAME=DESKTOP-JGO467Q, NVM_HOME=C:\Users\Flore\AppData\Roaming\nvm, PROCESSOR_REVISION=8e09, CommonProgramW6432=C:\Program Files\Common Files, ComSpec=C:\WINDOWS\system32\cmd.exe, SystemRoot=C:\WINDOWS, TEMP=C:\Users\Flore\AppData\Local\Temp, HOMEDRIVE=C:, PT6HOME=C:\Program Files (x86)\Cisco Packet Tracer 6.2sv, USERPROFILE=C:\Users\Flore, TMP=C:\Users\Flore\AppData\Local\Temp, MYSQLCONNECTOR_ASSEMBLIESPATH=C:\Program Files (x86)\MySQL\Connector NET 8.0\Assemblies\v4.5.2, CommonProgramFiles(x86)=C:\Program Files (x86)\Common Files, NUMBER_OF_PROCESSORS=4, IDEA_INITIAL_DIRECTORY=C:\Users\Flore\Desktop}}]
16:02:12.704 [Test worker] INFO  org.springframework.beans.factory.xml.XmlBeanDefinitionReader - Loading XML bean definitions from class path resource [springConfigTest.xml]
16:02:12.706 [Test worker] DEBUG org.springframework.beans.factory.xml.DefaultDocumentLoader - Using JAXP provider [com.sun.org.apache.xerces.internal.jaxp.DocumentBuilderFactoryImpl]
16:02:12.708 [Test worker] TRACE org.springframework.beans.factory.xml.PluggableSchemaResolver - Trying to resolve XML entity with public id [null] and system id [http://www.springframework.org/schema/beans/spring-beans.xsd]
16:02:12.708 [Test worker] DEBUG org.springframework.beans.factory.xml.PluggableSchemaResolver - Loading schema mappings from [META-INF/spring.schemas]
16:02:12.710 [Test worker] DEBUG org.springframework.beans.factory.xml.PluggableSchemaResolver - Loaded schema mappings: {http://www.springframework.org/schema/context/spring-context-3.2.xsd=org/springframework/context/config/spring-context.xsd, http://www.springframework.org/schema/cache/spring-cache-4.3.xsd=org/springframework/cache/config/spring-cache.xsd, http://www.springframework.org/schema/beans/spring-beans-4.0.xsd=org/springframework/beans/factory/xml/spring-beans.xsd, http://www.springframework.org/schema/context/spring-context-2.5.xsd=org/springframework/context/config/spring-context.xsd, http://www.springframework.org/schema/context/spring-context-4.0.xsd=org/springframework/context/config/spring-context.xsd, http://www.springframework.org/schema/util/spring-util-4.3.xsd=org/springframework/beans/factory/xml/spring-util.xsd, http://www.springframework.org/schema/jee/spring-jee-2.0.xsd=org/springframework/ejb/config/spring-jee.xsd, http://www.springframework.org/schema/aop/spring-aop-2.0.xsd=org/springframework/aop/config/spring-aop.xsd, http://www.springframework.org/schema/tool/spring-tool-4.3.xsd=org/springframework/beans/factory/xml/spring-tool.xsd, http://www.springframework.org/schema/util/spring-util-2.0.xsd=org/springframework/beans/factory/xml/spring-util.xsd, http://www.springframework.org/schema/cache/spring-cache-4.2.xsd=org/springframework/cache/config/spring-cache.xsd, http://www.springframework.org/schema/context/spring-context-3.1.xsd=org/springframework/context/config/spring-context.xsd, http://www.springframework.org/schema/tool/spring-tool-2.0.xsd=org/springframework/beans/factory/xml/spring-tool.xsd, http://www.springframework.org/schema/tool/spring-tool.xsd=org/springframework/beans/factory/xml/spring-tool.xsd, http://www.springframework.org/schema/beans/spring-beans-3.2.xsd=org/springframework/beans/factory/xml/spring-beans.xsd, http://www.springframework.org/schema/util/spring-util-4.2.xsd=org/springframework/beans/factory/xml/spring-util.xsd, http://www.springframework.org/schema/beans/spring-beans-2.5.xsd=org/springframework/beans/factory/xml/spring-beans.xsd, http://www.springframework.org/schema/beans/spring-beans.xsd=org/springframework/beans/factory/xml/spring-beans.xsd, http://www.springframework.org/schema/tool/spring-tool-4.0.xsd=org/springframework/beans/factory/xml/spring-tool.xsd, http://www.springframework.org/schema/util/spring-util-4.1.xsd=org/springframework/beans/factory/xml/spring-util.xsd, http://www.springframework.org/schema/beans/spring-beans-4.2.xsd=org/springframework/beans/factory/xml/spring-beans.xsd, http://www.springframework.org/schema/context/spring-context-4.2.xsd=org/springframework/context/config/spring-context.xsd, http://www.springframework.org/schema/cache/spring-cache-4.1.xsd=org/springframework/cache/config/spring-cache.xsd, http://www.springframework.org/schema/lang/spring-lang-3.0.xsd=org/springframework/scripting/config/spring-lang.xsd, http://www.springframework.org/schema/jee/spring-jee-4.3.xsd=org/springframework/ejb/config/spring-jee.xsd, http://www.springframework.org/schema/aop/spring-aop-4.3.xsd=org/springframework/aop/config/spring-aop.xsd, http://www.springframework.org/schema/beans/spring-beans-4.3.xsd=org/springframework/beans/factory/xml/spring-beans.xsd, http://www.springframework.org/schema/tool/spring-tool-4.1.xsd=org/springframework/beans/factory/xml/spring-tool.xsd, http://www.springframework.org/schema/task/spring-task-4.3.xsd=org/springframework/scheduling/config/spring-task.xsd, http://www.springframework.org/schema/util/spring-util-4.0.xsd=org/springframework/beans/factory/xml/spring-util.xsd, http://www.springframework.org/schema/beans/spring-beans-4.1.xsd=org/springframework/beans/factory/xml/spring-beans.xsd, http://www.springframework.org/schema/lang/spring-lang.xsd=org/springframework/scripting/config/spring-lang.xsd, http://www.springframework.org/schema/cache/spring-cache-4.0.xsd=org/springframework/cache/config/spring-cache.xsd, http://www.springframework.org/schema/context/spring-context-4.1.xsd=org/springframework/context/config/spring-context.xsd, http://www.springframework.org/schema/aop/spring-aop-4.2.xsd=org/springframework/aop/config/spring-aop.xsd, http://www.springframework.org/schema/tool/spring-tool-4.2.xsd=org/springframework/beans/factory/xml/spring-tool.xsd, http://www.springframework.org/schema/util/spring-util-2.5.xsd=org/springframework/beans/factory/xml/spring-util.xsd, http://www.springframework.org/schema/jee/spring-jee-4.2.xsd=org/springframework/ejb/config/spring-jee.xsd, http://www.springframework.org/schema/lang/spring-lang-3.1.xsd=org/springframework/scripting/config/spring-lang.xsd, http://www.springframework.org/schema/task/spring-task.xsd=org/springframework/scheduling/config/spring-task.xsd, http://www.springframework.org/schema/task/spring-task-4.2.xsd=org/springframework/scheduling/config/spring-task.xsd, http://www.springframework.org/schema/aop/spring-aop.xsd=org/springframework/aop/config/spring-aop.xsd, http://www.springframework.org/schema/lang/spring-lang-4.0.xsd=org/springframework/scripting/config/spring-lang.xsd, http://www.springframework.org/schema/beans/spring-beans-2.0.xsd=org/springframework/beans/factory/xml/spring-beans.xsd, http://www.springframework.org/schema/task/spring-task-4.1.xsd=org/springframework/scheduling/config/spring-task.xsd, http://www.springframework.org/schema/tool/spring-tool-3.1.xsd=org/springframework/beans/factory/xml/spring-tool.xsd, http://www.springframework.org/schema/util/spring-util-3.2.xsd=org/springframework/beans/factory/xml/spring-util.xsd, http://www.springframework.org/schema/jee/spring-jee-4.1.xsd=org/springframework/ejb/config/spring-jee.xsd, http://www.springframework.org/schema/lang/spring-lang-3.2.xsd=org/springframework/scripting/config/spring-lang.xsd, http://www.springframework.org/schema/cache/spring-cache-3.2.xsd=org/springframework/cache/config/spring-cache.xsd, http://www.springframework.org/schema/aop/spring-aop-4.1.xsd=org/springframework/aop/config/spring-aop.xsd, http://www.springframework.org/schema/util/spring-util.xsd=org/springframework/beans/factory/xml/spring-util.xsd, http://www.springframework.org/schema/jee/spring-jee-3.2.xsd=org/springframework/ejb/config/spring-jee.xsd, http://www.springframework.org/schema/util/spring-util-3.0.xsd=org/springframework/beans/factory/xml/spring-util.xsd, http://www.springframework.org/schema/lang/spring-lang-4.1.xsd=org/springframework/scripting/config/spring-lang.xsd, http://www.springframework.org/schema/aop/spring-aop-3.2.xsd=org/springframework/aop/config/spring-aop.xsd, http://www.springframework.org/schema/tool/spring-tool-3.2.xsd=org/springframework/beans/factory/xml/spring-tool.xsd, http://www.springframework.org/schema/context/spring-context-4.3.xsd=org/springframework/context/config/spring-context.xsd, http://www.springframework.org/schema/lang/spring-lang-2.5.xsd=org/springframework/scripting/config/spring-lang.xsd, http://www.springframework.org/schema/jee/spring-jee.xsd=org/springframework/ejb/config/spring-jee.xsd, http://www.springframework.org/schema/util/spring-util-3.1.xsd=org/springframework/beans/factory/xml/spring-util.xsd, http://www.springframework.org/schema/jee/spring-jee-2.5.xsd=org/springframework/ejb/config/spring-jee.xsd, http://www.springframework.org/schema/task/spring-task-4.0.xsd=org/springframework/scheduling/config/spring-task.xsd, http://www.springframework.org/schema/aop/spring-aop-2.5.xsd=org/springframework/aop/config/spring-aop.xsd, http://www.springframework.org/schema/context/spring-context.xsd=org/springframework/context/config/spring-context.xsd, http://www.springframework.org/schema/cache/spring-cache-3.1.xsd=org/springframework/cache/config/spring-cache.xsd, http://www.springframework.org/schema/aop/spring-aop-4.0.xsd=org/springframework/aop/config/spring-aop.xsd, http://www.springframework.org/schema/jee/spring-jee-4.0.xsd=org/springframework/ejb/config/spring-jee.xsd, http://www.springframework.org/schema/tool/spring-tool-2.5.xsd=org/springframework/beans/factory/xml/spring-tool.xsd, http://www.springframework.org/schema/task/spring-task-3.2.xsd=org/springframework/scheduling/config/spring-task.xsd, http://www.springframework.org/schema/beans/spring-beans-3.0.xsd=org/springframework/beans/factory/xml/spring-beans.xsd, http://www.springframework.org/schema/jee/spring-jee-3.0.xsd=org/springframework/ejb/config/spring-jee.xsd, http://www.springframework.org/schema/aop/spring-aop-3.1.xsd=org/springframework/aop/config/spring-aop.xsd, http://www.springframework.org/schema/jee/spring-jee-3.1.xsd=org/springframework/ejb/config/spring-jee.xsd, http://www.springframework.org/schema/lang/spring-lang-4.3.xsd=org/springframework/scripting/config/spring-lang.xsd, http://www.springframework.org/schema/aop/spring-aop-3.0.xsd=org/springframework/aop/config/spring-aop.xsd, http://www.springframework.org/schema/beans/spring-beans-3.1.xsd=org/springframework/beans/factory/xml/spring-beans.xsd, http://www.springframework.org/schema/lang/spring-lang-2.0.xsd=org/springframework/scripting/config/spring-lang.xsd, http://www.springframework.org/schema/task/spring-task-3.1.xsd=org/springframework/scheduling/config/spring-task.xsd, http://www.springframework.org/schema/lang/spring-lang-4.2.xsd=org/springframework/scripting/config/spring-lang.xsd, http://www.springframework.org/schema/tool/spring-tool-3.0.xsd=org/springframework/beans/factory/xml/spring-tool.xsd, http://www.springframework.org/schema/task/spring-task-3.0.xsd=org/springframework/scheduling/config/spring-task.xsd, http://www.springframework.org/schema/context/spring-context-3.0.xsd=org/springframework/context/config/spring-context.xsd, http://www.springframework.org/schema/cache/spring-cache.xsd=org/springframework/cache/config/spring-cache.xsd}
16:02:12.711 [Test worker] DEBUG org.springframework.beans.factory.xml.PluggableSchemaResolver - Found XML schema [http://www.springframework.org/schema/beans/spring-beans.xsd] in classpath: org/springframework/beans/factory/xml/spring-beans.xsd
16:02:12.720 [Test worker] TRACE org.springframework.beans.factory.xml.PluggableSchemaResolver - Trying to resolve XML entity with public id [null] and system id [http://www.springframework.org/schema/util/spring-util.xsd]
16:02:12.720 [Test worker] DEBUG org.springframework.beans.factory.xml.PluggableSchemaResolver - Found XML schema [http://www.springframework.org/schema/util/spring-util.xsd] in classpath: org/springframework/beans/factory/xml/spring-util.xsd
16:02:12.722 [Test worker] TRACE org.springframework.beans.factory.xml.PluggableSchemaResolver - Trying to resolve XML entity with public id [null] and system id [http://www.springframework.org/schema/tool/spring-tool.xsd]
16:02:12.723 [Test worker] DEBUG org.springframework.beans.factory.xml.PluggableSchemaResolver - Found XML schema [http://www.springframework.org/schema/tool/spring-tool.xsd] in classpath: org/springframework/beans/factory/xml/spring-tool.xsd
16:02:12.727 [Test worker] DEBUG org.springframework.beans.factory.xml.DefaultBeanDefinitionDocumentReader - Loading bean definitions
16:02:12.731 [Test worker] DEBUG org.springframework.beans.factory.xml.DefaultNamespaceHandlerResolver - Loaded NamespaceHandler mappings: {http://www.springframework.org/schema/aop=org.springframework.aop.config.AopNamespaceHandler, http://www.springframework.org/schema/cache=org.springframework.cache.config.CacheNamespaceHandler, http://www.springframework.org/schema/task=org.springframework.scheduling.config.TaskNamespaceHandler, http://www.springframework.org/schema/p=org.springframework.beans.factory.xml.SimplePropertyNamespaceHandler, http://www.springframework.org/schema/lang=org.springframework.scripting.config.LangNamespaceHandler, http://www.springframework.org/schema/util=org.springframework.beans.factory.xml.UtilNamespaceHandler, http://www.springframework.org/schema/c=org.springframework.beans.factory.xml.SimpleConstructorNamespaceHandler, http://www.springframework.org/schema/context=org.springframework.context.config.ContextNamespaceHandler, http://www.springframework.org/schema/jee=org.springframework.ejb.config.JeeNamespaceHandler}
16:02:12.732 [Test worker] DEBUG org.springframework.beans.factory.xml.XmlBeanDefinitionReader - Loaded 8 bean definitions from location pattern [classpath:springConfigTest.xml]
16:02:12.732 [Test worker] DEBUG org.springframework.context.support.ClassPathXmlApplicationContext - Bean factory for org.springframework.context.support.ClassPathXmlApplicationContext@414298e4: org.springframework.beans.factory.support.DefaultListableBeanFactory@759fd8d5: defining beans [jdbcProps,repoCategT,repoProbeT,valParticipantiT,repoParticipantiT,valInscrieriT,repoInscrieriT,serviceT]; root of factory hierarchy
16:02:12.733 [Test worker] DEBUG org.springframework.context.support.ClassPathXmlApplicationContext - Unable to locate MessageSource with name 'messageSource': using default [org.springframework.context.support.DelegatingMessageSource@1ee83810]
16:02:12.733 [Test worker] DEBUG org.springframework.context.support.ClassPathXmlApplicationContext - Unable to locate ApplicationEventMulticaster with name 'applicationEventMulticaster': using default [org.springframework.context.event.SimpleApplicationEventMulticaster@44d3233a]
16:02:12.733 [Test worker] DEBUG org.springframework.beans.factory.support.DefaultListableBeanFactory - Pre-instantiating singletons in org.springframework.beans.factory.support.DefaultListableBeanFactory@759fd8d5: defining beans [jdbcProps,repoCategT,repoProbeT,valParticipantiT,repoParticipantiT,valInscrieriT,repoInscrieriT,serviceT]; root of factory hierarchy
16:02:12.733 [Test worker] DEBUG org.springframework.beans.factory.support.DefaultListableBeanFactory - Creating shared instance of singleton bean 'jdbcProps'
16:02:12.733 [Test worker] DEBUG org.springframework.beans.factory.support.DefaultListableBeanFactory - Creating instance of bean 'jdbcProps'
16:02:12.734 [Test worker] DEBUG org.springframework.beans.factory.support.DefaultListableBeanFactory - Eagerly caching bean 'jdbcProps' to allow for resolving potential circular references
16:02:12.734 [Test worker] TRACE org.springframework.beans.CachedIntrospectionResults - Getting BeanInfo for class [org.springframework.beans.factory.config.PropertiesFactoryBean]
16:02:12.734 [Test worker] TRACE org.springframework.beans.CachedIntrospectionResults - Caching PropertyDescriptors for class [org.springframework.beans.factory.config.PropertiesFactoryBean]
16:02:12.734 [Test worker] TRACE org.springframework.beans.CachedIntrospectionResults - Found bean property 'class' of type [java.lang.Class]
16:02:12.734 [Test worker] TRACE org.springframework.beans.CachedIntrospectionResults - Found bean property 'fileEncoding' of type [java.lang.String]
16:02:12.734 [Test worker] TRACE org.springframework.beans.CachedIntrospectionResults - Found bean property 'ignoreResourceNotFound' of type [boolean]
16:02:12.734 [Test worker] TRACE org.springframework.beans.CachedIntrospectionResults - Found bean property 'localOverride' of type [boolean]
16:02:12.734 [Test worker] TRACE org.springframework.beans.CachedIntrospectionResults - Found bean property 'location' of type [org.springframework.core.io.Resource]
16:02:12.734 [Test worker] TRACE org.springframework.beans.CachedIntrospectionResults - Found bean property 'locations' of type [[Lorg.springframework.core.io.Resource;]
16:02:12.734 [Test worker] TRACE org.springframework.beans.CachedIntrospectionResults - Found bean property 'object' of type [java.util.Properties]
16:02:12.734 [Test worker] TRACE org.springframework.beans.CachedIntrospectionResults - Found bean property 'objectType' of type [java.lang.Class]
16:02:12.734 [Test worker] TRACE org.springframework.beans.CachedIntrospectionResults - Found bean property 'properties' of type [java.util.Properties]
16:02:12.734 [Test worker] TRACE org.springframework.beans.CachedIntrospectionResults - Found bean property 'propertiesArray' of type [[Ljava.util.Properties;]
16:02:12.734 [Test worker] TRACE org.springframework.beans.CachedIntrospectionResults - Found bean property 'propertiesPersister' of type [org.springframework.util.PropertiesPersister]
16:02:12.734 [Test worker] TRACE org.springframework.beans.CachedIntrospectionResults - Found bean property 'singleton' of type [boolean]
16:02:12.742 [Test worker] DEBUG org.springframework.beans.factory.support.DefaultListableBeanFactory - Invoking afterPropertiesSet() on bean with name 'jdbcProps'
16:02:12.742 [Test worker] DEBUG org.springframework.beans.factory.config.PropertiesFactoryBean - Loading properties file from class path resource [configTest.properties]
16:02:12.743 [Test worker] DEBUG org.springframework.beans.factory.support.DefaultListableBeanFactory - Finished creating instance of bean 'jdbcProps'
16:02:12.743 [Test worker] DEBUG org.springframework.beans.factory.support.DefaultListableBeanFactory - Creating shared instance of singleton bean 'repoCategT'
16:02:12.743 [Test worker] DEBUG org.springframework.beans.factory.support.DefaultListableBeanFactory - Creating instance of bean 'repoCategT'
16:02:12.743 [Test worker] DEBUG org.springframework.beans.factory.support.DefaultListableBeanFactory - Returning cached instance of singleton bean 'jdbcProps'
16:02:12.744 [Test worker] TRACE repository.RepoCategVarsta - Enter initializing properties with {mySql.url=jdbc:mysql://localhost:3306/contesttest, password=lasPalmeras18, mySql.jdbcDriver=com.mysql.cj.jdbc.Driver, user=root}
16:02:12.745 [Test worker] DEBUG org.springframework.beans.factory.support.DefaultListableBeanFactory - Eagerly caching bean 'repoCategT' to allow for resolving potential circular references
16:02:12.745 [Test worker] DEBUG org.springframework.beans.factory.support.DefaultListableBeanFactory - Finished creating instance of bean 'repoCategT'
16:02:12.745 [Test worker] DEBUG org.springframework.beans.factory.support.DefaultListableBeanFactory - Creating shared instance of singleton bean 'repoProbeT'
16:02:12.745 [Test worker] DEBUG org.springframework.beans.factory.support.DefaultListableBeanFactory - Creating instance of bean 'repoProbeT'
16:02:12.745 [Test worker] DEBUG org.springframework.beans.factory.support.DefaultListableBeanFactory - Returning cached instance of singleton bean 'jdbcProps'
16:02:12.745 [Test worker] DEBUG org.springframework.beans.factory.support.DefaultListableBeanFactory - Returning cached instance of singleton bean 'repoCategT'
16:02:12.747 [Test worker] INFO  repository.RepoProbe - initializing RepoParticipanti with properties {mySql.url=jdbc:mysql://localhost:3306/contesttest, password=lasPalmeras18, mySql.jdbcDriver=com.mysql.cj.jdbc.Driver, user=root}
16:02:12.748 [Test worker] DEBUG org.springframework.beans.factory.support.DefaultListableBeanFactory - Eagerly caching bean 'repoProbeT' to allow for resolving potential circular references
16:02:12.748 [Test worker] DEBUG org.springframework.beans.factory.support.DefaultListableBeanFactory - Finished creating instance of bean 'repoProbeT'
16:02:12.748 [Test worker] DEBUG org.springframework.beans.factory.support.DefaultListableBeanFactory - Creating shared instance of singleton bean 'valParticipantiT'
16:02:12.748 [Test worker] DEBUG org.springframework.beans.factory.support.DefaultListableBeanFactory - Creating instance of bean 'valParticipantiT'
16:02:12.748 [Test worker] DEBUG org.springframework.beans.factory.support.DefaultListableBeanFactory - Eagerly caching bean 'valParticipantiT' to allow for resolving potential circular references
16:02:12.748 [Test worker] DEBUG org.springframework.beans.factory.support.DefaultListableBeanFactory - Creating shared instance of singleton bean 'repoParticipantiT'
16:02:12.748 [Test worker] DEBUG org.springframework.beans.factory.support.DefaultListableBeanFactory - Creating instance of bean 'repoParticipantiT'
16:02:12.748 [Test worker] DEBUG org.springframework.beans.factory.support.DefaultListableBeanFactory - Returning cached instance of singleton bean 'jdbcProps'
16:02:12.748 [Test worker] DEBUG org.springframework.beans.factory.support.DefaultListableBeanFactory - Returning cached instance of singleton bean 'repoProbeT'
16:02:12.748 [Test worker] DEBUG org.springframework.beans.factory.support.DefaultListableBeanFactory - Returning eagerly cached instance of singleton bean 'valParticipantiT' that is not fully initialized yet - a consequence of a circular reference
16:02:12.750 [Test worker] INFO  repository.RepoParticipanti - initializing RepoParticipanti with properties {mySql.url=jdbc:mysql://localhost:3306/contesttest, password=lasPalmeras18, mySql.jdbcDriver=com.mysql.cj.jdbc.Driver, user=root}
16:02:12.750 [Test worker] DEBUG org.springframework.beans.factory.support.DefaultListableBeanFactory - Eagerly caching bean 'repoParticipantiT' to allow for resolving potential circular references
16:02:12.750 [Test worker] DEBUG org.springframework.beans.factory.support.DefaultListableBeanFactory - Finished creating instance of bean 'repoParticipantiT'
16:02:12.750 [Test worker] TRACE org.springframework.beans.CachedIntrospectionResults - Getting BeanInfo for class [validator.ValParticipanti]
16:02:12.750 [Test worker] TRACE org.springframework.beans.CachedIntrospectionResults - Caching PropertyDescriptors for class [validator.ValParticipanti]
16:02:12.750 [Test worker] TRACE org.springframework.beans.CachedIntrospectionResults - Found bean property 'class' of type [java.lang.Class]
16:02:12.750 [Test worker] TRACE org.springframework.beans.CachedIntrospectionResults - Found bean property 'repoParticipanti' of type [repository.RepoParticipanti]
16:02:12.751 [Test worker] DEBUG org.springframework.beans.factory.support.DefaultListableBeanFactory - Finished creating instance of bean 'valParticipantiT'
16:02:12.752 [Test worker] DEBUG org.springframework.beans.factory.support.DefaultListableBeanFactory - Returning cached instance of singleton bean 'repoParticipantiT'
16:02:12.752 [Test worker] DEBUG org.springframework.beans.factory.support.DefaultListableBeanFactory - Creating shared instance of singleton bean 'valInscrieriT'
16:02:12.752 [Test worker] DEBUG org.springframework.beans.factory.support.DefaultListableBeanFactory - Creating instance of bean 'valInscrieriT'
16:02:12.752 [Test worker] DEBUG org.springframework.beans.factory.support.DefaultListableBeanFactory - Eagerly caching bean 'valInscrieriT' to allow for resolving potential circular references
16:02:12.752 [Test worker] DEBUG org.springframework.beans.factory.support.DefaultListableBeanFactory - Creating shared instance of singleton bean 'repoInscrieriT'
16:02:12.752 [Test worker] DEBUG org.springframework.beans.factory.support.DefaultListableBeanFactory - Creating instance of bean 'repoInscrieriT'
16:02:12.752 [Test worker] DEBUG org.springframework.beans.factory.support.DefaultListableBeanFactory - Returning cached instance of singleton bean 'jdbcProps'
16:02:12.752 [Test worker] DEBUG org.springframework.beans.factory.support.DefaultListableBeanFactory - Returning cached instance of singleton bean 'repoParticipantiT'
16:02:12.752 [Test worker] DEBUG org.springframework.beans.factory.support.DefaultListableBeanFactory - Returning cached instance of singleton bean 'repoProbeT'
16:02:12.752 [Test worker] DEBUG org.springframework.beans.factory.support.DefaultListableBeanFactory - Returning eagerly cached instance of singleton bean 'valInscrieriT' that is not fully initialized yet - a consequence of a circular reference
16:02:12.753 [Test worker] TRACE repository.RepoParticipanti - Enter initializing props with {mySql.url=jdbc:mysql://localhost:3306/contesttest, password=lasPalmeras18, mySql.jdbcDriver=com.mysql.cj.jdbc.Driver, user=root}
16:02:12.753 [Test worker] DEBUG org.springframework.beans.factory.support.DefaultListableBeanFactory - Eagerly caching bean 'repoInscrieriT' to allow for resolving potential circular references
16:02:12.754 [Test worker] DEBUG org.springframework.beans.factory.support.DefaultListableBeanFactory - Finished creating instance of bean 'repoInscrieriT'
16:02:12.754 [Test worker] TRACE org.springframework.beans.CachedIntrospectionResults - Getting BeanInfo for class [validator.ValInscriere]
16:02:12.754 [Test worker] TRACE org.springframework.beans.CachedIntrospectionResults - Caching PropertyDescriptors for class [validator.ValInscriere]
16:02:12.754 [Test worker] TRACE org.springframework.beans.CachedIntrospectionResults - Found bean property 'class' of type [java.lang.Class]
16:02:12.755 [Test worker] TRACE org.springframework.beans.CachedIntrospectionResults - Found bean property 'repoInscrieri' of type [repository.RepoInscrieri]
16:02:12.759 [Test worker] DEBUG org.springframework.beans.factory.support.DefaultListableBeanFactory - Finished creating instance of bean 'valInscrieriT'
16:02:12.760 [Test worker] DEBUG org.springframework.beans.factory.support.DefaultListableBeanFactory - Returning cached instance of singleton bean 'repoInscrieriT'
16:02:12.760 [Test worker] DEBUG org.springframework.beans.factory.support.DefaultListableBeanFactory - Creating shared instance of singleton bean 'serviceT'
16:02:12.760 [Test worker] DEBUG org.springframework.beans.factory.support.DefaultListableBeanFactory - Creating instance of bean 'serviceT'
16:02:12.760 [Test worker] DEBUG org.springframework.beans.factory.support.DefaultListableBeanFactory - Returning cached instance of singleton bean 'repoInscrieriT'
16:02:12.760 [Test worker] DEBUG org.springframework.beans.factory.support.DefaultListableBeanFactory - Returning cached instance of singleton bean 'repoCategT'
16:02:12.760 [Test worker] DEBUG org.springframework.beans.factory.support.DefaultListableBeanFactory - Returning cached instance of singleton bean 'repoParticipantiT'
16:02:12.760 [Test worker] DEBUG org.springframework.beans.factory.support.DefaultListableBeanFactory - Returning cached instance of singleton bean 'repoProbeT'
16:02:12.763 [Test worker] DEBUG org.springframework.beans.factory.support.DefaultListableBeanFactory - Eagerly caching bean 'serviceT' to allow for resolving potential circular references
16:02:12.763 [Test worker] DEBUG org.springframework.beans.factory.support.DefaultListableBeanFactory - Finished creating instance of bean 'serviceT'
16:02:12.763 [Test worker] DEBUG org.springframework.context.support.ClassPathXmlApplicationContext - Unable to locate LifecycleProcessor with name 'lifecycleProcessor': using default [org.springframework.context.support.DefaultLifecycleProcessor@3eac10cc]
16:02:12.764 [Test worker] DEBUG org.springframework.beans.factory.support.DefaultListableBeanFactory - Returning cached instance of singleton bean 'lifecycleProcessor'
16:02:12.764 [Test worker] TRACE org.springframework.context.support.ClassPathXmlApplicationContext - Publishing event in org.springframework.context.support.ClassPathXmlApplicationContext@414298e4: org.springframework.context.event.ContextRefreshedEvent[source=org.springframework.context.support.ClassPathXmlApplicationContext@414298e4: startup date [Mon Mar 23 16:02:12 EET 2020]; root of context hierarchy]
16:02:12.764 [Test worker] TRACE org.springframework.core.env.PropertySourcesPropertyResolver - Searching for key 'spring.liveBeansView.mbeanDomain' in PropertySource 'systemProperties'
16:02:12.764 [Test worker] TRACE org.springframework.core.env.PropertySourcesPropertyResolver - Searching for key 'spring.liveBeansView.mbeanDomain' in PropertySource 'systemEnvironment'
16:02:12.764 [Test worker] DEBUG org.springframework.core.env.PropertySourcesPropertyResolver - Could not find key 'spring.liveBeansView.mbeanDomain' in any property source
16:02:12.765 [Test worker] DEBUG org.springframework.beans.factory.support.DefaultListableBeanFactory - Returning cached instance of singleton bean 'repoParticipantiT'
16:02:12.765 [Test worker] TRACE repository.RepoParticipanti - Enter getAll
16:02:12.807 [Test worker] TRACE repository.RepoParticipanti - Enter sterge participant test
16:02:12.807 [Test worker] DEBUG org.springframework.core.env.StandardEnvironment - Adding PropertySource 'systemProperties' with lowest search precedence
16:02:12.808 [Test worker] DEBUG org.springframework.core.env.StandardEnvironment - Adding PropertySource 'systemEnvironment' with lowest search precedence
16:02:12.808 [Test worker] DEBUG org.springframework.core.env.StandardEnvironment - Initialized StandardEnvironment with PropertySources [MapPropertySource@155624465 {name='systemProperties', properties={sun.desktop=windows, awt.toolkit=sun.awt.windows.WToolkit, java.specification.version=11, sun.cpu.isalist=amd64, sun.jnu.encoding=Cp1252, org.gradle.test.worker=2, java.class.path=C:\\Users\\Flore\\.gradle\\caches\\5.2.1\\workerMain\\gradle-worker.jar;C:\\Users\\Flore\\Desktop\\info18\\MPP\\gitApps\\ContestApp\\build\\classes\\java\\test;C:\\Users\\Flore\\Desktop\\info18\\MPP\\gitApps\\ContestApp\\build\\resources\\test;C:\\Users\\Flore\\Desktop\\info18\\MPP\\gitApps\\ContestApp\\build\\classes\\java\\main;C:\\Users\\Flore\\Desktop\\info18\\MPP\\gitApps\\ContestApp\\build\\resources\\main;C:\\Users\\Flore\\.gradle\\caches\\modules-2\\files-2.1\\org.apache.logging.log4j\\log4j-core\\2.10.0\\c90b597163cd28ab6d9687edd53db601b6ea75a1\\log4j-core-2.10.0.jar;C:\\Users\\Flore\\.gradle\\caches\\modules-2\\files-2.1\\org.apache.logging.log4j\\log4j-api\\2.10.0\\fec5797a55b786184a537abd39c3fa1449d752d6\\log4j-api-2.10.0.jar;C:\\Users\\Flore\\.gradle\\caches\\modules-2\\files-2.1\\org.openjfx\\javafx\\11\\f5bf07162249920ce2807804016227a9719211ce\\javafx-11.pom;C:\\Users\\Flore\\.gradle\\caches\\modules-2\\files-2.1\\mysql\\mysql-connector-java\\8.0.16\\6088b7a25188ab4b3ab865422a8ec77ade29236\\mysql-connector-java-8.0.16.jar;C:\\Users\\Flore\\.gradle\\caches\\modules-2\\files-2.1\\org.springframework\\spring-context\\5.0.4.RELEASE\\3e76d08c851113077642c5704f0f94d5ce58e905\\spring-context-5.0.4.RELEASE.jar;C:\\Users\\Flore\\.gradle\\caches\\modules-2\\files-2.1\\org.openjfx\\javafx-fxml\\11.0.2\\b3242e4c031558574de2a1da685bb5fcdbb8a530\\javafx-fxml-11.0.2-win.jar;C:\\Users\\Flore\\.gradle\\caches\\modules-2\\files-2.1\\org.openjfx\\javafx-controls\\11.0.2\\6c763707769c18adce406904c771c2ad1fcc370b\\javafx-controls-11.0.2-win.jar;C:\\Users\\Flore\\.gradle\\caches\\modules-2\\files-2.1\\org.openjfx\\javafx-controls\\11.0.2\\4ab633cf1eea60f76e2ae9905aedac862da88b08\\javafx-controls-11.0.2.jar;C:\\Users\\Flore\\.gradle\\caches\\modules-2\\files-2.1\\org.openjfx\\javafx-graphics\\11.0.2\\20459ea2cf714942bcbeb78a7f70ba3531dc1a44\\javafx-graphics-11.0.2-win.jar;C:\\Users\\Flore\\.gradle\\caches\\modules-2\\files-2.1\\org.openjfx\\javafx-graphics\\11.0.2\\e522eb4ea422eceeee207b1c266ba3db19b2343a\\javafx-graphics-11.0.2.jar;C:\\Users\\Flore\\.gradle\\caches\\modules-2\\files-2.1\\org.openjfx\\javafx-base\\11.0.2\\1852e57b8cf9a9b6488c33605bccd5d06ff210e1\\javafx-base-11.0.2-win.jar;C:\\Users\\Flore\\.gradle\\caches\\modules-2\\files-2.1\\org.openjfx\\javafx-base\\11.0.2\\7fb2e4a8528ec9e434a9ac9ee98b39af79e6dcb8\\javafx-base-11.0.2.jar;C:\\Users\\Flore\\.gradle\\caches\\modules-2\\files-2.1\\junit\\junit\\4.12\\2973d150c0dc1fefe998f834810d68f278ea58ec\\junit-4.12.jar;C:\\Users\\Flore\\.gradle\\caches\\modules-2\\files-2.1\\com.google.protobuf\\protobuf-java\\3.6.1\\d06d46ecfd92ec6d0f3b423b4cd81cb38d8b924\\protobuf-java-3.6.1.jar;C:\\Users\\Flore\\.gradle\\caches\\modules-2\\files-2.1\\org.springframework\\spring-aop\\5.0.4.RELEASE\\f8e029e54c0267dadb6b9f713f3feb54ec4f3a0e\\spring-aop-5.0.4.RELEASE.jar;C:\\Users\\Flore\\.gradle\\caches\\modules-2\\files-2.1\\org.springframework\\spring-beans\\5.0.4.RELEASE\\7a8c3d48d4c33621e64d1399721d8e067450fcbd\\spring-beans-5.0.4.RELEASE.jar;C:\\Users\\Flore\\.gradle\\caches\\modules-2\\files-2.1\\org.springframework\\spring-expression\\5.0.4.RELEASE\\4bda161f2e34c1486f2527a23eb47293567f473c\\spring-expression-5.0.4.RELEASE.jar;C:\\Users\\Flore\\.gradle\\caches\\modules-2\\files-2.1\\org.springframework\\spring-core\\5.0.4.RELEASE\\2221a957b5561a34f044350ba4e30ef5870254a3\\spring-core-5.0.4.RELEASE.jar;C:\\Users\\Flore\\.gradle\\caches\\modules-2\\files-2.1\\org.hamcrest\\hamcrest-core\\1.3\\42a25dc3219429f0e5d060061f71acb49bf010a0\\hamcrest-core-1.3.jar;C:\\Users\\Flore\\.gradle\\caches\\modules-2\\files-2.1\\org.springframework\\spring-jcl\\5.0.4.RELEASE\\3053e2bad0a18571bdbb9596ce51f9d458f5934f\\spring-jcl-5.0.4.RELEASE.jar, java.vm.vendor=Oracle Corporation, sun.arch.data.model=64, user.variant=, java.vendor.url=http://java.oracle.com/, user.timezone=Europe/Athens, os.name=Windows 10, java.vm.specification.version=11, user.country=US, sun.java.launcher=SUN_STANDARD, sun.boot.library.path=C:\Program Files\Java\jdk-11.0.4\bin, sun.java.command=worker.org.gradle.process.internal.worker.GradleWorkerMain 'Gradle Test Executor 2', jdk.debug=release, sun.cpu.endian=little, user.home=C:\Users\Flore, user.language=en, java.specification.vendor=Oracle Corporation, org.gradle.native=false, java.version.date=2019-07-16, java.home=C:\Program Files\Java\jdk-11.0.4, file.separator=\, java.vm.compressedOopsMode=32-bit, line.separator=
, java.specification.name=Java Platform API Specification, java.vm.specification.vendor=Oracle Corporation, java.awt.graphicsenv=sun.awt.Win32GraphicsEnvironment, user.script=, sun.management.compiler=HotSpot 64-Bit Tiered Compilers, java.runtime.version=11.0.4+10-LTS, user.name=Flore, path.separator=;, os.version=10.0, java.runtime.name=Java(TM) SE Runtime Environment, file.encoding=windows-1252, java.vm.name=Java HotSpot(TM) 64-Bit Server VM, java.vendor.version=18.9, java.vendor.url.bug=http://bugreport.java.com/bugreport/, java.io.tmpdir=C:\Users\Flore\AppData\Local\Temp\, java.version=11.0.4, user.dir=C:\Users\Flore\Desktop\info18\MPP\gitApps\ContestApp, os.arch=amd64, java.vm.specification.name=Java Virtual Machine Specification, java.awt.printerjob=sun.awt.windows.WPrinterJob, sun.os.patch.level=, java.library.path=C:\Program Files\Java\jdk-11.0.4\bin;C:\WINDOWS\Sun\Java\bin;C:\WINDOWS\system32;C:\WINDOWS;C:\Program Files (x86)\Microsoft Visual Studio\Shared\Python37_64\Scripts\;C:\Program Files (x86)\Microsoft Visual Studio\Shared\Python37_64\;C:\Program Files\Python38\Scripts\;C:\Program Files\Python38\;C:\WINDOWS\system32;C:\WINDOWS;C:\WINDOWS\System32\Wbem;C:\WINDOWS\System32\WindowsPowerShell\v1.0\;C:\WINDOWS\System32\OpenSSH\;C:\Program Files (x86)\Smart Projects\IsoBuster;C:\Program Files\PuTTY\;C:\Program Files\Git\cmd;C:\Users\Flore\AppData\Roaming\nvm;C:\Program Files\nodejs;C:\Program Files\Microsoft SQL Server\Client SDK\ODBC\130\Tools\Binn\;C:\Program Files (x86)\Microsoft SQL Server\140\Tools\Binn\;C:\Program Files\Microsoft SQL Server\140\Tools\Binn\;C:\Program Files\Microsoft SQL Server\140\DTS\Binn\;C:\Program Files (x86)\Microsoft SQL Server\150\DTS\Binn\;C:\Program Files\Microsoft SQL Server\130\Tools\Binn\;C:\Program Files\Microsoft SQL Server\Client SDK\ODBC\170\Tools\Binn\;C:\Program Files\dotnet\;;C:\Users\Flore\AppData\Local\Programs\Microsoft VS Code\bin;C:\Program Files\JetBrains\PyCharm 2019.3.3\bin;;C:\Program Files\JetBrains\PyCharm Edu 2019.3.2\bin;;., java.vendor=Oracle Corporation, java.vm.info=mixed mode, java.vm.version=11.0.4+10-LTS, sun.io.unicode.encoding=UnicodeLittle, java.class.version=55.0}}, SystemEnvironmentPropertySource@2129625195 {name='systemEnvironment', properties={USERDOMAIN_ROAMINGPROFILE=DESKTOP-JGO467Q, NVM_SYMLINK=C:\Program Files\nodejs, PROCESSOR_LEVEL=6, SESSIONNAME=Console, ALLUSERSPROFILE=C:\ProgramData, PROCESSOR_ARCHITECTURE=AMD64, PSModulePath=C:\Program Files\WindowsPowerShell\Modules;C:\WINDOWS\system32\WindowsPowerShell\v1.0\Modules;C:\Program Files (x86)\Microsoft SQL Server\140\Tools\PowerShell\Modules\, SystemDrive=C:, USERNAME=Flore, ProgramFiles(x86)=C:\Program Files (x86), QtMsBuild=C:\Users\Flore\AppData\Local\QtMsBuild, FPS_BROWSER_USER_PROFILE_STRING=Default, PATHEXT=.COM;.EXE;.BAT;.CMD;.VBS;.VBE;.JS;.JSE;.WSF;.WSH;.MSC;.PY;.PYW, DriverData=C:\Windows\System32\Drivers\DriverData, ProgramData=C:\ProgramData, ProgramW6432=C:\Program Files, HOMEPATH=\Users\Flore, PROCESSOR_IDENTIFIER=Intel64 Family 6 Model 142 Stepping 9, GenuineIntel, ProgramFiles=C:\Program Files, PUBLIC=C:\Users\Public, VS160COMCOMNTOOLS=C:\Program Files (x86)\Microsoft Visual Studio\2019\Community\Common7\Tools\, windir=C:\WINDOWS, =::=::\, LOCALAPPDATA=C:\Users\Flore\AppData\Local, PyCharm Edu=C:\Program Files\JetBrains\PyCharm Edu 2019.3.2\bin;, USERDOMAIN=DESKTOP-JGO467Q, FPS_BROWSER_APP_PROFILE_STRING=Internet Explorer, LOGONSERVER=\\DESKTOP-JGO467Q, OneDrive=C:\Users\Flore\OneDrive, APPDATA=C:\Users\Flore\AppData\Roaming, VBOX_MSI_INSTALL_PATH=C:\Program Files\Oracle\VirtualBox\, CommonProgramFiles=C:\Program Files\Common Files, Path=C:\Program Files (x86)\Microsoft Visual Studio\Shared\Python37_64\Scripts\;C:\Program Files (x86)\Microsoft Visual Studio\Shared\Python37_64\;C:\Program Files\Python38\Scripts\;C:\Program Files\Python38\;C:\WINDOWS\system32;C:\WINDOWS;C:\WINDOWS\System32\Wbem;C:\WINDOWS\System32\WindowsPowerShell\v1.0\;C:\WINDOWS\System32\OpenSSH\;C:\Program Files (x86)\Smart Projects\IsoBuster;C:\Program Files\PuTTY\;C:\Program Files\Git\cmd;C:\Users\Flore\AppData\Roaming\nvm;C:\Program Files\nodejs;C:\Program Files\Microsoft SQL Server\Client SDK\ODBC\130\Tools\Binn\;C:\Program Files (x86)\Microsoft SQL Server\140\Tools\Binn\;C:\Program Files\Microsoft SQL Server\140\Tools\Binn\;C:\Program Files\Microsoft SQL Server\140\DTS\Binn\;C:\Program Files (x86)\Microsoft SQL Server\150\DTS\Binn\;C:\Program Files\Microsoft SQL Server\130\Tools\Binn\;C:\Program Files\Microsoft SQL Server\Client SDK\ODBC\170\Tools\Binn\;C:\Program Files\dotnet\;;C:\Users\Flore\AppData\Local\Programs\Microsoft VS Code\bin;C:\Program Files\JetBrains\PyCharm 2019.3.3\bin;;C:\Program Files\JetBrains\PyCharm Edu 2019.3.2\bin;, PyCharm=C:\Program Files\JetBrains\PyCharm 2019.3.3\bin;, OS=Windows_NT, COMPUTERNAME=DESKTOP-JGO467Q, NVM_HOME=C:\Users\Flore\AppData\Roaming\nvm, PROCESSOR_REVISION=8e09, CommonProgramW6432=C:\Program Files\Common Files, ComSpec=C:\WINDOWS\system32\cmd.exe, SystemRoot=C:\WINDOWS, TEMP=C:\Users\Flore\AppData\Local\Temp, HOMEDRIVE=C:, PT6HOME=C:\Program Files (x86)\Cisco Packet Tracer 6.2sv, USERPROFILE=C:\Users\Flore, TMP=C:\Users\Flore\AppData\Local\Temp, MYSQLCONNECTOR_ASSEMBLIESPATH=C:\Program Files (x86)\MySQL\Connector NET 8.0\Assemblies\v4.5.2, CommonProgramFiles(x86)=C:\Program Files (x86)\Common Files, NUMBER_OF_PROCESSORS=4, IDEA_INITIAL_DIRECTORY=C:\Users\Flore\Desktop}}]
16:02:12.808 [Test worker] INFO  org.springframework.context.support.ClassPathXmlApplicationContext - Refreshing org.springframework.context.support.ClassPathXmlApplicationContext@57b2e45b: startup date [Mon Mar 23 16:02:12 EET 2020]; root of context hierarchy
16:02:12.808 [Test worker] DEBUG org.springframework.core.env.StandardEnvironment - Adding PropertySource 'systemProperties' with lowest search precedence
16:02:12.808 [Test worker] DEBUG org.springframework.core.env.StandardEnvironment - Adding PropertySource 'systemEnvironment' with lowest search precedence
16:02:12.809 [Test worker] DEBUG org.springframework.core.env.StandardEnvironment - Initialized StandardEnvironment with PropertySources [MapPropertySource@1356986146 {name='systemProperties', properties={sun.desktop=windows, awt.toolkit=sun.awt.windows.WToolkit, java.specification.version=11, sun.cpu.isalist=amd64, sun.jnu.encoding=Cp1252, org.gradle.test.worker=2, java.class.path=C:\\Users\\Flore\\.gradle\\caches\\5.2.1\\workerMain\\gradle-worker.jar;C:\\Users\\Flore\\Desktop\\info18\\MPP\\gitApps\\ContestApp\\build\\classes\\java\\test;C:\\Users\\Flore\\Desktop\\info18\\MPP\\gitApps\\ContestApp\\build\\resources\\test;C:\\Users\\Flore\\Desktop\\info18\\MPP\\gitApps\\ContestApp\\build\\classes\\java\\main;C:\\Users\\Flore\\Desktop\\info18\\MPP\\gitApps\\ContestApp\\build\\resources\\main;C:\\Users\\Flore\\.gradle\\caches\\modules-2\\files-2.1\\org.apache.logging.log4j\\log4j-core\\2.10.0\\c90b597163cd28ab6d9687edd53db601b6ea75a1\\log4j-core-2.10.0.jar;C:\\Users\\Flore\\.gradle\\caches\\modules-2\\files-2.1\\org.apache.logging.log4j\\log4j-api\\2.10.0\\fec5797a55b786184a537abd39c3fa1449d752d6\\log4j-api-2.10.0.jar;C:\\Users\\Flore\\.gradle\\caches\\modules-2\\files-2.1\\org.openjfx\\javafx\\11\\f5bf07162249920ce2807804016227a9719211ce\\javafx-11.pom;C:\\Users\\Flore\\.gradle\\caches\\modules-2\\files-2.1\\mysql\\mysql-connector-java\\8.0.16\\6088b7a25188ab4b3ab865422a8ec77ade29236\\mysql-connector-java-8.0.16.jar;C:\\Users\\Flore\\.gradle\\caches\\modules-2\\files-2.1\\org.springframework\\spring-context\\5.0.4.RELEASE\\3e76d08c851113077642c5704f0f94d5ce58e905\\spring-context-5.0.4.RELEASE.jar;C:\\Users\\Flore\\.gradle\\caches\\modules-2\\files-2.1\\org.openjfx\\javafx-fxml\\11.0.2\\b3242e4c031558574de2a1da685bb5fcdbb8a530\\javafx-fxml-11.0.2-win.jar;C:\\Users\\Flore\\.gradle\\caches\\modules-2\\files-2.1\\org.openjfx\\javafx-controls\\11.0.2\\6c763707769c18adce406904c771c2ad1fcc370b\\javafx-controls-11.0.2-win.jar;C:\\Users\\Flore\\.gradle\\caches\\modules-2\\files-2.1\\org.openjfx\\javafx-controls\\11.0.2\\4ab633cf1eea60f76e2ae9905aedac862da88b08\\javafx-controls-11.0.2.jar;C:\\Users\\Flore\\.gradle\\caches\\modules-2\\files-2.1\\org.openjfx\\javafx-graphics\\11.0.2\\20459ea2cf714942bcbeb78a7f70ba3531dc1a44\\javafx-graphics-11.0.2-win.jar;C:\\Users\\Flore\\.gradle\\caches\\modules-2\\files-2.1\\org.openjfx\\javafx-graphics\\11.0.2\\e522eb4ea422eceeee207b1c266ba3db19b2343a\\javafx-graphics-11.0.2.jar;C:\\Users\\Flore\\.gradle\\caches\\modules-2\\files-2.1\\org.openjfx\\javafx-base\\11.0.2\\1852e57b8cf9a9b6488c33605bccd5d06ff210e1\\javafx-base-11.0.2-win.jar;C:\\Users\\Flore\\.gradle\\caches\\modules-2\\files-2.1\\org.openjfx\\javafx-base\\11.0.2\\7fb2e4a8528ec9e434a9ac9ee98b39af79e6dcb8\\javafx-base-11.0.2.jar;C:\\Users\\Flore\\.gradle\\caches\\modules-2\\files-2.1\\junit\\junit\\4.12\\2973d150c0dc1fefe998f834810d68f278ea58ec\\junit-4.12.jar;C:\\Users\\Flore\\.gradle\\caches\\modules-2\\files-2.1\\com.google.protobuf\\protobuf-java\\3.6.1\\d06d46ecfd92ec6d0f3b423b4cd81cb38d8b924\\protobuf-java-3.6.1.jar;C:\\Users\\Flore\\.gradle\\caches\\modules-2\\files-2.1\\org.springframework\\spring-aop\\5.0.4.RELEASE\\f8e029e54c0267dadb6b9f713f3feb54ec4f3a0e\\spring-aop-5.0.4.RELEASE.jar;C:\\Users\\Flore\\.gradle\\caches\\modules-2\\files-2.1\\org.springframework\\spring-beans\\5.0.4.RELEASE\\7a8c3d48d4c33621e64d1399721d8e067450fcbd\\spring-beans-5.0.4.RELEASE.jar;C:\\Users\\Flore\\.gradle\\caches\\modules-2\\files-2.1\\org.springframework\\spring-expression\\5.0.4.RELEASE\\4bda161f2e34c1486f2527a23eb47293567f473c\\spring-expression-5.0.4.RELEASE.jar;C:\\Users\\Flore\\.gradle\\caches\\modules-2\\files-2.1\\org.springframework\\spring-core\\5.0.4.RELEASE\\2221a957b5561a34f044350ba4e30ef5870254a3\\spring-core-5.0.4.RELEASE.jar;C:\\Users\\Flore\\.gradle\\caches\\modules-2\\files-2.1\\org.hamcrest\\hamcrest-core\\1.3\\42a25dc3219429f0e5d060061f71acb49bf010a0\\hamcrest-core-1.3.jar;C:\\Users\\Flore\\.gradle\\caches\\modules-2\\files-2.1\\org.springframework\\spring-jcl\\5.0.4.RELEASE\\3053e2bad0a18571bdbb9596ce51f9d458f5934f\\spring-jcl-5.0.4.RELEASE.jar, java.vm.vendor=Oracle Corporation, sun.arch.data.model=64, user.variant=, java.vendor.url=http://java.oracle.com/, user.timezone=Europe/Athens, os.name=Windows 10, java.vm.specification.version=11, user.country=US, sun.java.launcher=SUN_STANDARD, sun.boot.library.path=C:\Program Files\Java\jdk-11.0.4\bin, sun.java.command=worker.org.gradle.process.internal.worker.GradleWorkerMain 'Gradle Test Executor 2', jdk.debug=release, sun.cpu.endian=little, user.home=C:\Users\Flore, user.language=en, java.specification.vendor=Oracle Corporation, org.gradle.native=false, java.version.date=2019-07-16, java.home=C:\Program Files\Java\jdk-11.0.4, file.separator=\, java.vm.compressedOopsMode=32-bit, line.separator=
, java.specification.name=Java Platform API Specification, java.vm.specification.vendor=Oracle Corporation, java.awt.graphicsenv=sun.awt.Win32GraphicsEnvironment, user.script=, sun.management.compiler=HotSpot 64-Bit Tiered Compilers, java.runtime.version=11.0.4+10-LTS, user.name=Flore, path.separator=;, os.version=10.0, java.runtime.name=Java(TM) SE Runtime Environment, file.encoding=windows-1252, java.vm.name=Java HotSpot(TM) 64-Bit Server VM, java.vendor.version=18.9, java.vendor.url.bug=http://bugreport.java.com/bugreport/, java.io.tmpdir=C:\Users\Flore\AppData\Local\Temp\, java.version=11.0.4, user.dir=C:\Users\Flore\Desktop\info18\MPP\gitApps\ContestApp, os.arch=amd64, java.vm.specification.name=Java Virtual Machine Specification, java.awt.printerjob=sun.awt.windows.WPrinterJob, sun.os.patch.level=, java.library.path=C:\Program Files\Java\jdk-11.0.4\bin;C:\WINDOWS\Sun\Java\bin;C:\WINDOWS\system32;C:\WINDOWS;C:\Program Files (x86)\Microsoft Visual Studio\Shared\Python37_64\Scripts\;C:\Program Files (x86)\Microsoft Visual Studio\Shared\Python37_64\;C:\Program Files\Python38\Scripts\;C:\Program Files\Python38\;C:\WINDOWS\system32;C:\WINDOWS;C:\WINDOWS\System32\Wbem;C:\WINDOWS\System32\WindowsPowerShell\v1.0\;C:\WINDOWS\System32\OpenSSH\;C:\Program Files (x86)\Smart Projects\IsoBuster;C:\Program Files\PuTTY\;C:\Program Files\Git\cmd;C:\Users\Flore\AppData\Roaming\nvm;C:\Program Files\nodejs;C:\Program Files\Microsoft SQL Server\Client SDK\ODBC\130\Tools\Binn\;C:\Program Files (x86)\Microsoft SQL Server\140\Tools\Binn\;C:\Program Files\Microsoft SQL Server\140\Tools\Binn\;C:\Program Files\Microsoft SQL Server\140\DTS\Binn\;C:\Program Files (x86)\Microsoft SQL Server\150\DTS\Binn\;C:\Program Files\Microsoft SQL Server\130\Tools\Binn\;C:\Program Files\Microsoft SQL Server\Client SDK\ODBC\170\Tools\Binn\;C:\Program Files\dotnet\;;C:\Users\Flore\AppData\Local\Programs\Microsoft VS Code\bin;C:\Program Files\JetBrains\PyCharm 2019.3.3\bin;;C:\Program Files\JetBrains\PyCharm Edu 2019.3.2\bin;;., java.vendor=Oracle Corporation, java.vm.info=mixed mode, java.vm.version=11.0.4+10-LTS, sun.io.unicode.encoding=UnicodeLittle, java.class.version=55.0}}, SystemEnvironmentPropertySource@271667545 {name='systemEnvironment', properties={USERDOMAIN_ROAMINGPROFILE=DESKTOP-JGO467Q, NVM_SYMLINK=C:\Program Files\nodejs, PROCESSOR_LEVEL=6, SESSIONNAME=Console, ALLUSERSPROFILE=C:\ProgramData, PROCESSOR_ARCHITECTURE=AMD64, PSModulePath=C:\Program Files\WindowsPowerShell\Modules;C:\WINDOWS\system32\WindowsPowerShell\v1.0\Modules;C:\Program Files (x86)\Microsoft SQL Server\140\Tools\PowerShell\Modules\, SystemDrive=C:, USERNAME=Flore, ProgramFiles(x86)=C:\Program Files (x86), QtMsBuild=C:\Users\Flore\AppData\Local\QtMsBuild, FPS_BROWSER_USER_PROFILE_STRING=Default, PATHEXT=.COM;.EXE;.BAT;.CMD;.VBS;.VBE;.JS;.JSE;.WSF;.WSH;.MSC;.PY;.PYW, DriverData=C:\Windows\System32\Drivers\DriverData, ProgramData=C:\ProgramData, ProgramW6432=C:\Program Files, HOMEPATH=\Users\Flore, PROCESSOR_IDENTIFIER=Intel64 Family 6 Model 142 Stepping 9, GenuineIntel, ProgramFiles=C:\Program Files, PUBLIC=C:\Users\Public, VS160COMCOMNTOOLS=C:\Program Files (x86)\Microsoft Visual Studio\2019\Community\Common7\Tools\, windir=C:\WINDOWS, =::=::\, LOCALAPPDATA=C:\Users\Flore\AppData\Local, PyCharm Edu=C:\Program Files\JetBrains\PyCharm Edu 2019.3.2\bin;, USERDOMAIN=DESKTOP-JGO467Q, FPS_BROWSER_APP_PROFILE_STRING=Internet Explorer, LOGONSERVER=\\DESKTOP-JGO467Q, OneDrive=C:\Users\Flore\OneDrive, APPDATA=C:\Users\Flore\AppData\Roaming, VBOX_MSI_INSTALL_PATH=C:\Program Files\Oracle\VirtualBox\, CommonProgramFiles=C:\Program Files\Common Files, Path=C:\Program Files (x86)\Microsoft Visual Studio\Shared\Python37_64\Scripts\;C:\Program Files (x86)\Microsoft Visual Studio\Shared\Python37_64\;C:\Program Files\Python38\Scripts\;C:\Program Files\Python38\;C:\WINDOWS\system32;C:\WINDOWS;C:\WINDOWS\System32\Wbem;C:\WINDOWS\System32\WindowsPowerShell\v1.0\;C:\WINDOWS\System32\OpenSSH\;C:\Program Files (x86)\Smart Projects\IsoBuster;C:\Program Files\PuTTY\;C:\Program Files\Git\cmd;C:\Users\Flore\AppData\Roaming\nvm;C:\Program Files\nodejs;C:\Program Files\Microsoft SQL Server\Client SDK\ODBC\130\Tools\Binn\;C:\Program Files (x86)\Microsoft SQL Server\140\Tools\Binn\;C:\Program Files\Microsoft SQL Server\140\Tools\Binn\;C:\Program Files\Microsoft SQL Server\140\DTS\Binn\;C:\Program Files (x86)\Microsoft SQL Server\150\DTS\Binn\;C:\Program Files\Microsoft SQL Server\130\Tools\Binn\;C:\Program Files\Microsoft SQL Server\Client SDK\ODBC\170\Tools\Binn\;C:\Program Files\dotnet\;;C:\Users\Flore\AppData\Local\Programs\Microsoft VS Code\bin;C:\Program Files\JetBrains\PyCharm 2019.3.3\bin;;C:\Program Files\JetBrains\PyCharm Edu 2019.3.2\bin;, PyCharm=C:\Program Files\JetBrains\PyCharm 2019.3.3\bin;, OS=Windows_NT, COMPUTERNAME=DESKTOP-JGO467Q, NVM_HOME=C:\Users\Flore\AppData\Roaming\nvm, PROCESSOR_REVISION=8e09, CommonProgramW6432=C:\Program Files\Common Files, ComSpec=C:\WINDOWS\system32\cmd.exe, SystemRoot=C:\WINDOWS, TEMP=C:\Users\Flore\AppData\Local\Temp, HOMEDRIVE=C:, PT6HOME=C:\Program Files (x86)\Cisco Packet Tracer 6.2sv, USERPROFILE=C:\Users\Flore, TMP=C:\Users\Flore\AppData\Local\Temp, MYSQLCONNECTOR_ASSEMBLIESPATH=C:\Program Files (x86)\MySQL\Connector NET 8.0\Assemblies\v4.5.2, CommonProgramFiles(x86)=C:\Program Files (x86)\Common Files, NUMBER_OF_PROCESSORS=4, IDEA_INITIAL_DIRECTORY=C:\Users\Flore\Desktop}}]
16:02:12.809 [Test worker] INFO  org.springframework.beans.factory.xml.XmlBeanDefinitionReader - Loading XML bean definitions from class path resource [springConfigTest.xml]
16:02:12.812 [Test worker] DEBUG org.springframework.beans.factory.xml.DefaultDocumentLoader - Using JAXP provider [com.sun.org.apache.xerces.internal.jaxp.DocumentBuilderFactoryImpl]
16:02:12.814 [Test worker] TRACE org.springframework.beans.factory.xml.PluggableSchemaResolver - Trying to resolve XML entity with public id [null] and system id [http://www.springframework.org/schema/beans/spring-beans.xsd]
16:02:12.814 [Test worker] DEBUG org.springframework.beans.factory.xml.PluggableSchemaResolver - Loading schema mappings from [META-INF/spring.schemas]
16:02:12.816 [Test worker] DEBUG org.springframework.beans.factory.xml.PluggableSchemaResolver - Loaded schema mappings: {http://www.springframework.org/schema/context/spring-context-3.2.xsd=org/springframework/context/config/spring-context.xsd, http://www.springframework.org/schema/cache/spring-cache-4.3.xsd=org/springframework/cache/config/spring-cache.xsd, http://www.springframework.org/schema/beans/spring-beans-4.0.xsd=org/springframework/beans/factory/xml/spring-beans.xsd, http://www.springframework.org/schema/context/spring-context-2.5.xsd=org/springframework/context/config/spring-context.xsd, http://www.springframework.org/schema/context/spring-context-4.0.xsd=org/springframework/context/config/spring-context.xsd, http://www.springframework.org/schema/util/spring-util-4.3.xsd=org/springframework/beans/factory/xml/spring-util.xsd, http://www.springframework.org/schema/jee/spring-jee-2.0.xsd=org/springframework/ejb/config/spring-jee.xsd, http://www.springframework.org/schema/aop/spring-aop-2.0.xsd=org/springframework/aop/config/spring-aop.xsd, http://www.springframework.org/schema/tool/spring-tool-4.3.xsd=org/springframework/beans/factory/xml/spring-tool.xsd, http://www.springframework.org/schema/util/spring-util-2.0.xsd=org/springframework/beans/factory/xml/spring-util.xsd, http://www.springframework.org/schema/cache/spring-cache-4.2.xsd=org/springframework/cache/config/spring-cache.xsd, http://www.springframework.org/schema/context/spring-context-3.1.xsd=org/springframework/context/config/spring-context.xsd, http://www.springframework.org/schema/tool/spring-tool-2.0.xsd=org/springframework/beans/factory/xml/spring-tool.xsd, http://www.springframework.org/schema/tool/spring-tool.xsd=org/springframework/beans/factory/xml/spring-tool.xsd, http://www.springframework.org/schema/beans/spring-beans-3.2.xsd=org/springframework/beans/factory/xml/spring-beans.xsd, http://www.springframework.org/schema/util/spring-util-4.2.xsd=org/springframework/beans/factory/xml/spring-util.xsd, http://www.springframework.org/schema/beans/spring-beans-2.5.xsd=org/springframework/beans/factory/xml/spring-beans.xsd, http://www.springframework.org/schema/beans/spring-beans.xsd=org/springframework/beans/factory/xml/spring-beans.xsd, http://www.springframework.org/schema/tool/spring-tool-4.0.xsd=org/springframework/beans/factory/xml/spring-tool.xsd, http://www.springframework.org/schema/util/spring-util-4.1.xsd=org/springframework/beans/factory/xml/spring-util.xsd, http://www.springframework.org/schema/beans/spring-beans-4.2.xsd=org/springframework/beans/factory/xml/spring-beans.xsd, http://www.springframework.org/schema/context/spring-context-4.2.xsd=org/springframework/context/config/spring-context.xsd, http://www.springframework.org/schema/cache/spring-cache-4.1.xsd=org/springframework/cache/config/spring-cache.xsd, http://www.springframework.org/schema/lang/spring-lang-3.0.xsd=org/springframework/scripting/config/spring-lang.xsd, http://www.springframework.org/schema/jee/spring-jee-4.3.xsd=org/springframework/ejb/config/spring-jee.xsd, http://www.springframework.org/schema/aop/spring-aop-4.3.xsd=org/springframework/aop/config/spring-aop.xsd, http://www.springframework.org/schema/beans/spring-beans-4.3.xsd=org/springframework/beans/factory/xml/spring-beans.xsd, http://www.springframework.org/schema/tool/spring-tool-4.1.xsd=org/springframework/beans/factory/xml/spring-tool.xsd, http://www.springframework.org/schema/task/spring-task-4.3.xsd=org/springframework/scheduling/config/spring-task.xsd, http://www.springframework.org/schema/util/spring-util-4.0.xsd=org/springframework/beans/factory/xml/spring-util.xsd, http://www.springframework.org/schema/beans/spring-beans-4.1.xsd=org/springframework/beans/factory/xml/spring-beans.xsd, http://www.springframework.org/schema/lang/spring-lang.xsd=org/springframework/scripting/config/spring-lang.xsd, http://www.springframework.org/schema/cache/spring-cache-4.0.xsd=org/springframework/cache/config/spring-cache.xsd, http://www.springframework.org/schema/context/spring-context-4.1.xsd=org/springframework/context/config/spring-context.xsd, http://www.springframework.org/schema/aop/spring-aop-4.2.xsd=org/springframework/aop/config/spring-aop.xsd, http://www.springframework.org/schema/tool/spring-tool-4.2.xsd=org/springframework/beans/factory/xml/spring-tool.xsd, http://www.springframework.org/schema/util/spring-util-2.5.xsd=org/springframework/beans/factory/xml/spring-util.xsd, http://www.springframework.org/schema/jee/spring-jee-4.2.xsd=org/springframework/ejb/config/spring-jee.xsd, http://www.springframework.org/schema/lang/spring-lang-3.1.xsd=org/springframework/scripting/config/spring-lang.xsd, http://www.springframework.org/schema/task/spring-task.xsd=org/springframework/scheduling/config/spring-task.xsd, http://www.springframework.org/schema/task/spring-task-4.2.xsd=org/springframework/scheduling/config/spring-task.xsd, http://www.springframework.org/schema/aop/spring-aop.xsd=org/springframework/aop/config/spring-aop.xsd, http://www.springframework.org/schema/lang/spring-lang-4.0.xsd=org/springframework/scripting/config/spring-lang.xsd, http://www.springframework.org/schema/beans/spring-beans-2.0.xsd=org/springframework/beans/factory/xml/spring-beans.xsd, http://www.springframework.org/schema/task/spring-task-4.1.xsd=org/springframework/scheduling/config/spring-task.xsd, http://www.springframework.org/schema/tool/spring-tool-3.1.xsd=org/springframework/beans/factory/xml/spring-tool.xsd, http://www.springframework.org/schema/util/spring-util-3.2.xsd=org/springframework/beans/factory/xml/spring-util.xsd, http://www.springframework.org/schema/jee/spring-jee-4.1.xsd=org/springframework/ejb/config/spring-jee.xsd, http://www.springframework.org/schema/lang/spring-lang-3.2.xsd=org/springframework/scripting/config/spring-lang.xsd, http://www.springframework.org/schema/cache/spring-cache-3.2.xsd=org/springframework/cache/config/spring-cache.xsd, http://www.springframework.org/schema/aop/spring-aop-4.1.xsd=org/springframework/aop/config/spring-aop.xsd, http://www.springframework.org/schema/util/spring-util.xsd=org/springframework/beans/factory/xml/spring-util.xsd, http://www.springframework.org/schema/jee/spring-jee-3.2.xsd=org/springframework/ejb/config/spring-jee.xsd, http://www.springframework.org/schema/util/spring-util-3.0.xsd=org/springframework/beans/factory/xml/spring-util.xsd, http://www.springframework.org/schema/lang/spring-lang-4.1.xsd=org/springframework/scripting/config/spring-lang.xsd, http://www.springframework.org/schema/aop/spring-aop-3.2.xsd=org/springframework/aop/config/spring-aop.xsd, http://www.springframework.org/schema/tool/spring-tool-3.2.xsd=org/springframework/beans/factory/xml/spring-tool.xsd, http://www.springframework.org/schema/context/spring-context-4.3.xsd=org/springframework/context/config/spring-context.xsd, http://www.springframework.org/schema/lang/spring-lang-2.5.xsd=org/springframework/scripting/config/spring-lang.xsd, http://www.springframework.org/schema/jee/spring-jee.xsd=org/springframework/ejb/config/spring-jee.xsd, http://www.springframework.org/schema/util/spring-util-3.1.xsd=org/springframework/beans/factory/xml/spring-util.xsd, http://www.springframework.org/schema/jee/spring-jee-2.5.xsd=org/springframework/ejb/config/spring-jee.xsd, http://www.springframework.org/schema/task/spring-task-4.0.xsd=org/springframework/scheduling/config/spring-task.xsd, http://www.springframework.org/schema/aop/spring-aop-2.5.xsd=org/springframework/aop/config/spring-aop.xsd, http://www.springframework.org/schema/context/spring-context.xsd=org/springframework/context/config/spring-context.xsd, http://www.springframework.org/schema/cache/spring-cache-3.1.xsd=org/springframework/cache/config/spring-cache.xsd, http://www.springframework.org/schema/aop/spring-aop-4.0.xsd=org/springframework/aop/config/spring-aop.xsd, http://www.springframework.org/schema/jee/spring-jee-4.0.xsd=org/springframework/ejb/config/spring-jee.xsd, http://www.springframework.org/schema/tool/spring-tool-2.5.xsd=org/springframework/beans/factory/xml/spring-tool.xsd, http://www.springframework.org/schema/task/spring-task-3.2.xsd=org/springframework/scheduling/config/spring-task.xsd, http://www.springframework.org/schema/beans/spring-beans-3.0.xsd=org/springframework/beans/factory/xml/spring-beans.xsd, http://www.springframework.org/schema/jee/spring-jee-3.0.xsd=org/springframework/ejb/config/spring-jee.xsd, http://www.springframework.org/schema/aop/spring-aop-3.1.xsd=org/springframework/aop/config/spring-aop.xsd, http://www.springframework.org/schema/jee/spring-jee-3.1.xsd=org/springframework/ejb/config/spring-jee.xsd, http://www.springframework.org/schema/lang/spring-lang-4.3.xsd=org/springframework/scripting/config/spring-lang.xsd, http://www.springframework.org/schema/aop/spring-aop-3.0.xsd=org/springframework/aop/config/spring-aop.xsd, http://www.springframework.org/schema/beans/spring-beans-3.1.xsd=org/springframework/beans/factory/xml/spring-beans.xsd, http://www.springframework.org/schema/lang/spring-lang-2.0.xsd=org/springframework/scripting/config/spring-lang.xsd, http://www.springframework.org/schema/task/spring-task-3.1.xsd=org/springframework/scheduling/config/spring-task.xsd, http://www.springframework.org/schema/lang/spring-lang-4.2.xsd=org/springframework/scripting/config/spring-lang.xsd, http://www.springframework.org/schema/tool/spring-tool-3.0.xsd=org/springframework/beans/factory/xml/spring-tool.xsd, http://www.springframework.org/schema/task/spring-task-3.0.xsd=org/springframework/scheduling/config/spring-task.xsd, http://www.springframework.org/schema/context/spring-context-3.0.xsd=org/springframework/context/config/spring-context.xsd, http://www.springframework.org/schema/cache/spring-cache.xsd=org/springframework/cache/config/spring-cache.xsd}
16:02:12.817 [Test worker] DEBUG org.springframework.beans.factory.xml.PluggableSchemaResolver - Found XML schema [http://www.springframework.org/schema/beans/spring-beans.xsd] in classpath: org/springframework/beans/factory/xml/spring-beans.xsd
16:02:12.823 [Test worker] TRACE org.springframework.beans.factory.xml.PluggableSchemaResolver - Trying to resolve XML entity with public id [null] and system id [http://www.springframework.org/schema/util/spring-util.xsd]
16:02:12.824 [Test worker] DEBUG org.springframework.beans.factory.xml.PluggableSchemaResolver - Found XML schema [http://www.springframework.org/schema/util/spring-util.xsd] in classpath: org/springframework/beans/factory/xml/spring-util.xsd
16:02:12.826 [Test worker] TRACE org.springframework.beans.factory.xml.PluggableSchemaResolver - Trying to resolve XML entity with public id [null] and system id [http://www.springframework.org/schema/tool/spring-tool.xsd]
16:02:12.827 [Test worker] DEBUG org.springframework.beans.factory.xml.PluggableSchemaResolver - Found XML schema [http://www.springframework.org/schema/tool/spring-tool.xsd] in classpath: org/springframework/beans/factory/xml/spring-tool.xsd
16:02:12.832 [Test worker] DEBUG org.springframework.beans.factory.xml.DefaultBeanDefinitionDocumentReader - Loading bean definitions
16:02:12.834 [Test worker] DEBUG org.springframework.beans.factory.xml.DefaultNamespaceHandlerResolver - Loaded NamespaceHandler mappings: {http://www.springframework.org/schema/aop=org.springframework.aop.config.AopNamespaceHandler, http://www.springframework.org/schema/cache=org.springframework.cache.config.CacheNamespaceHandler, http://www.springframework.org/schema/task=org.springframework.scheduling.config.TaskNamespaceHandler, http://www.springframework.org/schema/p=org.springframework.beans.factory.xml.SimplePropertyNamespaceHandler, http://www.springframework.org/schema/lang=org.springframework.scripting.config.LangNamespaceHandler, http://www.springframework.org/schema/util=org.springframework.beans.factory.xml.UtilNamespaceHandler, http://www.springframework.org/schema/c=org.springframework.beans.factory.xml.SimpleConstructorNamespaceHandler, http://www.springframework.org/schema/context=org.springframework.context.config.ContextNamespaceHandler, http://www.springframework.org/schema/jee=org.springframework.ejb.config.JeeNamespaceHandler}
16:02:12.836 [Test worker] DEBUG org.springframework.beans.factory.xml.XmlBeanDefinitionReader - Loaded 8 bean definitions from location pattern [classpath:springConfigTest.xml]
16:02:12.836 [Test worker] DEBUG org.springframework.context.support.ClassPathXmlApplicationContext - Bean factory for org.springframework.context.support.ClassPathXmlApplicationContext@57b2e45b: org.springframework.beans.factory.support.DefaultListableBeanFactory@1ebc2513: defining beans [jdbcProps,repoCategT,repoProbeT,valParticipantiT,repoParticipantiT,valInscrieriT,repoInscrieriT,serviceT]; root of factory hierarchy
16:02:12.838 [Test worker] DEBUG org.springframework.context.support.ClassPathXmlApplicationContext - Unable to locate MessageSource with name 'messageSource': using default [org.springframework.context.support.DelegatingMessageSource@1608b38a]
16:02:12.838 [Test worker] DEBUG org.springframework.context.support.ClassPathXmlApplicationContext - Unable to locate ApplicationEventMulticaster with name 'applicationEventMulticaster': using default [org.springframework.context.event.SimpleApplicationEventMulticaster@3ef6c1c1]
16:02:12.838 [Test worker] DEBUG org.springframework.beans.factory.support.DefaultListableBeanFactory - Pre-instantiating singletons in org.springframework.beans.factory.support.DefaultListableBeanFactory@1ebc2513: defining beans [jdbcProps,repoCategT,repoProbeT,valParticipantiT,repoParticipantiT,valInscrieriT,repoInscrieriT,serviceT]; root of factory hierarchy
16:02:12.838 [Test worker] DEBUG org.springframework.beans.factory.support.DefaultListableBeanFactory - Creating shared instance of singleton bean 'jdbcProps'
16:02:12.838 [Test worker] DEBUG org.springframework.beans.factory.support.DefaultListableBeanFactory - Creating instance of bean 'jdbcProps'
16:02:12.838 [Test worker] DEBUG org.springframework.beans.factory.support.DefaultListableBeanFactory - Eagerly caching bean 'jdbcProps' to allow for resolving potential circular references
16:02:12.838 [Test worker] TRACE org.springframework.beans.CachedIntrospectionResults - Getting BeanInfo for class [org.springframework.beans.factory.config.PropertiesFactoryBean]
16:02:12.838 [Test worker] TRACE org.springframework.beans.CachedIntrospectionResults - Caching PropertyDescriptors for class [org.springframework.beans.factory.config.PropertiesFactoryBean]
16:02:12.838 [Test worker] TRACE org.springframework.beans.CachedIntrospectionResults - Found bean property 'class' of type [java.lang.Class]
16:02:12.839 [Test worker] TRACE org.springframework.beans.CachedIntrospectionResults - Found bean property 'fileEncoding' of type [java.lang.String]
16:02:12.839 [Test worker] TRACE org.springframework.beans.CachedIntrospectionResults - Found bean property 'ignoreResourceNotFound' of type [boolean]
16:02:12.839 [Test worker] TRACE org.springframework.beans.CachedIntrospectionResults - Found bean property 'localOverride' of type [boolean]
16:02:12.839 [Test worker] TRACE org.springframework.beans.CachedIntrospectionResults - Found bean property 'location' of type [org.springframework.core.io.Resource]
16:02:12.839 [Test worker] TRACE org.springframework.beans.CachedIntrospectionResults - Found bean property 'locations' of type [[Lorg.springframework.core.io.Resource;]
16:02:12.839 [Test worker] TRACE org.springframework.beans.CachedIntrospectionResults - Found bean property 'object' of type [java.util.Properties]
16:02:12.839 [Test worker] TRACE org.springframework.beans.CachedIntrospectionResults - Found bean property 'objectType' of type [java.lang.Class]
16:02:12.839 [Test worker] TRACE org.springframework.beans.CachedIntrospectionResults - Found bean property 'properties' of type [java.util.Properties]
16:02:12.839 [Test worker] TRACE org.springframework.beans.CachedIntrospectionResults - Found bean property 'propertiesArray' of type [[Ljava.util.Properties;]
16:02:12.839 [Test worker] TRACE org.springframework.beans.CachedIntrospectionResults - Found bean property 'propertiesPersister' of type [org.springframework.util.PropertiesPersister]
16:02:12.839 [Test worker] TRACE org.springframework.beans.CachedIntrospectionResults - Found bean property 'singleton' of type [boolean]
16:02:12.842 [Test worker] DEBUG org.springframework.beans.factory.support.DefaultListableBeanFactory - Invoking afterPropertiesSet() on bean with name 'jdbcProps'
16:02:12.842 [Test worker] DEBUG org.springframework.beans.factory.config.PropertiesFactoryBean - Loading properties file from class path resource [configTest.properties]
16:02:12.859 [Test worker] DEBUG org.springframework.beans.factory.support.DefaultListableBeanFactory - Finished creating instance of bean 'jdbcProps'
16:02:12.859 [Test worker] DEBUG org.springframework.beans.factory.support.DefaultListableBeanFactory - Creating shared instance of singleton bean 'repoCategT'
16:02:12.860 [Test worker] DEBUG org.springframework.beans.factory.support.DefaultListableBeanFactory - Creating instance of bean 'repoCategT'
16:02:12.860 [Test worker] DEBUG org.springframework.beans.factory.support.DefaultListableBeanFactory - Returning cached instance of singleton bean 'jdbcProps'
16:02:12.869 [Test worker] TRACE repository.RepoCategVarsta - Enter initializing properties with {mySql.url=jdbc:mysql://localhost:3306/contesttest, password=lasPalmeras18, mySql.jdbcDriver=com.mysql.cj.jdbc.Driver, user=root}
16:02:12.869 [Test worker] DEBUG org.springframework.beans.factory.support.DefaultListableBeanFactory - Eagerly caching bean 'repoCategT' to allow for resolving potential circular references
16:02:12.870 [Test worker] DEBUG org.springframework.beans.factory.support.DefaultListableBeanFactory - Finished creating instance of bean 'repoCategT'
16:02:12.870 [Test worker] DEBUG org.springframework.beans.factory.support.DefaultListableBeanFactory - Creating shared instance of singleton bean 'repoProbeT'
16:02:12.870 [Test worker] DEBUG org.springframework.beans.factory.support.DefaultListableBeanFactory - Creating instance of bean 'repoProbeT'
16:02:12.870 [Test worker] DEBUG org.springframework.beans.factory.support.DefaultListableBeanFactory - Returning cached instance of singleton bean 'jdbcProps'
16:02:12.871 [Test worker] DEBUG org.springframework.beans.factory.support.DefaultListableBeanFactory - Returning cached instance of singleton bean 'repoCategT'
16:02:12.875 [Test worker] INFO  repository.RepoProbe - initializing RepoParticipanti with properties {mySql.url=jdbc:mysql://localhost:3306/contesttest, password=lasPalmeras18, mySql.jdbcDriver=com.mysql.cj.jdbc.Driver, user=root}
16:02:12.876 [Test worker] DEBUG org.springframework.beans.factory.support.DefaultListableBeanFactory - Eagerly caching bean 'repoProbeT' to allow for resolving potential circular references
16:02:12.876 [Test worker] DEBUG org.springframework.beans.factory.support.DefaultListableBeanFactory - Finished creating instance of bean 'repoProbeT'
16:02:12.877 [Test worker] DEBUG org.springframework.beans.factory.support.DefaultListableBeanFactory - Creating shared instance of singleton bean 'valParticipantiT'
16:02:12.879 [Test worker] DEBUG org.springframework.beans.factory.support.DefaultListableBeanFactory - Creating instance of bean 'valParticipantiT'
16:02:12.880 [Test worker] DEBUG org.springframework.beans.factory.support.DefaultListableBeanFactory - Eagerly caching bean 'valParticipantiT' to allow for resolving potential circular references
16:02:12.881 [Test worker] DEBUG org.springframework.beans.factory.support.DefaultListableBeanFactory - Creating shared instance of singleton bean 'repoParticipantiT'
16:02:12.881 [Test worker] DEBUG org.springframework.beans.factory.support.DefaultListableBeanFactory - Creating instance of bean 'repoParticipantiT'
16:02:12.882 [Test worker] DEBUG org.springframework.beans.factory.support.DefaultListableBeanFactory - Returning cached instance of singleton bean 'jdbcProps'
16:02:12.883 [Test worker] DEBUG org.springframework.beans.factory.support.DefaultListableBeanFactory - Returning cached instance of singleton bean 'repoProbeT'
16:02:12.883 [Test worker] DEBUG org.springframework.beans.factory.support.DefaultListableBeanFactory - Returning eagerly cached instance of singleton bean 'valParticipantiT' that is not fully initialized yet - a consequence of a circular reference
16:02:12.887 [Test worker] INFO  repository.RepoParticipanti - initializing RepoParticipanti with properties {mySql.url=jdbc:mysql://localhost:3306/contesttest, password=lasPalmeras18, mySql.jdbcDriver=com.mysql.cj.jdbc.Driver, user=root}
16:02:12.887 [Test worker] DEBUG org.springframework.beans.factory.support.DefaultListableBeanFactory - Eagerly caching bean 'repoParticipantiT' to allow for resolving potential circular references
16:02:12.888 [Test worker] DEBUG org.springframework.beans.factory.support.DefaultListableBeanFactory - Finished creating instance of bean 'repoParticipantiT'
16:02:12.888 [Test worker] TRACE org.springframework.beans.CachedIntrospectionResults - Getting BeanInfo for class [validator.ValParticipanti]
16:02:12.888 [Test worker] TRACE org.springframework.beans.CachedIntrospectionResults - Caching PropertyDescriptors for class [validator.ValParticipanti]
16:02:12.889 [Test worker] TRACE org.springframework.beans.CachedIntrospectionResults - Found bean property 'class' of type [java.lang.Class]
16:02:12.890 [Test worker] TRACE org.springframework.beans.CachedIntrospectionResults - Found bean property 'repoParticipanti' of type [repository.RepoParticipanti]
16:02:12.893 [Test worker] DEBUG org.springframework.beans.factory.support.DefaultListableBeanFactory - Finished creating instance of bean 'valParticipantiT'
16:02:12.894 [Test worker] DEBUG org.springframework.beans.factory.support.DefaultListableBeanFactory - Returning cached instance of singleton bean 'repoParticipantiT'
16:02:12.894 [Test worker] DEBUG org.springframework.beans.factory.support.DefaultListableBeanFactory - Creating shared instance of singleton bean 'valInscrieriT'
16:02:12.894 [Test worker] DEBUG org.springframework.beans.factory.support.DefaultListableBeanFactory - Creating instance of bean 'valInscrieriT'
16:02:12.895 [Test worker] DEBUG org.springframework.beans.factory.support.DefaultListableBeanFactory - Eagerly caching bean 'valInscrieriT' to allow for resolving potential circular references
16:02:12.895 [Test worker] DEBUG org.springframework.beans.factory.support.DefaultListableBeanFactory - Creating shared instance of singleton bean 'repoInscrieriT'
16:02:12.895 [Test worker] DEBUG org.springframework.beans.factory.support.DefaultListableBeanFactory - Creating instance of bean 'repoInscrieriT'
16:02:12.896 [Test worker] DEBUG org.springframework.beans.factory.support.DefaultListableBeanFactory - Returning cached instance of singleton bean 'jdbcProps'
16:02:12.896 [Test worker] DEBUG org.springframework.beans.factory.support.DefaultListableBeanFactory - Returning cached instance of singleton bean 'repoParticipantiT'
16:02:12.896 [Test worker] DEBUG org.springframework.beans.factory.support.DefaultListableBeanFactory - Returning cached instance of singleton bean 'repoProbeT'
16:02:12.896 [Test worker] DEBUG org.springframework.beans.factory.support.DefaultListableBeanFactory - Returning eagerly cached instance of singleton bean 'valInscrieriT' that is not fully initialized yet - a consequence of a circular reference
16:02:12.898 [Test worker] TRACE repository.RepoParticipanti - Enter initializing props with {mySql.url=jdbc:mysql://localhost:3306/contesttest, password=lasPalmeras18, mySql.jdbcDriver=com.mysql.cj.jdbc.Driver, user=root}
16:02:12.899 [Test worker] DEBUG org.springframework.beans.factory.support.DefaultListableBeanFactory - Eagerly caching bean 'repoInscrieriT' to allow for resolving potential circular references
16:02:12.899 [Test worker] DEBUG org.springframework.beans.factory.support.DefaultListableBeanFactory - Finished creating instance of bean 'repoInscrieriT'
16:02:12.899 [Test worker] TRACE org.springframework.beans.CachedIntrospectionResults - Getting BeanInfo for class [validator.ValInscriere]
16:02:12.900 [Test worker] TRACE org.springframework.beans.CachedIntrospectionResults - Caching PropertyDescriptors for class [validator.ValInscriere]
16:02:12.900 [Test worker] TRACE org.springframework.beans.CachedIntrospectionResults - Found bean property 'class' of type [java.lang.Class]
16:02:12.900 [Test worker] TRACE org.springframework.beans.CachedIntrospectionResults - Found bean property 'repoInscrieri' of type [repository.RepoInscrieri]
16:02:12.901 [Test worker] DEBUG org.springframework.beans.factory.support.DefaultListableBeanFactory - Finished creating instance of bean 'valInscrieriT'
16:02:12.902 [Test worker] DEBUG org.springframework.beans.factory.support.DefaultListableBeanFactory - Returning cached instance of singleton bean 'repoInscrieriT'
16:02:12.902 [Test worker] DEBUG org.springframework.beans.factory.support.DefaultListableBeanFactory - Creating shared instance of singleton bean 'serviceT'
16:02:12.903 [Test worker] DEBUG org.springframework.beans.factory.support.DefaultListableBeanFactory - Creating instance of bean 'serviceT'
16:02:12.903 [Test worker] DEBUG org.springframework.beans.factory.support.DefaultListableBeanFactory - Returning cached instance of singleton bean 'repoInscrieriT'
16:02:12.904 [Test worker] DEBUG org.springframework.beans.factory.support.DefaultListableBeanFactory - Returning cached instance of singleton bean 'repoCategT'
16:02:12.904 [Test worker] DEBUG org.springframework.beans.factory.support.DefaultListableBeanFactory - Returning cached instance of singleton bean 'repoParticipantiT'
16:02:12.905 [Test worker] DEBUG org.springframework.beans.factory.support.DefaultListableBeanFactory - Returning cached instance of singleton bean 'repoProbeT'
16:02:12.907 [Test worker] DEBUG org.springframework.beans.factory.support.DefaultListableBeanFactory - Eagerly caching bean 'serviceT' to allow for resolving potential circular references
16:02:12.907 [Test worker] DEBUG org.springframework.beans.factory.support.DefaultListableBeanFactory - Finished creating instance of bean 'serviceT'
16:02:12.908 [Test worker] DEBUG org.springframework.context.support.ClassPathXmlApplicationContext - Unable to locate LifecycleProcessor with name 'lifecycleProcessor': using default [org.springframework.context.support.DefaultLifecycleProcessor@5bf9610e]
16:02:12.910 [Test worker] DEBUG org.springframework.beans.factory.support.DefaultListableBeanFactory - Returning cached instance of singleton bean 'lifecycleProcessor'
16:02:12.911 [Test worker] TRACE org.springframework.context.support.ClassPathXmlApplicationContext - Publishing event in org.springframework.context.support.ClassPathXmlApplicationContext@57b2e45b: org.springframework.context.event.ContextRefreshedEvent[source=org.springframework.context.support.ClassPathXmlApplicationContext@57b2e45b: startup date [Mon Mar 23 16:02:12 EET 2020]; root of context hierarchy]
16:02:12.912 [Test worker] TRACE org.springframework.core.env.PropertySourcesPropertyResolver - Searching for key 'spring.liveBeansView.mbeanDomain' in PropertySource 'systemProperties'
16:02:12.912 [Test worker] TRACE org.springframework.core.env.PropertySourcesPropertyResolver - Searching for key 'spring.liveBeansView.mbeanDomain' in PropertySource 'systemEnvironment'
16:02:12.913 [Test worker] DEBUG org.springframework.core.env.PropertySourcesPropertyResolver - Could not find key 'spring.liveBeansView.mbeanDomain' in any property source
16:02:12.913 [Test worker] DEBUG org.springframework.beans.factory.support.DefaultListableBeanFactory - Returning cached instance of singleton bean 'repoParticipantiT'
16:02:12.914 [Test worker] TRACE repository.RepoParticipanti - Enter adauga participat Participant{id=2, nume='Ionel', varsta=8}
16:02:12.915 [Test worker] TRACE validator.ValParticipanti - Enter valideaza participant Participant{id=2, nume='Ionel', varsta=8}
16:02:12.915 [Test worker] TRACE repository.RepoParticipanti - Enter cauta participant cu nume Ionel
16:02:12.984 [Test worker] TRACE repository.RepoParticipanti - Enter cauta participant cu nume Ionel
16:02:12.986 [Test worker] TRACE repository.RepoParticipanti - Enter cauta participant cu nume Ionel
16:02:13.010 [Test worker] TRACE repository.RepoParticipanti - Enter sterge participant cu id 92
16:02:13.109 [Test worker] TRACE repository.RepoParticipanti - Enter getSize
16:02:13.334 [Test worker] TRACE repository.RepoParticipanti - Enter modifica participant test
16:02:13.335 [Test worker] DEBUG org.springframework.core.env.StandardEnvironment - Adding PropertySource 'systemProperties' with lowest search precedence
16:02:13.335 [Test worker] DEBUG org.springframework.core.env.StandardEnvironment - Adding PropertySource 'systemEnvironment' with lowest search precedence
16:02:13.335 [Test worker] DEBUG org.springframework.core.env.StandardEnvironment - Initialized StandardEnvironment with PropertySources [MapPropertySource@1011922194 {name='systemProperties', properties={sun.desktop=windows, awt.toolkit=sun.awt.windows.WToolkit, java.specification.version=11, sun.cpu.isalist=amd64, sun.jnu.encoding=Cp1252, org.gradle.test.worker=2, java.class.path=C:\\Users\\Flore\\.gradle\\caches\\5.2.1\\workerMain\\gradle-worker.jar;C:\\Users\\Flore\\Desktop\\info18\\MPP\\gitApps\\ContestApp\\build\\classes\\java\\test;C:\\Users\\Flore\\Desktop\\info18\\MPP\\gitApps\\ContestApp\\build\\resources\\test;C:\\Users\\Flore\\Desktop\\info18\\MPP\\gitApps\\ContestApp\\build\\classes\\java\\main;C:\\Users\\Flore\\Desktop\\info18\\MPP\\gitApps\\ContestApp\\build\\resources\\main;C:\\Users\\Flore\\.gradle\\caches\\modules-2\\files-2.1\\org.apache.logging.log4j\\log4j-core\\2.10.0\\c90b597163cd28ab6d9687edd53db601b6ea75a1\\log4j-core-2.10.0.jar;C:\\Users\\Flore\\.gradle\\caches\\modules-2\\files-2.1\\org.apache.logging.log4j\\log4j-api\\2.10.0\\fec5797a55b786184a537abd39c3fa1449d752d6\\log4j-api-2.10.0.jar;C:\\Users\\Flore\\.gradle\\caches\\modules-2\\files-2.1\\org.openjfx\\javafx\\11\\f5bf07162249920ce2807804016227a9719211ce\\javafx-11.pom;C:\\Users\\Flore\\.gradle\\caches\\modules-2\\files-2.1\\mysql\\mysql-connector-java\\8.0.16\\6088b7a25188ab4b3ab865422a8ec77ade29236\\mysql-connector-java-8.0.16.jar;C:\\Users\\Flore\\.gradle\\caches\\modules-2\\files-2.1\\org.springframework\\spring-context\\5.0.4.RELEASE\\3e76d08c851113077642c5704f0f94d5ce58e905\\spring-context-5.0.4.RELEASE.jar;C:\\Users\\Flore\\.gradle\\caches\\modules-2\\files-2.1\\org.openjfx\\javafx-fxml\\11.0.2\\b3242e4c031558574de2a1da685bb5fcdbb8a530\\javafx-fxml-11.0.2-win.jar;C:\\Users\\Flore\\.gradle\\caches\\modules-2\\files-2.1\\org.openjfx\\javafx-controls\\11.0.2\\6c763707769c18adce406904c771c2ad1fcc370b\\javafx-controls-11.0.2-win.jar;C:\\Users\\Flore\\.gradle\\caches\\modules-2\\files-2.1\\org.openjfx\\javafx-controls\\11.0.2\\4ab633cf1eea60f76e2ae9905aedac862da88b08\\javafx-controls-11.0.2.jar;C:\\Users\\Flore\\.gradle\\caches\\modules-2\\files-2.1\\org.openjfx\\javafx-graphics\\11.0.2\\20459ea2cf714942bcbeb78a7f70ba3531dc1a44\\javafx-graphics-11.0.2-win.jar;C:\\Users\\Flore\\.gradle\\caches\\modules-2\\files-2.1\\org.openjfx\\javafx-graphics\\11.0.2\\e522eb4ea422eceeee207b1c266ba3db19b2343a\\javafx-graphics-11.0.2.jar;C:\\Users\\Flore\\.gradle\\caches\\modules-2\\files-2.1\\org.openjfx\\javafx-base\\11.0.2\\1852e57b8cf9a9b6488c33605bccd5d06ff210e1\\javafx-base-11.0.2-win.jar;C:\\Users\\Flore\\.gradle\\caches\\modules-2\\files-2.1\\org.openjfx\\javafx-base\\11.0.2\\7fb2e4a8528ec9e434a9ac9ee98b39af79e6dcb8\\javafx-base-11.0.2.jar;C:\\Users\\Flore\\.gradle\\caches\\modules-2\\files-2.1\\junit\\junit\\4.12\\2973d150c0dc1fefe998f834810d68f278ea58ec\\junit-4.12.jar;C:\\Users\\Flore\\.gradle\\caches\\modules-2\\files-2.1\\com.google.protobuf\\protobuf-java\\3.6.1\\d06d46ecfd92ec6d0f3b423b4cd81cb38d8b924\\protobuf-java-3.6.1.jar;C:\\Users\\Flore\\.gradle\\caches\\modules-2\\files-2.1\\org.springframework\\spring-aop\\5.0.4.RELEASE\\f8e029e54c0267dadb6b9f713f3feb54ec4f3a0e\\spring-aop-5.0.4.RELEASE.jar;C:\\Users\\Flore\\.gradle\\caches\\modules-2\\files-2.1\\org.springframework\\spring-beans\\5.0.4.RELEASE\\7a8c3d48d4c33621e64d1399721d8e067450fcbd\\spring-beans-5.0.4.RELEASE.jar;C:\\Users\\Flore\\.gradle\\caches\\modules-2\\files-2.1\\org.springframework\\spring-expression\\5.0.4.RELEASE\\4bda161f2e34c1486f2527a23eb47293567f473c\\spring-expression-5.0.4.RELEASE.jar;C:\\Users\\Flore\\.gradle\\caches\\modules-2\\files-2.1\\org.springframework\\spring-core\\5.0.4.RELEASE\\2221a957b5561a34f044350ba4e30ef5870254a3\\spring-core-5.0.4.RELEASE.jar;C:\\Users\\Flore\\.gradle\\caches\\modules-2\\files-2.1\\org.hamcrest\\hamcrest-core\\1.3\\42a25dc3219429f0e5d060061f71acb49bf010a0\\hamcrest-core-1.3.jar;C:\\Users\\Flore\\.gradle\\caches\\modules-2\\files-2.1\\org.springframework\\spring-jcl\\5.0.4.RELEASE\\3053e2bad0a18571bdbb9596ce51f9d458f5934f\\spring-jcl-5.0.4.RELEASE.jar, java.vm.vendor=Oracle Corporation, sun.arch.data.model=64, user.variant=, java.vendor.url=http://java.oracle.com/, user.timezone=Europe/Athens, os.name=Windows 10, java.vm.specification.version=11, user.country=US, sun.java.launcher=SUN_STANDARD, sun.boot.library.path=C:\Program Files\Java\jdk-11.0.4\bin, sun.java.command=worker.org.gradle.process.internal.worker.GradleWorkerMain 'Gradle Test Executor 2', jdk.debug=release, sun.cpu.endian=little, user.home=C:\Users\Flore, user.language=en, java.specification.vendor=Oracle Corporation, org.gradle.native=false, java.version.date=2019-07-16, java.home=C:\Program Files\Java\jdk-11.0.4, file.separator=\, java.vm.compressedOopsMode=32-bit, line.separator=
, java.specification.name=Java Platform API Specification, java.vm.specification.vendor=Oracle Corporation, java.awt.graphicsenv=sun.awt.Win32GraphicsEnvironment, user.script=, sun.management.compiler=HotSpot 64-Bit Tiered Compilers, java.runtime.version=11.0.4+10-LTS, user.name=Flore, path.separator=;, os.version=10.0, java.runtime.name=Java(TM) SE Runtime Environment, file.encoding=windows-1252, java.vm.name=Java HotSpot(TM) 64-Bit Server VM, java.vendor.version=18.9, java.vendor.url.bug=http://bugreport.java.com/bugreport/, java.io.tmpdir=C:\Users\Flore\AppData\Local\Temp\, java.version=11.0.4, user.dir=C:\Users\Flore\Desktop\info18\MPP\gitApps\ContestApp, os.arch=amd64, java.vm.specification.name=Java Virtual Machine Specification, java.awt.printerjob=sun.awt.windows.WPrinterJob, sun.os.patch.level=, java.library.path=C:\Program Files\Java\jdk-11.0.4\bin;C:\WINDOWS\Sun\Java\bin;C:\WINDOWS\system32;C:\WINDOWS;C:\Program Files (x86)\Microsoft Visual Studio\Shared\Python37_64\Scripts\;C:\Program Files (x86)\Microsoft Visual Studio\Shared\Python37_64\;C:\Program Files\Python38\Scripts\;C:\Program Files\Python38\;C:\WINDOWS\system32;C:\WINDOWS;C:\WINDOWS\System32\Wbem;C:\WINDOWS\System32\WindowsPowerShell\v1.0\;C:\WINDOWS\System32\OpenSSH\;C:\Program Files (x86)\Smart Projects\IsoBuster;C:\Program Files\PuTTY\;C:\Program Files\Git\cmd;C:\Users\Flore\AppData\Roaming\nvm;C:\Program Files\nodejs;C:\Program Files\Microsoft SQL Server\Client SDK\ODBC\130\Tools\Binn\;C:\Program Files (x86)\Microsoft SQL Server\140\Tools\Binn\;C:\Program Files\Microsoft SQL Server\140\Tools\Binn\;C:\Program Files\Microsoft SQL Server\140\DTS\Binn\;C:\Program Files (x86)\Microsoft SQL Server\150\DTS\Binn\;C:\Program Files\Microsoft SQL Server\130\Tools\Binn\;C:\Program Files\Microsoft SQL Server\Client SDK\ODBC\170\Tools\Binn\;C:\Program Files\dotnet\;;C:\Users\Flore\AppData\Local\Programs\Microsoft VS Code\bin;C:\Program Files\JetBrains\PyCharm 2019.3.3\bin;;C:\Program Files\JetBrains\PyCharm Edu 2019.3.2\bin;;., java.vendor=Oracle Corporation, java.vm.info=mixed mode, java.vm.version=11.0.4+10-LTS, sun.io.unicode.encoding=UnicodeLittle, java.class.version=55.0}}, SystemEnvironmentPropertySource@380841039 {name='systemEnvironment', properties={USERDOMAIN_ROAMINGPROFILE=DESKTOP-JGO467Q, NVM_SYMLINK=C:\Program Files\nodejs, PROCESSOR_LEVEL=6, SESSIONNAME=Console, ALLUSERSPROFILE=C:\ProgramData, PROCESSOR_ARCHITECTURE=AMD64, PSModulePath=C:\Program Files\WindowsPowerShell\Modules;C:\WINDOWS\system32\WindowsPowerShell\v1.0\Modules;C:\Program Files (x86)\Microsoft SQL Server\140\Tools\PowerShell\Modules\, SystemDrive=C:, USERNAME=Flore, ProgramFiles(x86)=C:\Program Files (x86), QtMsBuild=C:\Users\Flore\AppData\Local\QtMsBuild, FPS_BROWSER_USER_PROFILE_STRING=Default, PATHEXT=.COM;.EXE;.BAT;.CMD;.VBS;.VBE;.JS;.JSE;.WSF;.WSH;.MSC;.PY;.PYW, DriverData=C:\Windows\System32\Drivers\DriverData, ProgramData=C:\ProgramData, ProgramW6432=C:\Program Files, HOMEPATH=\Users\Flore, PROCESSOR_IDENTIFIER=Intel64 Family 6 Model 142 Stepping 9, GenuineIntel, ProgramFiles=C:\Program Files, PUBLIC=C:\Users\Public, VS160COMCOMNTOOLS=C:\Program Files (x86)\Microsoft Visual Studio\2019\Community\Common7\Tools\, windir=C:\WINDOWS, =::=::\, LOCALAPPDATA=C:\Users\Flore\AppData\Local, PyCharm Edu=C:\Program Files\JetBrains\PyCharm Edu 2019.3.2\bin;, USERDOMAIN=DESKTOP-JGO467Q, FPS_BROWSER_APP_PROFILE_STRING=Internet Explorer, LOGONSERVER=\\DESKTOP-JGO467Q, OneDrive=C:\Users\Flore\OneDrive, APPDATA=C:\Users\Flore\AppData\Roaming, VBOX_MSI_INSTALL_PATH=C:\Program Files\Oracle\VirtualBox\, CommonProgramFiles=C:\Program Files\Common Files, Path=C:\Program Files (x86)\Microsoft Visual Studio\Shared\Python37_64\Scripts\;C:\Program Files (x86)\Microsoft Visual Studio\Shared\Python37_64\;C:\Program Files\Python38\Scripts\;C:\Program Files\Python38\;C:\WINDOWS\system32;C:\WINDOWS;C:\WINDOWS\System32\Wbem;C:\WINDOWS\System32\WindowsPowerShell\v1.0\;C:\WINDOWS\System32\OpenSSH\;C:\Program Files (x86)\Smart Projects\IsoBuster;C:\Program Files\PuTTY\;C:\Program Files\Git\cmd;C:\Users\Flore\AppData\Roaming\nvm;C:\Program Files\nodejs;C:\Program Files\Microsoft SQL Server\Client SDK\ODBC\130\Tools\Binn\;C:\Program Files (x86)\Microsoft SQL Server\140\Tools\Binn\;C:\Program Files\Microsoft SQL Server\140\Tools\Binn\;C:\Program Files\Microsoft SQL Server\140\DTS\Binn\;C:\Program Files (x86)\Microsoft SQL Server\150\DTS\Binn\;C:\Program Files\Microsoft SQL Server\130\Tools\Binn\;C:\Program Files\Microsoft SQL Server\Client SDK\ODBC\170\Tools\Binn\;C:\Program Files\dotnet\;;C:\Users\Flore\AppData\Local\Programs\Microsoft VS Code\bin;C:\Program Files\JetBrains\PyCharm 2019.3.3\bin;;C:\Program Files\JetBrains\PyCharm Edu 2019.3.2\bin;, PyCharm=C:\Program Files\JetBrains\PyCharm 2019.3.3\bin;, OS=Windows_NT, COMPUTERNAME=DESKTOP-JGO467Q, NVM_HOME=C:\Users\Flore\AppData\Roaming\nvm, PROCESSOR_REVISION=8e09, CommonProgramW6432=C:\Program Files\Common Files, ComSpec=C:\WINDOWS\system32\cmd.exe, SystemRoot=C:\WINDOWS, TEMP=C:\Users\Flore\AppData\Local\Temp, HOMEDRIVE=C:, PT6HOME=C:\Program Files (x86)\Cisco Packet Tracer 6.2sv, USERPROFILE=C:\Users\Flore, TMP=C:\Users\Flore\AppData\Local\Temp, MYSQLCONNECTOR_ASSEMBLIESPATH=C:\Program Files (x86)\MySQL\Connector NET 8.0\Assemblies\v4.5.2, CommonProgramFiles(x86)=C:\Program Files (x86)\Common Files, NUMBER_OF_PROCESSORS=4, IDEA_INITIAL_DIRECTORY=C:\Users\Flore\Desktop}}]
16:02:13.335 [Test worker] INFO  org.springframework.context.support.ClassPathXmlApplicationContext - Refreshing org.springframework.context.support.ClassPathXmlApplicationContext@3ce728e: startup date [Mon Mar 23 16:02:13 EET 2020]; root of context hierarchy
16:02:13.335 [Test worker] DEBUG org.springframework.core.env.StandardEnvironment - Adding PropertySource 'systemProperties' with lowest search precedence
16:02:13.336 [Test worker] DEBUG org.springframework.core.env.StandardEnvironment - Adding PropertySource 'systemEnvironment' with lowest search precedence
16:02:13.336 [Test worker] DEBUG org.springframework.core.env.StandardEnvironment - Initialized StandardEnvironment with PropertySources [MapPropertySource@708879114 {name='systemProperties', properties={sun.desktop=windows, awt.toolkit=sun.awt.windows.WToolkit, java.specification.version=11, sun.cpu.isalist=amd64, sun.jnu.encoding=Cp1252, org.gradle.test.worker=2, java.class.path=C:\\Users\\Flore\\.gradle\\caches\\5.2.1\\workerMain\\gradle-worker.jar;C:\\Users\\Flore\\Desktop\\info18\\MPP\\gitApps\\ContestApp\\build\\classes\\java\\test;C:\\Users\\Flore\\Desktop\\info18\\MPP\\gitApps\\ContestApp\\build\\resources\\test;C:\\Users\\Flore\\Desktop\\info18\\MPP\\gitApps\\ContestApp\\build\\classes\\java\\main;C:\\Users\\Flore\\Desktop\\info18\\MPP\\gitApps\\ContestApp\\build\\resources\\main;C:\\Users\\Flore\\.gradle\\caches\\modules-2\\files-2.1\\org.apache.logging.log4j\\log4j-core\\2.10.0\\c90b597163cd28ab6d9687edd53db601b6ea75a1\\log4j-core-2.10.0.jar;C:\\Users\\Flore\\.gradle\\caches\\modules-2\\files-2.1\\org.apache.logging.log4j\\log4j-api\\2.10.0\\fec5797a55b786184a537abd39c3fa1449d752d6\\log4j-api-2.10.0.jar;C:\\Users\\Flore\\.gradle\\caches\\modules-2\\files-2.1\\org.openjfx\\javafx\\11\\f5bf07162249920ce2807804016227a9719211ce\\javafx-11.pom;C:\\Users\\Flore\\.gradle\\caches\\modules-2\\files-2.1\\mysql\\mysql-connector-java\\8.0.16\\6088b7a25188ab4b3ab865422a8ec77ade29236\\mysql-connector-java-8.0.16.jar;C:\\Users\\Flore\\.gradle\\caches\\modules-2\\files-2.1\\org.springframework\\spring-context\\5.0.4.RELEASE\\3e76d08c851113077642c5704f0f94d5ce58e905\\spring-context-5.0.4.RELEASE.jar;C:\\Users\\Flore\\.gradle\\caches\\modules-2\\files-2.1\\org.openjfx\\javafx-fxml\\11.0.2\\b3242e4c031558574de2a1da685bb5fcdbb8a530\\javafx-fxml-11.0.2-win.jar;C:\\Users\\Flore\\.gradle\\caches\\modules-2\\files-2.1\\org.openjfx\\javafx-controls\\11.0.2\\6c763707769c18adce406904c771c2ad1fcc370b\\javafx-controls-11.0.2-win.jar;C:\\Users\\Flore\\.gradle\\caches\\modules-2\\files-2.1\\org.openjfx\\javafx-controls\\11.0.2\\4ab633cf1eea60f76e2ae9905aedac862da88b08\\javafx-controls-11.0.2.jar;C:\\Users\\Flore\\.gradle\\caches\\modules-2\\files-2.1\\org.openjfx\\javafx-graphics\\11.0.2\\20459ea2cf714942bcbeb78a7f70ba3531dc1a44\\javafx-graphics-11.0.2-win.jar;C:\\Users\\Flore\\.gradle\\caches\\modules-2\\files-2.1\\org.openjfx\\javafx-graphics\\11.0.2\\e522eb4ea422eceeee207b1c266ba3db19b2343a\\javafx-graphics-11.0.2.jar;C:\\Users\\Flore\\.gradle\\caches\\modules-2\\files-2.1\\org.openjfx\\javafx-base\\11.0.2\\1852e57b8cf9a9b6488c33605bccd5d06ff210e1\\javafx-base-11.0.2-win.jar;C:\\Users\\Flore\\.gradle\\caches\\modules-2\\files-2.1\\org.openjfx\\javafx-base\\11.0.2\\7fb2e4a8528ec9e434a9ac9ee98b39af79e6dcb8\\javafx-base-11.0.2.jar;C:\\Users\\Flore\\.gradle\\caches\\modules-2\\files-2.1\\junit\\junit\\4.12\\2973d150c0dc1fefe998f834810d68f278ea58ec\\junit-4.12.jar;C:\\Users\\Flore\\.gradle\\caches\\modules-2\\files-2.1\\com.google.protobuf\\protobuf-java\\3.6.1\\d06d46ecfd92ec6d0f3b423b4cd81cb38d8b924\\protobuf-java-3.6.1.jar;C:\\Users\\Flore\\.gradle\\caches\\modules-2\\files-2.1\\org.springframework\\spring-aop\\5.0.4.RELEASE\\f8e029e54c0267dadb6b9f713f3feb54ec4f3a0e\\spring-aop-5.0.4.RELEASE.jar;C:\\Users\\Flore\\.gradle\\caches\\modules-2\\files-2.1\\org.springframework\\spring-beans\\5.0.4.RELEASE\\7a8c3d48d4c33621e64d1399721d8e067450fcbd\\spring-beans-5.0.4.RELEASE.jar;C:\\Users\\Flore\\.gradle\\caches\\modules-2\\files-2.1\\org.springframework\\spring-expression\\5.0.4.RELEASE\\4bda161f2e34c1486f2527a23eb47293567f473c\\spring-expression-5.0.4.RELEASE.jar;C:\\Users\\Flore\\.gradle\\caches\\modules-2\\files-2.1\\org.springframework\\spring-core\\5.0.4.RELEASE\\2221a957b5561a34f044350ba4e30ef5870254a3\\spring-core-5.0.4.RELEASE.jar;C:\\Users\\Flore\\.gradle\\caches\\modules-2\\files-2.1\\org.hamcrest\\hamcrest-core\\1.3\\42a25dc3219429f0e5d060061f71acb49bf010a0\\hamcrest-core-1.3.jar;C:\\Users\\Flore\\.gradle\\caches\\modules-2\\files-2.1\\org.springframework\\spring-jcl\\5.0.4.RELEASE\\3053e2bad0a18571bdbb9596ce51f9d458f5934f\\spring-jcl-5.0.4.RELEASE.jar, java.vm.vendor=Oracle Corporation, sun.arch.data.model=64, user.variant=, java.vendor.url=http://java.oracle.com/, user.timezone=Europe/Athens, os.name=Windows 10, java.vm.specification.version=11, user.country=US, sun.java.launcher=SUN_STANDARD, sun.boot.library.path=C:\Program Files\Java\jdk-11.0.4\bin, sun.java.command=worker.org.gradle.process.internal.worker.GradleWorkerMain 'Gradle Test Executor 2', jdk.debug=release, sun.cpu.endian=little, user.home=C:\Users\Flore, user.language=en, java.specification.vendor=Oracle Corporation, org.gradle.native=false, java.version.date=2019-07-16, java.home=C:\Program Files\Java\jdk-11.0.4, file.separator=\, java.vm.compressedOopsMode=32-bit, line.separator=
, java.specification.name=Java Platform API Specification, java.vm.specification.vendor=Oracle Corporation, java.awt.graphicsenv=sun.awt.Win32GraphicsEnvironment, user.script=, sun.management.compiler=HotSpot 64-Bit Tiered Compilers, java.runtime.version=11.0.4+10-LTS, user.name=Flore, path.separator=;, os.version=10.0, java.runtime.name=Java(TM) SE Runtime Environment, file.encoding=windows-1252, java.vm.name=Java HotSpot(TM) 64-Bit Server VM, java.vendor.version=18.9, java.vendor.url.bug=http://bugreport.java.com/bugreport/, java.io.tmpdir=C:\Users\Flore\AppData\Local\Temp\, java.version=11.0.4, user.dir=C:\Users\Flore\Desktop\info18\MPP\gitApps\ContestApp, os.arch=amd64, java.vm.specification.name=Java Virtual Machine Specification, java.awt.printerjob=sun.awt.windows.WPrinterJob, sun.os.patch.level=, java.library.path=C:\Program Files\Java\jdk-11.0.4\bin;C:\WINDOWS\Sun\Java\bin;C:\WINDOWS\system32;C:\WINDOWS;C:\Program Files (x86)\Microsoft Visual Studio\Shared\Python37_64\Scripts\;C:\Program Files (x86)\Microsoft Visual Studio\Shared\Python37_64\;C:\Program Files\Python38\Scripts\;C:\Program Files\Python38\;C:\WINDOWS\system32;C:\WINDOWS;C:\WINDOWS\System32\Wbem;C:\WINDOWS\System32\WindowsPowerShell\v1.0\;C:\WINDOWS\System32\OpenSSH\;C:\Program Files (x86)\Smart Projects\IsoBuster;C:\Program Files\PuTTY\;C:\Program Files\Git\cmd;C:\Users\Flore\AppData\Roaming\nvm;C:\Program Files\nodejs;C:\Program Files\Microsoft SQL Server\Client SDK\ODBC\130\Tools\Binn\;C:\Program Files (x86)\Microsoft SQL Server\140\Tools\Binn\;C:\Program Files\Microsoft SQL Server\140\Tools\Binn\;C:\Program Files\Microsoft SQL Server\140\DTS\Binn\;C:\Program Files (x86)\Microsoft SQL Server\150\DTS\Binn\;C:\Program Files\Microsoft SQL Server\130\Tools\Binn\;C:\Program Files\Microsoft SQL Server\Client SDK\ODBC\170\Tools\Binn\;C:\Program Files\dotnet\;;C:\Users\Flore\AppData\Local\Programs\Microsoft VS Code\bin;C:\Program Files\JetBrains\PyCharm 2019.3.3\bin;;C:\Program Files\JetBrains\PyCharm Edu 2019.3.2\bin;;., java.vendor=Oracle Corporation, java.vm.info=mixed mode, java.vm.version=11.0.4+10-LTS, sun.io.unicode.encoding=UnicodeLittle, java.class.version=55.0}}, SystemEnvironmentPropertySource@1516957390 {name='systemEnvironment', properties={USERDOMAIN_ROAMINGPROFILE=DESKTOP-JGO467Q, NVM_SYMLINK=C:\Program Files\nodejs, PROCESSOR_LEVEL=6, SESSIONNAME=Console, ALLUSERSPROFILE=C:\ProgramData, PROCESSOR_ARCHITECTURE=AMD64, PSModulePath=C:\Program Files\WindowsPowerShell\Modules;C:\WINDOWS\system32\WindowsPowerShell\v1.0\Modules;C:\Program Files (x86)\Microsoft SQL Server\140\Tools\PowerShell\Modules\, SystemDrive=C:, USERNAME=Flore, ProgramFiles(x86)=C:\Program Files (x86), QtMsBuild=C:\Users\Flore\AppData\Local\QtMsBuild, FPS_BROWSER_USER_PROFILE_STRING=Default, PATHEXT=.COM;.EXE;.BAT;.CMD;.VBS;.VBE;.JS;.JSE;.WSF;.WSH;.MSC;.PY;.PYW, DriverData=C:\Windows\System32\Drivers\DriverData, ProgramData=C:\ProgramData, ProgramW6432=C:\Program Files, HOMEPATH=\Users\Flore, PROCESSOR_IDENTIFIER=Intel64 Family 6 Model 142 Stepping 9, GenuineIntel, ProgramFiles=C:\Program Files, PUBLIC=C:\Users\Public, VS160COMCOMNTOOLS=C:\Program Files (x86)\Microsoft Visual Studio\2019\Community\Common7\Tools\, windir=C:\WINDOWS, =::=::\, LOCALAPPDATA=C:\Users\Flore\AppData\Local, PyCharm Edu=C:\Program Files\JetBrains\PyCharm Edu 2019.3.2\bin;, USERDOMAIN=DESKTOP-JGO467Q, FPS_BROWSER_APP_PROFILE_STRING=Internet Explorer, LOGONSERVER=\\DESKTOP-JGO467Q, OneDrive=C:\Users\Flore\OneDrive, APPDATA=C:\Users\Flore\AppData\Roaming, VBOX_MSI_INSTALL_PATH=C:\Program Files\Oracle\VirtualBox\, CommonProgramFiles=C:\Program Files\Common Files, Path=C:\Program Files (x86)\Microsoft Visual Studio\Shared\Python37_64\Scripts\;C:\Program Files (x86)\Microsoft Visual Studio\Shared\Python37_64\;C:\Program Files\Python38\Scripts\;C:\Program Files\Python38\;C:\WINDOWS\system32;C:\WINDOWS;C:\WINDOWS\System32\Wbem;C:\WINDOWS\System32\WindowsPowerShell\v1.0\;C:\WINDOWS\System32\OpenSSH\;C:\Program Files (x86)\Smart Projects\IsoBuster;C:\Program Files\PuTTY\;C:\Program Files\Git\cmd;C:\Users\Flore\AppData\Roaming\nvm;C:\Program Files\nodejs;C:\Program Files\Microsoft SQL Server\Client SDK\ODBC\130\Tools\Binn\;C:\Program Files (x86)\Microsoft SQL Server\140\Tools\Binn\;C:\Program Files\Microsoft SQL Server\140\Tools\Binn\;C:\Program Files\Microsoft SQL Server\140\DTS\Binn\;C:\Program Files (x86)\Microsoft SQL Server\150\DTS\Binn\;C:\Program Files\Microsoft SQL Server\130\Tools\Binn\;C:\Program Files\Microsoft SQL Server\Client SDK\ODBC\170\Tools\Binn\;C:\Program Files\dotnet\;;C:\Users\Flore\AppData\Local\Programs\Microsoft VS Code\bin;C:\Program Files\JetBrains\PyCharm 2019.3.3\bin;;C:\Program Files\JetBrains\PyCharm Edu 2019.3.2\bin;, PyCharm=C:\Program Files\JetBrains\PyCharm 2019.3.3\bin;, OS=Windows_NT, COMPUTERNAME=DESKTOP-JGO467Q, NVM_HOME=C:\Users\Flore\AppData\Roaming\nvm, PROCESSOR_REVISION=8e09, CommonProgramW6432=C:\Program Files\Common Files, ComSpec=C:\WINDOWS\system32\cmd.exe, SystemRoot=C:\WINDOWS, TEMP=C:\Users\Flore\AppData\Local\Temp, HOMEDRIVE=C:, PT6HOME=C:\Program Files (x86)\Cisco Packet Tracer 6.2sv, USERPROFILE=C:\Users\Flore, TMP=C:\Users\Flore\AppData\Local\Temp, MYSQLCONNECTOR_ASSEMBLIESPATH=C:\Program Files (x86)\MySQL\Connector NET 8.0\Assemblies\v4.5.2, CommonProgramFiles(x86)=C:\Program Files (x86)\Common Files, NUMBER_OF_PROCESSORS=4, IDEA_INITIAL_DIRECTORY=C:\Users\Flore\Desktop}}]
16:02:13.336 [Test worker] INFO  org.springframework.beans.factory.xml.XmlBeanDefinitionReader - Loading XML bean definitions from class path resource [springConfigTest.xml]
16:02:13.338 [Test worker] DEBUG org.springframework.beans.factory.xml.DefaultDocumentLoader - Using JAXP provider [com.sun.org.apache.xerces.internal.jaxp.DocumentBuilderFactoryImpl]
16:02:13.340 [Test worker] TRACE org.springframework.beans.factory.xml.PluggableSchemaResolver - Trying to resolve XML entity with public id [null] and system id [http://www.springframework.org/schema/beans/spring-beans.xsd]
16:02:13.340 [Test worker] DEBUG org.springframework.beans.factory.xml.PluggableSchemaResolver - Loading schema mappings from [META-INF/spring.schemas]
16:02:13.342 [Test worker] DEBUG org.springframework.beans.factory.xml.PluggableSchemaResolver - Loaded schema mappings: {http://www.springframework.org/schema/context/spring-context-3.2.xsd=org/springframework/context/config/spring-context.xsd, http://www.springframework.org/schema/cache/spring-cache-4.3.xsd=org/springframework/cache/config/spring-cache.xsd, http://www.springframework.org/schema/beans/spring-beans-4.0.xsd=org/springframework/beans/factory/xml/spring-beans.xsd, http://www.springframework.org/schema/context/spring-context-2.5.xsd=org/springframework/context/config/spring-context.xsd, http://www.springframework.org/schema/context/spring-context-4.0.xsd=org/springframework/context/config/spring-context.xsd, http://www.springframework.org/schema/util/spring-util-4.3.xsd=org/springframework/beans/factory/xml/spring-util.xsd, http://www.springframework.org/schema/jee/spring-jee-2.0.xsd=org/springframework/ejb/config/spring-jee.xsd, http://www.springframework.org/schema/aop/spring-aop-2.0.xsd=org/springframework/aop/config/spring-aop.xsd, http://www.springframework.org/schema/tool/spring-tool-4.3.xsd=org/springframework/beans/factory/xml/spring-tool.xsd, http://www.springframework.org/schema/util/spring-util-2.0.xsd=org/springframework/beans/factory/xml/spring-util.xsd, http://www.springframework.org/schema/cache/spring-cache-4.2.xsd=org/springframework/cache/config/spring-cache.xsd, http://www.springframework.org/schema/context/spring-context-3.1.xsd=org/springframework/context/config/spring-context.xsd, http://www.springframework.org/schema/tool/spring-tool-2.0.xsd=org/springframework/beans/factory/xml/spring-tool.xsd, http://www.springframework.org/schema/tool/spring-tool.xsd=org/springframework/beans/factory/xml/spring-tool.xsd, http://www.springframework.org/schema/beans/spring-beans-3.2.xsd=org/springframework/beans/factory/xml/spring-beans.xsd, http://www.springframework.org/schema/util/spring-util-4.2.xsd=org/springframework/beans/factory/xml/spring-util.xsd, http://www.springframework.org/schema/beans/spring-beans-2.5.xsd=org/springframework/beans/factory/xml/spring-beans.xsd, http://www.springframework.org/schema/beans/spring-beans.xsd=org/springframework/beans/factory/xml/spring-beans.xsd, http://www.springframework.org/schema/tool/spring-tool-4.0.xsd=org/springframework/beans/factory/xml/spring-tool.xsd, http://www.springframework.org/schema/util/spring-util-4.1.xsd=org/springframework/beans/factory/xml/spring-util.xsd, http://www.springframework.org/schema/beans/spring-beans-4.2.xsd=org/springframework/beans/factory/xml/spring-beans.xsd, http://www.springframework.org/schema/context/spring-context-4.2.xsd=org/springframework/context/config/spring-context.xsd, http://www.springframework.org/schema/cache/spring-cache-4.1.xsd=org/springframework/cache/config/spring-cache.xsd, http://www.springframework.org/schema/lang/spring-lang-3.0.xsd=org/springframework/scripting/config/spring-lang.xsd, http://www.springframework.org/schema/jee/spring-jee-4.3.xsd=org/springframework/ejb/config/spring-jee.xsd, http://www.springframework.org/schema/aop/spring-aop-4.3.xsd=org/springframework/aop/config/spring-aop.xsd, http://www.springframework.org/schema/beans/spring-beans-4.3.xsd=org/springframework/beans/factory/xml/spring-beans.xsd, http://www.springframework.org/schema/tool/spring-tool-4.1.xsd=org/springframework/beans/factory/xml/spring-tool.xsd, http://www.springframework.org/schema/task/spring-task-4.3.xsd=org/springframework/scheduling/config/spring-task.xsd, http://www.springframework.org/schema/util/spring-util-4.0.xsd=org/springframework/beans/factory/xml/spring-util.xsd, http://www.springframework.org/schema/beans/spring-beans-4.1.xsd=org/springframework/beans/factory/xml/spring-beans.xsd, http://www.springframework.org/schema/lang/spring-lang.xsd=org/springframework/scripting/config/spring-lang.xsd, http://www.springframework.org/schema/cache/spring-cache-4.0.xsd=org/springframework/cache/config/spring-cache.xsd, http://www.springframework.org/schema/context/spring-context-4.1.xsd=org/springframework/context/config/spring-context.xsd, http://www.springframework.org/schema/aop/spring-aop-4.2.xsd=org/springframework/aop/config/spring-aop.xsd, http://www.springframework.org/schema/tool/spring-tool-4.2.xsd=org/springframework/beans/factory/xml/spring-tool.xsd, http://www.springframework.org/schema/util/spring-util-2.5.xsd=org/springframework/beans/factory/xml/spring-util.xsd, http://www.springframework.org/schema/jee/spring-jee-4.2.xsd=org/springframework/ejb/config/spring-jee.xsd, http://www.springframework.org/schema/lang/spring-lang-3.1.xsd=org/springframework/scripting/config/spring-lang.xsd, http://www.springframework.org/schema/task/spring-task.xsd=org/springframework/scheduling/config/spring-task.xsd, http://www.springframework.org/schema/task/spring-task-4.2.xsd=org/springframework/scheduling/config/spring-task.xsd, http://www.springframework.org/schema/aop/spring-aop.xsd=org/springframework/aop/config/spring-aop.xsd, http://www.springframework.org/schema/lang/spring-lang-4.0.xsd=org/springframework/scripting/config/spring-lang.xsd, http://www.springframework.org/schema/beans/spring-beans-2.0.xsd=org/springframework/beans/factory/xml/spring-beans.xsd, http://www.springframework.org/schema/task/spring-task-4.1.xsd=org/springframework/scheduling/config/spring-task.xsd, http://www.springframework.org/schema/tool/spring-tool-3.1.xsd=org/springframework/beans/factory/xml/spring-tool.xsd, http://www.springframework.org/schema/util/spring-util-3.2.xsd=org/springframework/beans/factory/xml/spring-util.xsd, http://www.springframework.org/schema/jee/spring-jee-4.1.xsd=org/springframework/ejb/config/spring-jee.xsd, http://www.springframework.org/schema/lang/spring-lang-3.2.xsd=org/springframework/scripting/config/spring-lang.xsd, http://www.springframework.org/schema/cache/spring-cache-3.2.xsd=org/springframework/cache/config/spring-cache.xsd, http://www.springframework.org/schema/aop/spring-aop-4.1.xsd=org/springframework/aop/config/spring-aop.xsd, http://www.springframework.org/schema/util/spring-util.xsd=org/springframework/beans/factory/xml/spring-util.xsd, http://www.springframework.org/schema/jee/spring-jee-3.2.xsd=org/springframework/ejb/config/spring-jee.xsd, http://www.springframework.org/schema/util/spring-util-3.0.xsd=org/springframework/beans/factory/xml/spring-util.xsd, http://www.springframework.org/schema/lang/spring-lang-4.1.xsd=org/springframework/scripting/config/spring-lang.xsd, http://www.springframework.org/schema/aop/spring-aop-3.2.xsd=org/springframework/aop/config/spring-aop.xsd, http://www.springframework.org/schema/tool/spring-tool-3.2.xsd=org/springframework/beans/factory/xml/spring-tool.xsd, http://www.springframework.org/schema/context/spring-context-4.3.xsd=org/springframework/context/config/spring-context.xsd, http://www.springframework.org/schema/lang/spring-lang-2.5.xsd=org/springframework/scripting/config/spring-lang.xsd, http://www.springframework.org/schema/jee/spring-jee.xsd=org/springframework/ejb/config/spring-jee.xsd, http://www.springframework.org/schema/util/spring-util-3.1.xsd=org/springframework/beans/factory/xml/spring-util.xsd, http://www.springframework.org/schema/jee/spring-jee-2.5.xsd=org/springframework/ejb/config/spring-jee.xsd, http://www.springframework.org/schema/task/spring-task-4.0.xsd=org/springframework/scheduling/config/spring-task.xsd, http://www.springframework.org/schema/aop/spring-aop-2.5.xsd=org/springframework/aop/config/spring-aop.xsd, http://www.springframework.org/schema/context/spring-context.xsd=org/springframework/context/config/spring-context.xsd, http://www.springframework.org/schema/cache/spring-cache-3.1.xsd=org/springframework/cache/config/spring-cache.xsd, http://www.springframework.org/schema/aop/spring-aop-4.0.xsd=org/springframework/aop/config/spring-aop.xsd, http://www.springframework.org/schema/jee/spring-jee-4.0.xsd=org/springframework/ejb/config/spring-jee.xsd, http://www.springframework.org/schema/tool/spring-tool-2.5.xsd=org/springframework/beans/factory/xml/spring-tool.xsd, http://www.springframework.org/schema/task/spring-task-3.2.xsd=org/springframework/scheduling/config/spring-task.xsd, http://www.springframework.org/schema/beans/spring-beans-3.0.xsd=org/springframework/beans/factory/xml/spring-beans.xsd, http://www.springframework.org/schema/jee/spring-jee-3.0.xsd=org/springframework/ejb/config/spring-jee.xsd, http://www.springframework.org/schema/aop/spring-aop-3.1.xsd=org/springframework/aop/config/spring-aop.xsd, http://www.springframework.org/schema/jee/spring-jee-3.1.xsd=org/springframework/ejb/config/spring-jee.xsd, http://www.springframework.org/schema/lang/spring-lang-4.3.xsd=org/springframework/scripting/config/spring-lang.xsd, http://www.springframework.org/schema/aop/spring-aop-3.0.xsd=org/springframework/aop/config/spring-aop.xsd, http://www.springframework.org/schema/beans/spring-beans-3.1.xsd=org/springframework/beans/factory/xml/spring-beans.xsd, http://www.springframework.org/schema/lang/spring-lang-2.0.xsd=org/springframework/scripting/config/spring-lang.xsd, http://www.springframework.org/schema/task/spring-task-3.1.xsd=org/springframework/scheduling/config/spring-task.xsd, http://www.springframework.org/schema/lang/spring-lang-4.2.xsd=org/springframework/scripting/config/spring-lang.xsd, http://www.springframework.org/schema/tool/spring-tool-3.0.xsd=org/springframework/beans/factory/xml/spring-tool.xsd, http://www.springframework.org/schema/task/spring-task-3.0.xsd=org/springframework/scheduling/config/spring-task.xsd, http://www.springframework.org/schema/context/spring-context-3.0.xsd=org/springframework/context/config/spring-context.xsd, http://www.springframework.org/schema/cache/spring-cache.xsd=org/springframework/cache/config/spring-cache.xsd}
16:02:13.343 [Test worker] DEBUG org.springframework.beans.factory.xml.PluggableSchemaResolver - Found XML schema [http://www.springframework.org/schema/beans/spring-beans.xsd] in classpath: org/springframework/beans/factory/xml/spring-beans.xsd
16:02:13.349 [Test worker] TRACE org.springframework.beans.factory.xml.PluggableSchemaResolver - Trying to resolve XML entity with public id [null] and system id [http://www.springframework.org/schema/util/spring-util.xsd]
16:02:13.350 [Test worker] DEBUG org.springframework.beans.factory.xml.PluggableSchemaResolver - Found XML schema [http://www.springframework.org/schema/util/spring-util.xsd] in classpath: org/springframework/beans/factory/xml/spring-util.xsd
16:02:13.353 [Test worker] TRACE org.springframework.beans.factory.xml.PluggableSchemaResolver - Trying to resolve XML entity with public id [null] and system id [http://www.springframework.org/schema/tool/spring-tool.xsd]
16:02:13.354 [Test worker] DEBUG org.springframework.beans.factory.xml.PluggableSchemaResolver - Found XML schema [http://www.springframework.org/schema/tool/spring-tool.xsd] in classpath: org/springframework/beans/factory/xml/spring-tool.xsd
16:02:13.358 [Test worker] DEBUG org.springframework.beans.factory.xml.DefaultBeanDefinitionDocumentReader - Loading bean definitions
16:02:13.359 [Test worker] DEBUG org.springframework.beans.factory.xml.DefaultNamespaceHandlerResolver - Loaded NamespaceHandler mappings: {http://www.springframework.org/schema/aop=org.springframework.aop.config.AopNamespaceHandler, http://www.springframework.org/schema/cache=org.springframework.cache.config.CacheNamespaceHandler, http://www.springframework.org/schema/task=org.springframework.scheduling.config.TaskNamespaceHandler, http://www.springframework.org/schema/p=org.springframework.beans.factory.xml.SimplePropertyNamespaceHandler, http://www.springframework.org/schema/lang=org.springframework.scripting.config.LangNamespaceHandler, http://www.springframework.org/schema/util=org.springframework.beans.factory.xml.UtilNamespaceHandler, http://www.springframework.org/schema/c=org.springframework.beans.factory.xml.SimpleConstructorNamespaceHandler, http://www.springframework.org/schema/context=org.springframework.context.config.ContextNamespaceHandler, http://www.springframework.org/schema/jee=org.springframework.ejb.config.JeeNamespaceHandler}
16:02:13.360 [Test worker] DEBUG org.springframework.beans.factory.xml.XmlBeanDefinitionReader - Loaded 8 bean definitions from location pattern [classpath:springConfigTest.xml]
16:02:13.361 [Test worker] DEBUG org.springframework.context.support.ClassPathXmlApplicationContext - Bean factory for org.springframework.context.support.ClassPathXmlApplicationContext@3ce728e: org.springframework.beans.factory.support.DefaultListableBeanFactory@2a67dc40: defining beans [jdbcProps,repoCategT,repoProbeT,valParticipantiT,repoParticipantiT,valInscrieriT,repoInscrieriT,serviceT]; root of factory hierarchy
16:02:13.362 [Test worker] DEBUG org.springframework.context.support.ClassPathXmlApplicationContext - Unable to locate MessageSource with name 'messageSource': using default [org.springframework.context.support.DelegatingMessageSource@2159c69e]
16:02:13.362 [Test worker] DEBUG org.springframework.context.support.ClassPathXmlApplicationContext - Unable to locate ApplicationEventMulticaster with name 'applicationEventMulticaster': using default [org.springframework.context.event.SimpleApplicationEventMulticaster@362c6be8]
16:02:13.362 [Test worker] DEBUG org.springframework.beans.factory.support.DefaultListableBeanFactory - Pre-instantiating singletons in org.springframework.beans.factory.support.DefaultListableBeanFactory@2a67dc40: defining beans [jdbcProps,repoCategT,repoProbeT,valParticipantiT,repoParticipantiT,valInscrieriT,repoInscrieriT,serviceT]; root of factory hierarchy
16:02:13.362 [Test worker] DEBUG org.springframework.beans.factory.support.DefaultListableBeanFactory - Creating shared instance of singleton bean 'jdbcProps'
16:02:13.362 [Test worker] DEBUG org.springframework.beans.factory.support.DefaultListableBeanFactory - Creating instance of bean 'jdbcProps'
16:02:13.362 [Test worker] DEBUG org.springframework.beans.factory.support.DefaultListableBeanFactory - Eagerly caching bean 'jdbcProps' to allow for resolving potential circular references
16:02:13.362 [Test worker] TRACE org.springframework.beans.CachedIntrospectionResults - Getting BeanInfo for class [org.springframework.beans.factory.config.PropertiesFactoryBean]
16:02:13.362 [Test worker] TRACE org.springframework.beans.CachedIntrospectionResults - Caching PropertyDescriptors for class [org.springframework.beans.factory.config.PropertiesFactoryBean]
16:02:13.362 [Test worker] TRACE org.springframework.beans.CachedIntrospectionResults - Found bean property 'class' of type [java.lang.Class]
16:02:13.363 [Test worker] TRACE org.springframework.beans.CachedIntrospectionResults - Found bean property 'fileEncoding' of type [java.lang.String]
16:02:13.363 [Test worker] TRACE org.springframework.beans.CachedIntrospectionResults - Found bean property 'ignoreResourceNotFound' of type [boolean]
16:02:13.363 [Test worker] TRACE org.springframework.beans.CachedIntrospectionResults - Found bean property 'localOverride' of type [boolean]
16:02:13.363 [Test worker] TRACE org.springframework.beans.CachedIntrospectionResults - Found bean property 'location' of type [org.springframework.core.io.Resource]
16:02:13.363 [Test worker] TRACE org.springframework.beans.CachedIntrospectionResults - Found bean property 'locations' of type [[Lorg.springframework.core.io.Resource;]
16:02:13.363 [Test worker] TRACE org.springframework.beans.CachedIntrospectionResults - Found bean property 'object' of type [java.util.Properties]
16:02:13.363 [Test worker] TRACE org.springframework.beans.CachedIntrospectionResults - Found bean property 'objectType' of type [java.lang.Class]
16:02:13.363 [Test worker] TRACE org.springframework.beans.CachedIntrospectionResults - Found bean property 'properties' of type [java.util.Properties]
16:02:13.363 [Test worker] TRACE org.springframework.beans.CachedIntrospectionResults - Found bean property 'propertiesArray' of type [[Ljava.util.Properties;]
16:02:13.363 [Test worker] TRACE org.springframework.beans.CachedIntrospectionResults - Found bean property 'propertiesPersister' of type [org.springframework.util.PropertiesPersister]
16:02:13.363 [Test worker] TRACE org.springframework.beans.CachedIntrospectionResults - Found bean property 'singleton' of type [boolean]
16:02:13.366 [Test worker] DEBUG org.springframework.beans.factory.support.DefaultListableBeanFactory - Invoking afterPropertiesSet() on bean with name 'jdbcProps'
16:02:13.366 [Test worker] DEBUG org.springframework.beans.factory.config.PropertiesFactoryBean - Loading properties file from class path resource [configTest.properties]
16:02:13.366 [Test worker] DEBUG org.springframework.beans.factory.support.DefaultListableBeanFactory - Finished creating instance of bean 'jdbcProps'
16:02:13.367 [Test worker] DEBUG org.springframework.beans.factory.support.DefaultListableBeanFactory - Creating shared instance of singleton bean 'repoCategT'
16:02:13.367 [Test worker] DEBUG org.springframework.beans.factory.support.DefaultListableBeanFactory - Creating instance of bean 'repoCategT'
16:02:13.367 [Test worker] DEBUG org.springframework.beans.factory.support.DefaultListableBeanFactory - Returning cached instance of singleton bean 'jdbcProps'
16:02:13.375 [Test worker] TRACE repository.RepoCategVarsta - Enter initializing properties with {mySql.url=jdbc:mysql://localhost:3306/contesttest, password=lasPalmeras18, mySql.jdbcDriver=com.mysql.cj.jdbc.Driver, user=root}
16:02:13.375 [Test worker] DEBUG org.springframework.beans.factory.support.DefaultListableBeanFactory - Eagerly caching bean 'repoCategT' to allow for resolving potential circular references
16:02:13.375 [Test worker] DEBUG org.springframework.beans.factory.support.DefaultListableBeanFactory - Finished creating instance of bean 'repoCategT'
16:02:13.376 [Test worker] DEBUG org.springframework.beans.factory.support.DefaultListableBeanFactory - Creating shared instance of singleton bean 'repoProbeT'
16:02:13.376 [Test worker] DEBUG org.springframework.beans.factory.support.DefaultListableBeanFactory - Creating instance of bean 'repoProbeT'
16:02:13.376 [Test worker] DEBUG org.springframework.beans.factory.support.DefaultListableBeanFactory - Returning cached instance of singleton bean 'jdbcProps'
16:02:13.376 [Test worker] DEBUG org.springframework.beans.factory.support.DefaultListableBeanFactory - Returning cached instance of singleton bean 'repoCategT'
16:02:13.377 [Test worker] INFO  repository.RepoProbe - initializing RepoParticipanti with properties {mySql.url=jdbc:mysql://localhost:3306/contesttest, password=lasPalmeras18, mySql.jdbcDriver=com.mysql.cj.jdbc.Driver, user=root}
16:02:13.377 [Test worker] DEBUG org.springframework.beans.factory.support.DefaultListableBeanFactory - Eagerly caching bean 'repoProbeT' to allow for resolving potential circular references
16:02:13.378 [Test worker] DEBUG org.springframework.beans.factory.support.DefaultListableBeanFactory - Finished creating instance of bean 'repoProbeT'
16:02:13.378 [Test worker] DEBUG org.springframework.beans.factory.support.DefaultListableBeanFactory - Creating shared instance of singleton bean 'valParticipantiT'
16:02:13.378 [Test worker] DEBUG org.springframework.beans.factory.support.DefaultListableBeanFactory - Creating instance of bean 'valParticipantiT'
16:02:13.378 [Test worker] DEBUG org.springframework.beans.factory.support.DefaultListableBeanFactory - Eagerly caching bean 'valParticipantiT' to allow for resolving potential circular references
16:02:13.378 [Test worker] DEBUG org.springframework.beans.factory.support.DefaultListableBeanFactory - Creating shared instance of singleton bean 'repoParticipantiT'
16:02:13.378 [Test worker] DEBUG org.springframework.beans.factory.support.DefaultListableBeanFactory - Creating instance of bean 'repoParticipantiT'
16:02:13.378 [Test worker] DEBUG org.springframework.beans.factory.support.DefaultListableBeanFactory - Returning cached instance of singleton bean 'jdbcProps'
16:02:13.378 [Test worker] DEBUG org.springframework.beans.factory.support.DefaultListableBeanFactory - Returning cached instance of singleton bean 'repoProbeT'
16:02:13.379 [Test worker] DEBUG org.springframework.beans.factory.support.DefaultListableBeanFactory - Returning eagerly cached instance of singleton bean 'valParticipantiT' that is not fully initialized yet - a consequence of a circular reference
16:02:13.380 [Test worker] INFO  repository.RepoParticipanti - initializing RepoParticipanti with properties {mySql.url=jdbc:mysql://localhost:3306/contesttest, password=lasPalmeras18, mySql.jdbcDriver=com.mysql.cj.jdbc.Driver, user=root}
16:02:13.381 [Test worker] DEBUG org.springframework.beans.factory.support.DefaultListableBeanFactory - Eagerly caching bean 'repoParticipantiT' to allow for resolving potential circular references
16:02:13.381 [Test worker] DEBUG org.springframework.beans.factory.support.DefaultListableBeanFactory - Finished creating instance of bean 'repoParticipantiT'
16:02:13.381 [Test worker] TRACE org.springframework.beans.CachedIntrospectionResults - Getting BeanInfo for class [validator.ValParticipanti]
16:02:13.381 [Test worker] TRACE org.springframework.beans.CachedIntrospectionResults - Caching PropertyDescriptors for class [validator.ValParticipanti]
16:02:13.381 [Test worker] TRACE org.springframework.beans.CachedIntrospectionResults - Found bean property 'class' of type [java.lang.Class]
16:02:13.381 [Test worker] TRACE org.springframework.beans.CachedIntrospectionResults - Found bean property 'repoParticipanti' of type [repository.RepoParticipanti]
16:02:13.382 [Test worker] DEBUG org.springframework.beans.factory.support.DefaultListableBeanFactory - Finished creating instance of bean 'valParticipantiT'
16:02:13.382 [Test worker] DEBUG org.springframework.beans.factory.support.DefaultListableBeanFactory - Returning cached instance of singleton bean 'repoParticipantiT'
16:02:13.382 [Test worker] DEBUG org.springframework.beans.factory.support.DefaultListableBeanFactory - Creating shared instance of singleton bean 'valInscrieriT'
16:02:13.382 [Test worker] DEBUG org.springframework.beans.factory.support.DefaultListableBeanFactory - Creating instance of bean 'valInscrieriT'
16:02:13.382 [Test worker] DEBUG org.springframework.beans.factory.support.DefaultListableBeanFactory - Eagerly caching bean 'valInscrieriT' to allow for resolving potential circular references
16:02:13.383 [Test worker] DEBUG org.springframework.beans.factory.support.DefaultListableBeanFactory - Creating shared instance of singleton bean 'repoInscrieriT'
16:02:13.383 [Test worker] DEBUG org.springframework.beans.factory.support.DefaultListableBeanFactory - Creating instance of bean 'repoInscrieriT'
16:02:13.383 [Test worker] DEBUG org.springframework.beans.factory.support.DefaultListableBeanFactory - Returning cached instance of singleton bean 'jdbcProps'
16:02:13.383 [Test worker] DEBUG org.springframework.beans.factory.support.DefaultListableBeanFactory - Returning cached instance of singleton bean 'repoParticipantiT'
16:02:13.383 [Test worker] DEBUG org.springframework.beans.factory.support.DefaultListableBeanFactory - Returning cached instance of singleton bean 'repoProbeT'
16:02:13.383 [Test worker] DEBUG org.springframework.beans.factory.support.DefaultListableBeanFactory - Returning eagerly cached instance of singleton bean 'valInscrieriT' that is not fully initialized yet - a consequence of a circular reference
16:02:13.402 [Test worker] TRACE repository.RepoParticipanti - Enter initializing props with {mySql.url=jdbc:mysql://localhost:3306/contesttest, password=lasPalmeras18, mySql.jdbcDriver=com.mysql.cj.jdbc.Driver, user=root}
16:02:13.403 [Test worker] DEBUG org.springframework.beans.factory.support.DefaultListableBeanFactory - Eagerly caching bean 'repoInscrieriT' to allow for resolving potential circular references
16:02:13.403 [Test worker] DEBUG org.springframework.beans.factory.support.DefaultListableBeanFactory - Finished creating instance of bean 'repoInscrieriT'
16:02:13.403 [Test worker] TRACE org.springframework.beans.CachedIntrospectionResults - Getting BeanInfo for class [validator.ValInscriere]
16:02:13.403 [Test worker] TRACE org.springframework.beans.CachedIntrospectionResults - Caching PropertyDescriptors for class [validator.ValInscriere]
16:02:13.403 [Test worker] TRACE org.springframework.beans.CachedIntrospectionResults - Found bean property 'class' of type [java.lang.Class]
16:02:13.403 [Test worker] TRACE org.springframework.beans.CachedIntrospectionResults - Found bean property 'repoInscrieri' of type [repository.RepoInscrieri]
16:02:13.405 [Test worker] DEBUG org.springframework.beans.factory.support.DefaultListableBeanFactory - Finished creating instance of bean 'valInscrieriT'
16:02:13.405 [Test worker] DEBUG org.springframework.beans.factory.support.DefaultListableBeanFactory - Returning cached instance of singleton bean 'repoInscrieriT'
16:02:13.406 [Test worker] DEBUG org.springframework.beans.factory.support.DefaultListableBeanFactory - Creating shared instance of singleton bean 'serviceT'
16:02:13.406 [Test worker] DEBUG org.springframework.beans.factory.support.DefaultListableBeanFactory - Creating instance of bean 'serviceT'
16:02:13.406 [Test worker] DEBUG org.springframework.beans.factory.support.DefaultListableBeanFactory - Returning cached instance of singleton bean 'repoInscrieriT'
16:02:13.406 [Test worker] DEBUG org.springframework.beans.factory.support.DefaultListableBeanFactory - Returning cached instance of singleton bean 'repoCategT'
16:02:13.406 [Test worker] DEBUG org.springframework.beans.factory.support.DefaultListableBeanFactory - Returning cached instance of singleton bean 'repoParticipantiT'
16:02:13.406 [Test worker] DEBUG org.springframework.beans.factory.support.DefaultListableBeanFactory - Returning cached instance of singleton bean 'repoProbeT'
16:02:13.408 [Test worker] DEBUG org.springframework.beans.factory.support.DefaultListableBeanFactory - Eagerly caching bean 'serviceT' to allow for resolving potential circular references
16:02:13.408 [Test worker] DEBUG org.springframework.beans.factory.support.DefaultListableBeanFactory - Finished creating instance of bean 'serviceT'
16:02:13.408 [Test worker] DEBUG org.springframework.context.support.ClassPathXmlApplicationContext - Unable to locate LifecycleProcessor with name 'lifecycleProcessor': using default [org.springframework.context.support.DefaultLifecycleProcessor@53de61bd]
16:02:13.408 [Test worker] DEBUG org.springframework.beans.factory.support.DefaultListableBeanFactory - Returning cached instance of singleton bean 'lifecycleProcessor'
16:02:13.408 [Test worker] TRACE org.springframework.context.support.ClassPathXmlApplicationContext - Publishing event in org.springframework.context.support.ClassPathXmlApplicationContext@3ce728e: org.springframework.context.event.ContextRefreshedEvent[source=org.springframework.context.support.ClassPathXmlApplicationContext@3ce728e: startup date [Mon Mar 23 16:02:13 EET 2020]; root of context hierarchy]
16:02:13.408 [Test worker] TRACE org.springframework.core.env.PropertySourcesPropertyResolver - Searching for key 'spring.liveBeansView.mbeanDomain' in PropertySource 'systemProperties'
16:02:13.408 [Test worker] TRACE org.springframework.core.env.PropertySourcesPropertyResolver - Searching for key 'spring.liveBeansView.mbeanDomain' in PropertySource 'systemEnvironment'
16:02:13.408 [Test worker] DEBUG org.springframework.core.env.PropertySourcesPropertyResolver - Could not find key 'spring.liveBeansView.mbeanDomain' in any property source
16:02:13.409 [Test worker] DEBUG org.springframework.beans.factory.support.DefaultListableBeanFactory - Returning cached instance of singleton bean 'repoParticipantiT'
16:02:13.409 [Test worker] TRACE repository.RepoParticipanti - Enter cauta participant cu id 1
16:02:13.433 [Test worker] TRACE repository.RepoParticipanti - Enter modifica participant cu id 1
16:02:13.433 [Test worker] TRACE repository.RepoParticipanti - Enter cauta participant cu id 1
16:02:13.538 [Test worker] TRACE repository.RepoParticipanti - Enter cauta participant cu id 1
16:02:13.565 [Test worker] TRACE repository.RepoParticipanti - Enter cauta participant cu id 1
16:02:13.591 [Test worker] TRACE repository.RepoParticipanti - Enter modifica participant cu id 1
16:02:13.591 [Test worker] TRACE repository.RepoParticipanti - Enter cauta participant cu id 1
16:02:13.667 [Test worker] TRACE repository.RepoParticipanti - Enter size RepoParticipanti test
16:02:13.667 [Test worker] DEBUG org.springframework.core.env.StandardEnvironment - Adding PropertySource 'systemProperties' with lowest search precedence
16:02:13.668 [Test worker] DEBUG org.springframework.core.env.StandardEnvironment - Adding PropertySource 'systemEnvironment' with lowest search precedence
16:02:13.668 [Test worker] DEBUG org.springframework.core.env.StandardEnvironment - Initialized StandardEnvironment with PropertySources [MapPropertySource@1342405555 {name='systemProperties', properties={sun.desktop=windows, awt.toolkit=sun.awt.windows.WToolkit, java.specification.version=11, sun.cpu.isalist=amd64, sun.jnu.encoding=Cp1252, org.gradle.test.worker=2, java.class.path=C:\\Users\\Flore\\.gradle\\caches\\5.2.1\\workerMain\\gradle-worker.jar;C:\\Users\\Flore\\Desktop\\info18\\MPP\\gitApps\\ContestApp\\build\\classes\\java\\test;C:\\Users\\Flore\\Desktop\\info18\\MPP\\gitApps\\ContestApp\\build\\resources\\test;C:\\Users\\Flore\\Desktop\\info18\\MPP\\gitApps\\ContestApp\\build\\classes\\java\\main;C:\\Users\\Flore\\Desktop\\info18\\MPP\\gitApps\\ContestApp\\build\\resources\\main;C:\\Users\\Flore\\.gradle\\caches\\modules-2\\files-2.1\\org.apache.logging.log4j\\log4j-core\\2.10.0\\c90b597163cd28ab6d9687edd53db601b6ea75a1\\log4j-core-2.10.0.jar;C:\\Users\\Flore\\.gradle\\caches\\modules-2\\files-2.1\\org.apache.logging.log4j\\log4j-api\\2.10.0\\fec5797a55b786184a537abd39c3fa1449d752d6\\log4j-api-2.10.0.jar;C:\\Users\\Flore\\.gradle\\caches\\modules-2\\files-2.1\\org.openjfx\\javafx\\11\\f5bf07162249920ce2807804016227a9719211ce\\javafx-11.pom;C:\\Users\\Flore\\.gradle\\caches\\modules-2\\files-2.1\\mysql\\mysql-connector-java\\8.0.16\\6088b7a25188ab4b3ab865422a8ec77ade29236\\mysql-connector-java-8.0.16.jar;C:\\Users\\Flore\\.gradle\\caches\\modules-2\\files-2.1\\org.springframework\\spring-context\\5.0.4.RELEASE\\3e76d08c851113077642c5704f0f94d5ce58e905\\spring-context-5.0.4.RELEASE.jar;C:\\Users\\Flore\\.gradle\\caches\\modules-2\\files-2.1\\org.openjfx\\javafx-fxml\\11.0.2\\b3242e4c031558574de2a1da685bb5fcdbb8a530\\javafx-fxml-11.0.2-win.jar;C:\\Users\\Flore\\.gradle\\caches\\modules-2\\files-2.1\\org.openjfx\\javafx-controls\\11.0.2\\6c763707769c18adce406904c771c2ad1fcc370b\\javafx-controls-11.0.2-win.jar;C:\\Users\\Flore\\.gradle\\caches\\modules-2\\files-2.1\\org.openjfx\\javafx-controls\\11.0.2\\4ab633cf1eea60f76e2ae9905aedac862da88b08\\javafx-controls-11.0.2.jar;C:\\Users\\Flore\\.gradle\\caches\\modules-2\\files-2.1\\org.openjfx\\javafx-graphics\\11.0.2\\20459ea2cf714942bcbeb78a7f70ba3531dc1a44\\javafx-graphics-11.0.2-win.jar;C:\\Users\\Flore\\.gradle\\caches\\modules-2\\files-2.1\\org.openjfx\\javafx-graphics\\11.0.2\\e522eb4ea422eceeee207b1c266ba3db19b2343a\\javafx-graphics-11.0.2.jar;C:\\Users\\Flore\\.gradle\\caches\\modules-2\\files-2.1\\org.openjfx\\javafx-base\\11.0.2\\1852e57b8cf9a9b6488c33605bccd5d06ff210e1\\javafx-base-11.0.2-win.jar;C:\\Users\\Flore\\.gradle\\caches\\modules-2\\files-2.1\\org.openjfx\\javafx-base\\11.0.2\\7fb2e4a8528ec9e434a9ac9ee98b39af79e6dcb8\\javafx-base-11.0.2.jar;C:\\Users\\Flore\\.gradle\\caches\\modules-2\\files-2.1\\junit\\junit\\4.12\\2973d150c0dc1fefe998f834810d68f278ea58ec\\junit-4.12.jar;C:\\Users\\Flore\\.gradle\\caches\\modules-2\\files-2.1\\com.google.protobuf\\protobuf-java\\3.6.1\\d06d46ecfd92ec6d0f3b423b4cd81cb38d8b924\\protobuf-java-3.6.1.jar;C:\\Users\\Flore\\.gradle\\caches\\modules-2\\files-2.1\\org.springframework\\spring-aop\\5.0.4.RELEASE\\f8e029e54c0267dadb6b9f713f3feb54ec4f3a0e\\spring-aop-5.0.4.RELEASE.jar;C:\\Users\\Flore\\.gradle\\caches\\modules-2\\files-2.1\\org.springframework\\spring-beans\\5.0.4.RELEASE\\7a8c3d48d4c33621e64d1399721d8e067450fcbd\\spring-beans-5.0.4.RELEASE.jar;C:\\Users\\Flore\\.gradle\\caches\\modules-2\\files-2.1\\org.springframework\\spring-expression\\5.0.4.RELEASE\\4bda161f2e34c1486f2527a23eb47293567f473c\\spring-expression-5.0.4.RELEASE.jar;C:\\Users\\Flore\\.gradle\\caches\\modules-2\\files-2.1\\org.springframework\\spring-core\\5.0.4.RELEASE\\2221a957b5561a34f044350ba4e30ef5870254a3\\spring-core-5.0.4.RELEASE.jar;C:\\Users\\Flore\\.gradle\\caches\\modules-2\\files-2.1\\org.hamcrest\\hamcrest-core\\1.3\\42a25dc3219429f0e5d060061f71acb49bf010a0\\hamcrest-core-1.3.jar;C:\\Users\\Flore\\.gradle\\caches\\modules-2\\files-2.1\\org.springframework\\spring-jcl\\5.0.4.RELEASE\\3053e2bad0a18571bdbb9596ce51f9d458f5934f\\spring-jcl-5.0.4.RELEASE.jar, java.vm.vendor=Oracle Corporation, sun.arch.data.model=64, user.variant=, java.vendor.url=http://java.oracle.com/, user.timezone=Europe/Athens, os.name=Windows 10, java.vm.specification.version=11, user.country=US, sun.java.launcher=SUN_STANDARD, sun.boot.library.path=C:\Program Files\Java\jdk-11.0.4\bin, sun.java.command=worker.org.gradle.process.internal.worker.GradleWorkerMain 'Gradle Test Executor 2', jdk.debug=release, sun.cpu.endian=little, user.home=C:\Users\Flore, user.language=en, java.specification.vendor=Oracle Corporation, org.gradle.native=false, java.version.date=2019-07-16, java.home=C:\Program Files\Java\jdk-11.0.4, file.separator=\, java.vm.compressedOopsMode=32-bit, line.separator=
, java.specification.name=Java Platform API Specification, java.vm.specification.vendor=Oracle Corporation, java.awt.graphicsenv=sun.awt.Win32GraphicsEnvironment, user.script=, sun.management.compiler=HotSpot 64-Bit Tiered Compilers, java.runtime.version=11.0.4+10-LTS, user.name=Flore, path.separator=;, os.version=10.0, java.runtime.name=Java(TM) SE Runtime Environment, file.encoding=windows-1252, java.vm.name=Java HotSpot(TM) 64-Bit Server VM, java.vendor.version=18.9, java.vendor.url.bug=http://bugreport.java.com/bugreport/, java.io.tmpdir=C:\Users\Flore\AppData\Local\Temp\, java.version=11.0.4, user.dir=C:\Users\Flore\Desktop\info18\MPP\gitApps\ContestApp, os.arch=amd64, java.vm.specification.name=Java Virtual Machine Specification, java.awt.printerjob=sun.awt.windows.WPrinterJob, sun.os.patch.level=, java.library.path=C:\Program Files\Java\jdk-11.0.4\bin;C:\WINDOWS\Sun\Java\bin;C:\WINDOWS\system32;C:\WINDOWS;C:\Program Files (x86)\Microsoft Visual Studio\Shared\Python37_64\Scripts\;C:\Program Files (x86)\Microsoft Visual Studio\Shared\Python37_64\;C:\Program Files\Python38\Scripts\;C:\Program Files\Python38\;C:\WINDOWS\system32;C:\WINDOWS;C:\WINDOWS\System32\Wbem;C:\WINDOWS\System32\WindowsPowerShell\v1.0\;C:\WINDOWS\System32\OpenSSH\;C:\Program Files (x86)\Smart Projects\IsoBuster;C:\Program Files\PuTTY\;C:\Program Files\Git\cmd;C:\Users\Flore\AppData\Roaming\nvm;C:\Program Files\nodejs;C:\Program Files\Microsoft SQL Server\Client SDK\ODBC\130\Tools\Binn\;C:\Program Files (x86)\Microsoft SQL Server\140\Tools\Binn\;C:\Program Files\Microsoft SQL Server\140\Tools\Binn\;C:\Program Files\Microsoft SQL Server\140\DTS\Binn\;C:\Program Files (x86)\Microsoft SQL Server\150\DTS\Binn\;C:\Program Files\Microsoft SQL Server\130\Tools\Binn\;C:\Program Files\Microsoft SQL Server\Client SDK\ODBC\170\Tools\Binn\;C:\Program Files\dotnet\;;C:\Users\Flore\AppData\Local\Programs\Microsoft VS Code\bin;C:\Program Files\JetBrains\PyCharm 2019.3.3\bin;;C:\Program Files\JetBrains\PyCharm Edu 2019.3.2\bin;;., java.vendor=Oracle Corporation, java.vm.info=mixed mode, java.vm.version=11.0.4+10-LTS, sun.io.unicode.encoding=UnicodeLittle, java.class.version=55.0}}, SystemEnvironmentPropertySource@1813790881 {name='systemEnvironment', properties={USERDOMAIN_ROAMINGPROFILE=DESKTOP-JGO467Q, NVM_SYMLINK=C:\Program Files\nodejs, PROCESSOR_LEVEL=6, SESSIONNAME=Console, ALLUSERSPROFILE=C:\ProgramData, PROCESSOR_ARCHITECTURE=AMD64, PSModulePath=C:\Program Files\WindowsPowerShell\Modules;C:\WINDOWS\system32\WindowsPowerShell\v1.0\Modules;C:\Program Files (x86)\Microsoft SQL Server\140\Tools\PowerShell\Modules\, SystemDrive=C:, USERNAME=Flore, ProgramFiles(x86)=C:\Program Files (x86), QtMsBuild=C:\Users\Flore\AppData\Local\QtMsBuild, FPS_BROWSER_USER_PROFILE_STRING=Default, PATHEXT=.COM;.EXE;.BAT;.CMD;.VBS;.VBE;.JS;.JSE;.WSF;.WSH;.MSC;.PY;.PYW, DriverData=C:\Windows\System32\Drivers\DriverData, ProgramData=C:\ProgramData, ProgramW6432=C:\Program Files, HOMEPATH=\Users\Flore, PROCESSOR_IDENTIFIER=Intel64 Family 6 Model 142 Stepping 9, GenuineIntel, ProgramFiles=C:\Program Files, PUBLIC=C:\Users\Public, VS160COMCOMNTOOLS=C:\Program Files (x86)\Microsoft Visual Studio\2019\Community\Common7\Tools\, windir=C:\WINDOWS, =::=::\, LOCALAPPDATA=C:\Users\Flore\AppData\Local, PyCharm Edu=C:\Program Files\JetBrains\PyCharm Edu 2019.3.2\bin;, USERDOMAIN=DESKTOP-JGO467Q, FPS_BROWSER_APP_PROFILE_STRING=Internet Explorer, LOGONSERVER=\\DESKTOP-JGO467Q, OneDrive=C:\Users\Flore\OneDrive, APPDATA=C:\Users\Flore\AppData\Roaming, VBOX_MSI_INSTALL_PATH=C:\Program Files\Oracle\VirtualBox\, CommonProgramFiles=C:\Program Files\Common Files, Path=C:\Program Files (x86)\Microsoft Visual Studio\Shared\Python37_64\Scripts\;C:\Program Files (x86)\Microsoft Visual Studio\Shared\Python37_64\;C:\Program Files\Python38\Scripts\;C:\Program Files\Python38\;C:\WINDOWS\system32;C:\WINDOWS;C:\WINDOWS\System32\Wbem;C:\WINDOWS\System32\WindowsPowerShell\v1.0\;C:\WINDOWS\System32\OpenSSH\;C:\Program Files (x86)\Smart Projects\IsoBuster;C:\Program Files\PuTTY\;C:\Program Files\Git\cmd;C:\Users\Flore\AppData\Roaming\nvm;C:\Program Files\nodejs;C:\Program Files\Microsoft SQL Server\Client SDK\ODBC\130\Tools\Binn\;C:\Program Files (x86)\Microsoft SQL Server\140\Tools\Binn\;C:\Program Files\Microsoft SQL Server\140\Tools\Binn\;C:\Program Files\Microsoft SQL Server\140\DTS\Binn\;C:\Program Files (x86)\Microsoft SQL Server\150\DTS\Binn\;C:\Program Files\Microsoft SQL Server\130\Tools\Binn\;C:\Program Files\Microsoft SQL Server\Client SDK\ODBC\170\Tools\Binn\;C:\Program Files\dotnet\;;C:\Users\Flore\AppData\Local\Programs\Microsoft VS Code\bin;C:\Program Files\JetBrains\PyCharm 2019.3.3\bin;;C:\Program Files\JetBrains\PyCharm Edu 2019.3.2\bin;, PyCharm=C:\Program Files\JetBrains\PyCharm 2019.3.3\bin;, OS=Windows_NT, COMPUTERNAME=DESKTOP-JGO467Q, NVM_HOME=C:\Users\Flore\AppData\Roaming\nvm, PROCESSOR_REVISION=8e09, CommonProgramW6432=C:\Program Files\Common Files, ComSpec=C:\WINDOWS\system32\cmd.exe, SystemRoot=C:\WINDOWS, TEMP=C:\Users\Flore\AppData\Local\Temp, HOMEDRIVE=C:, PT6HOME=C:\Program Files (x86)\Cisco Packet Tracer 6.2sv, USERPROFILE=C:\Users\Flore, TMP=C:\Users\Flore\AppData\Local\Temp, MYSQLCONNECTOR_ASSEMBLIESPATH=C:\Program Files (x86)\MySQL\Connector NET 8.0\Assemblies\v4.5.2, CommonProgramFiles(x86)=C:\Program Files (x86)\Common Files, NUMBER_OF_PROCESSORS=4, IDEA_INITIAL_DIRECTORY=C:\Users\Flore\Desktop}}]
16:02:13.668 [Test worker] INFO  org.springframework.context.support.ClassPathXmlApplicationContext - Refreshing org.springframework.context.support.ClassPathXmlApplicationContext@5a15960d: startup date [Mon Mar 23 16:02:13 EET 2020]; root of context hierarchy
16:02:13.668 [Test worker] DEBUG org.springframework.core.env.StandardEnvironment - Adding PropertySource 'systemProperties' with lowest search precedence
16:02:13.668 [Test worker] DEBUG org.springframework.core.env.StandardEnvironment - Adding PropertySource 'systemEnvironment' with lowest search precedence
16:02:13.669 [Test worker] DEBUG org.springframework.core.env.StandardEnvironment - Initialized StandardEnvironment with PropertySources [MapPropertySource@355845122 {name='systemProperties', properties={sun.desktop=windows, awt.toolkit=sun.awt.windows.WToolkit, java.specification.version=11, sun.cpu.isalist=amd64, sun.jnu.encoding=Cp1252, org.gradle.test.worker=2, java.class.path=C:\\Users\\Flore\\.gradle\\caches\\5.2.1\\workerMain\\gradle-worker.jar;C:\\Users\\Flore\\Desktop\\info18\\MPP\\gitApps\\ContestApp\\build\\classes\\java\\test;C:\\Users\\Flore\\Desktop\\info18\\MPP\\gitApps\\ContestApp\\build\\resources\\test;C:\\Users\\Flore\\Desktop\\info18\\MPP\\gitApps\\ContestApp\\build\\classes\\java\\main;C:\\Users\\Flore\\Desktop\\info18\\MPP\\gitApps\\ContestApp\\build\\resources\\main;C:\\Users\\Flore\\.gradle\\caches\\modules-2\\files-2.1\\org.apache.logging.log4j\\log4j-core\\2.10.0\\c90b597163cd28ab6d9687edd53db601b6ea75a1\\log4j-core-2.10.0.jar;C:\\Users\\Flore\\.gradle\\caches\\modules-2\\files-2.1\\org.apache.logging.log4j\\log4j-api\\2.10.0\\fec5797a55b786184a537abd39c3fa1449d752d6\\log4j-api-2.10.0.jar;C:\\Users\\Flore\\.gradle\\caches\\modules-2\\files-2.1\\org.openjfx\\javafx\\11\\f5bf07162249920ce2807804016227a9719211ce\\javafx-11.pom;C:\\Users\\Flore\\.gradle\\caches\\modules-2\\files-2.1\\mysql\\mysql-connector-java\\8.0.16\\6088b7a25188ab4b3ab865422a8ec77ade29236\\mysql-connector-java-8.0.16.jar;C:\\Users\\Flore\\.gradle\\caches\\modules-2\\files-2.1\\org.springframework\\spring-context\\5.0.4.RELEASE\\3e76d08c851113077642c5704f0f94d5ce58e905\\spring-context-5.0.4.RELEASE.jar;C:\\Users\\Flore\\.gradle\\caches\\modules-2\\files-2.1\\org.openjfx\\javafx-fxml\\11.0.2\\b3242e4c031558574de2a1da685bb5fcdbb8a530\\javafx-fxml-11.0.2-win.jar;C:\\Users\\Flore\\.gradle\\caches\\modules-2\\files-2.1\\org.openjfx\\javafx-controls\\11.0.2\\6c763707769c18adce406904c771c2ad1fcc370b\\javafx-controls-11.0.2-win.jar;C:\\Users\\Flore\\.gradle\\caches\\modules-2\\files-2.1\\org.openjfx\\javafx-controls\\11.0.2\\4ab633cf1eea60f76e2ae9905aedac862da88b08\\javafx-controls-11.0.2.jar;C:\\Users\\Flore\\.gradle\\caches\\modules-2\\files-2.1\\org.openjfx\\javafx-graphics\\11.0.2\\20459ea2cf714942bcbeb78a7f70ba3531dc1a44\\javafx-graphics-11.0.2-win.jar;C:\\Users\\Flore\\.gradle\\caches\\modules-2\\files-2.1\\org.openjfx\\javafx-graphics\\11.0.2\\e522eb4ea422eceeee207b1c266ba3db19b2343a\\javafx-graphics-11.0.2.jar;C:\\Users\\Flore\\.gradle\\caches\\modules-2\\files-2.1\\org.openjfx\\javafx-base\\11.0.2\\1852e57b8cf9a9b6488c33605bccd5d06ff210e1\\javafx-base-11.0.2-win.jar;C:\\Users\\Flore\\.gradle\\caches\\modules-2\\files-2.1\\org.openjfx\\javafx-base\\11.0.2\\7fb2e4a8528ec9e434a9ac9ee98b39af79e6dcb8\\javafx-base-11.0.2.jar;C:\\Users\\Flore\\.gradle\\caches\\modules-2\\files-2.1\\junit\\junit\\4.12\\2973d150c0dc1fefe998f834810d68f278ea58ec\\junit-4.12.jar;C:\\Users\\Flore\\.gradle\\caches\\modules-2\\files-2.1\\com.google.protobuf\\protobuf-java\\3.6.1\\d06d46ecfd92ec6d0f3b423b4cd81cb38d8b924\\protobuf-java-3.6.1.jar;C:\\Users\\Flore\\.gradle\\caches\\modules-2\\files-2.1\\org.springframework\\spring-aop\\5.0.4.RELEASE\\f8e029e54c0267dadb6b9f713f3feb54ec4f3a0e\\spring-aop-5.0.4.RELEASE.jar;C:\\Users\\Flore\\.gradle\\caches\\modules-2\\files-2.1\\org.springframework\\spring-beans\\5.0.4.RELEASE\\7a8c3d48d4c33621e64d1399721d8e067450fcbd\\spring-beans-5.0.4.RELEASE.jar;C:\\Users\\Flore\\.gradle\\caches\\modules-2\\files-2.1\\org.springframework\\spring-expression\\5.0.4.RELEASE\\4bda161f2e34c1486f2527a23eb47293567f473c\\spring-expression-5.0.4.RELEASE.jar;C:\\Users\\Flore\\.gradle\\caches\\modules-2\\files-2.1\\org.springframework\\spring-core\\5.0.4.RELEASE\\2221a957b5561a34f044350ba4e30ef5870254a3\\spring-core-5.0.4.RELEASE.jar;C:\\Users\\Flore\\.gradle\\caches\\modules-2\\files-2.1\\org.hamcrest\\hamcrest-core\\1.3\\42a25dc3219429f0e5d060061f71acb49bf010a0\\hamcrest-core-1.3.jar;C:\\Users\\Flore\\.gradle\\caches\\modules-2\\files-2.1\\org.springframework\\spring-jcl\\5.0.4.RELEASE\\3053e2bad0a18571bdbb9596ce51f9d458f5934f\\spring-jcl-5.0.4.RELEASE.jar, java.vm.vendor=Oracle Corporation, sun.arch.data.model=64, user.variant=, java.vendor.url=http://java.oracle.com/, user.timezone=Europe/Athens, os.name=Windows 10, java.vm.specification.version=11, user.country=US, sun.java.launcher=SUN_STANDARD, sun.boot.library.path=C:\Program Files\Java\jdk-11.0.4\bin, sun.java.command=worker.org.gradle.process.internal.worker.GradleWorkerMain 'Gradle Test Executor 2', jdk.debug=release, sun.cpu.endian=little, user.home=C:\Users\Flore, user.language=en, java.specification.vendor=Oracle Corporation, org.gradle.native=false, java.version.date=2019-07-16, java.home=C:\Program Files\Java\jdk-11.0.4, file.separator=\, java.vm.compressedOopsMode=32-bit, line.separator=
, java.specification.name=Java Platform API Specification, java.vm.specification.vendor=Oracle Corporation, java.awt.graphicsenv=sun.awt.Win32GraphicsEnvironment, user.script=, sun.management.compiler=HotSpot 64-Bit Tiered Compilers, java.runtime.version=11.0.4+10-LTS, user.name=Flore, path.separator=;, os.version=10.0, java.runtime.name=Java(TM) SE Runtime Environment, file.encoding=windows-1252, java.vm.name=Java HotSpot(TM) 64-Bit Server VM, java.vendor.version=18.9, java.vendor.url.bug=http://bugreport.java.com/bugreport/, java.io.tmpdir=C:\Users\Flore\AppData\Local\Temp\, java.version=11.0.4, user.dir=C:\Users\Flore\Desktop\info18\MPP\gitApps\ContestApp, os.arch=amd64, java.vm.specification.name=Java Virtual Machine Specification, java.awt.printerjob=sun.awt.windows.WPrinterJob, sun.os.patch.level=, java.library.path=C:\Program Files\Java\jdk-11.0.4\bin;C:\WINDOWS\Sun\Java\bin;C:\WINDOWS\system32;C:\WINDOWS;C:\Program Files (x86)\Microsoft Visual Studio\Shared\Python37_64\Scripts\;C:\Program Files (x86)\Microsoft Visual Studio\Shared\Python37_64\;C:\Program Files\Python38\Scripts\;C:\Program Files\Python38\;C:\WINDOWS\system32;C:\WINDOWS;C:\WINDOWS\System32\Wbem;C:\WINDOWS\System32\WindowsPowerShell\v1.0\;C:\WINDOWS\System32\OpenSSH\;C:\Program Files (x86)\Smart Projects\IsoBuster;C:\Program Files\PuTTY\;C:\Program Files\Git\cmd;C:\Users\Flore\AppData\Roaming\nvm;C:\Program Files\nodejs;C:\Program Files\Microsoft SQL Server\Client SDK\ODBC\130\Tools\Binn\;C:\Program Files (x86)\Microsoft SQL Server\140\Tools\Binn\;C:\Program Files\Microsoft SQL Server\140\Tools\Binn\;C:\Program Files\Microsoft SQL Server\140\DTS\Binn\;C:\Program Files (x86)\Microsoft SQL Server\150\DTS\Binn\;C:\Program Files\Microsoft SQL Server\130\Tools\Binn\;C:\Program Files\Microsoft SQL Server\Client SDK\ODBC\170\Tools\Binn\;C:\Program Files\dotnet\;;C:\Users\Flore\AppData\Local\Programs\Microsoft VS Code\bin;C:\Program Files\JetBrains\PyCharm 2019.3.3\bin;;C:\Program Files\JetBrains\PyCharm Edu 2019.3.2\bin;;., java.vendor=Oracle Corporation, java.vm.info=mixed mode, java.vm.version=11.0.4+10-LTS, sun.io.unicode.encoding=UnicodeLittle, java.class.version=55.0}}, SystemEnvironmentPropertySource@1667669335 {name='systemEnvironment', properties={USERDOMAIN_ROAMINGPROFILE=DESKTOP-JGO467Q, NVM_SYMLINK=C:\Program Files\nodejs, PROCESSOR_LEVEL=6, SESSIONNAME=Console, ALLUSERSPROFILE=C:\ProgramData, PROCESSOR_ARCHITECTURE=AMD64, PSModulePath=C:\Program Files\WindowsPowerShell\Modules;C:\WINDOWS\system32\WindowsPowerShell\v1.0\Modules;C:\Program Files (x86)\Microsoft SQL Server\140\Tools\PowerShell\Modules\, SystemDrive=C:, USERNAME=Flore, ProgramFiles(x86)=C:\Program Files (x86), QtMsBuild=C:\Users\Flore\AppData\Local\QtMsBuild, FPS_BROWSER_USER_PROFILE_STRING=Default, PATHEXT=.COM;.EXE;.BAT;.CMD;.VBS;.VBE;.JS;.JSE;.WSF;.WSH;.MSC;.PY;.PYW, DriverData=C:\Windows\System32\Drivers\DriverData, ProgramData=C:\ProgramData, ProgramW6432=C:\Program Files, HOMEPATH=\Users\Flore, PROCESSOR_IDENTIFIER=Intel64 Family 6 Model 142 Stepping 9, GenuineIntel, ProgramFiles=C:\Program Files, PUBLIC=C:\Users\Public, VS160COMCOMNTOOLS=C:\Program Files (x86)\Microsoft Visual Studio\2019\Community\Common7\Tools\, windir=C:\WINDOWS, =::=::\, LOCALAPPDATA=C:\Users\Flore\AppData\Local, PyCharm Edu=C:\Program Files\JetBrains\PyCharm Edu 2019.3.2\bin;, USERDOMAIN=DESKTOP-JGO467Q, FPS_BROWSER_APP_PROFILE_STRING=Internet Explorer, LOGONSERVER=\\DESKTOP-JGO467Q, OneDrive=C:\Users\Flore\OneDrive, APPDATA=C:\Users\Flore\AppData\Roaming, VBOX_MSI_INSTALL_PATH=C:\Program Files\Oracle\VirtualBox\, CommonProgramFiles=C:\Program Files\Common Files, Path=C:\Program Files (x86)\Microsoft Visual Studio\Shared\Python37_64\Scripts\;C:\Program Files (x86)\Microsoft Visual Studio\Shared\Python37_64\;C:\Program Files\Python38\Scripts\;C:\Program Files\Python38\;C:\WINDOWS\system32;C:\WINDOWS;C:\WINDOWS\System32\Wbem;C:\WINDOWS\System32\WindowsPowerShell\v1.0\;C:\WINDOWS\System32\OpenSSH\;C:\Program Files (x86)\Smart Projects\IsoBuster;C:\Program Files\PuTTY\;C:\Program Files\Git\cmd;C:\Users\Flore\AppData\Roaming\nvm;C:\Program Files\nodejs;C:\Program Files\Microsoft SQL Server\Client SDK\ODBC\130\Tools\Binn\;C:\Program Files (x86)\Microsoft SQL Server\140\Tools\Binn\;C:\Program Files\Microsoft SQL Server\140\Tools\Binn\;C:\Program Files\Microsoft SQL Server\140\DTS\Binn\;C:\Program Files (x86)\Microsoft SQL Server\150\DTS\Binn\;C:\Program Files\Microsoft SQL Server\130\Tools\Binn\;C:\Program Files\Microsoft SQL Server\Client SDK\ODBC\170\Tools\Binn\;C:\Program Files\dotnet\;;C:\Users\Flore\AppData\Local\Programs\Microsoft VS Code\bin;C:\Program Files\JetBrains\PyCharm 2019.3.3\bin;;C:\Program Files\JetBrains\PyCharm Edu 2019.3.2\bin;, PyCharm=C:\Program Files\JetBrains\PyCharm 2019.3.3\bin;, OS=Windows_NT, COMPUTERNAME=DESKTOP-JGO467Q, NVM_HOME=C:\Users\Flore\AppData\Roaming\nvm, PROCESSOR_REVISION=8e09, CommonProgramW6432=C:\Program Files\Common Files, ComSpec=C:\WINDOWS\system32\cmd.exe, SystemRoot=C:\WINDOWS, TEMP=C:\Users\Flore\AppData\Local\Temp, HOMEDRIVE=C:, PT6HOME=C:\Program Files (x86)\Cisco Packet Tracer 6.2sv, USERPROFILE=C:\Users\Flore, TMP=C:\Users\Flore\AppData\Local\Temp, MYSQLCONNECTOR_ASSEMBLIESPATH=C:\Program Files (x86)\MySQL\Connector NET 8.0\Assemblies\v4.5.2, CommonProgramFiles(x86)=C:\Program Files (x86)\Common Files, NUMBER_OF_PROCESSORS=4, IDEA_INITIAL_DIRECTORY=C:\Users\Flore\Desktop}}]
16:02:13.669 [Test worker] INFO  org.springframework.beans.factory.xml.XmlBeanDefinitionReader - Loading XML bean definitions from class path resource [springConfigTest.xml]
16:02:13.672 [Test worker] DEBUG org.springframework.beans.factory.xml.DefaultDocumentLoader - Using JAXP provider [com.sun.org.apache.xerces.internal.jaxp.DocumentBuilderFactoryImpl]
16:02:13.687 [Test worker] TRACE org.springframework.beans.factory.xml.PluggableSchemaResolver - Trying to resolve XML entity with public id [null] and system id [http://www.springframework.org/schema/beans/spring-beans.xsd]
16:02:13.687 [Test worker] DEBUG org.springframework.beans.factory.xml.PluggableSchemaResolver - Loading schema mappings from [META-INF/spring.schemas]
16:02:13.690 [Test worker] DEBUG org.springframework.beans.factory.xml.PluggableSchemaResolver - Loaded schema mappings: {http://www.springframework.org/schema/context/spring-context-3.2.xsd=org/springframework/context/config/spring-context.xsd, http://www.springframework.org/schema/cache/spring-cache-4.3.xsd=org/springframework/cache/config/spring-cache.xsd, http://www.springframework.org/schema/beans/spring-beans-4.0.xsd=org/springframework/beans/factory/xml/spring-beans.xsd, http://www.springframework.org/schema/context/spring-context-2.5.xsd=org/springframework/context/config/spring-context.xsd, http://www.springframework.org/schema/context/spring-context-4.0.xsd=org/springframework/context/config/spring-context.xsd, http://www.springframework.org/schema/util/spring-util-4.3.xsd=org/springframework/beans/factory/xml/spring-util.xsd, http://www.springframework.org/schema/jee/spring-jee-2.0.xsd=org/springframework/ejb/config/spring-jee.xsd, http://www.springframework.org/schema/aop/spring-aop-2.0.xsd=org/springframework/aop/config/spring-aop.xsd, http://www.springframework.org/schema/tool/spring-tool-4.3.xsd=org/springframework/beans/factory/xml/spring-tool.xsd, http://www.springframework.org/schema/util/spring-util-2.0.xsd=org/springframework/beans/factory/xml/spring-util.xsd, http://www.springframework.org/schema/cache/spring-cache-4.2.xsd=org/springframework/cache/config/spring-cache.xsd, http://www.springframework.org/schema/context/spring-context-3.1.xsd=org/springframework/context/config/spring-context.xsd, http://www.springframework.org/schema/tool/spring-tool-2.0.xsd=org/springframework/beans/factory/xml/spring-tool.xsd, http://www.springframework.org/schema/tool/spring-tool.xsd=org/springframework/beans/factory/xml/spring-tool.xsd, http://www.springframework.org/schema/beans/spring-beans-3.2.xsd=org/springframework/beans/factory/xml/spring-beans.xsd, http://www.springframework.org/schema/util/spring-util-4.2.xsd=org/springframework/beans/factory/xml/spring-util.xsd, http://www.springframework.org/schema/beans/spring-beans-2.5.xsd=org/springframework/beans/factory/xml/spring-beans.xsd, http://www.springframework.org/schema/beans/spring-beans.xsd=org/springframework/beans/factory/xml/spring-beans.xsd, http://www.springframework.org/schema/tool/spring-tool-4.0.xsd=org/springframework/beans/factory/xml/spring-tool.xsd, http://www.springframework.org/schema/util/spring-util-4.1.xsd=org/springframework/beans/factory/xml/spring-util.xsd, http://www.springframework.org/schema/beans/spring-beans-4.2.xsd=org/springframework/beans/factory/xml/spring-beans.xsd, http://www.springframework.org/schema/context/spring-context-4.2.xsd=org/springframework/context/config/spring-context.xsd, http://www.springframework.org/schema/cache/spring-cache-4.1.xsd=org/springframework/cache/config/spring-cache.xsd, http://www.springframework.org/schema/lang/spring-lang-3.0.xsd=org/springframework/scripting/config/spring-lang.xsd, http://www.springframework.org/schema/jee/spring-jee-4.3.xsd=org/springframework/ejb/config/spring-jee.xsd, http://www.springframework.org/schema/aop/spring-aop-4.3.xsd=org/springframework/aop/config/spring-aop.xsd, http://www.springframework.org/schema/beans/spring-beans-4.3.xsd=org/springframework/beans/factory/xml/spring-beans.xsd, http://www.springframework.org/schema/tool/spring-tool-4.1.xsd=org/springframework/beans/factory/xml/spring-tool.xsd, http://www.springframework.org/schema/task/spring-task-4.3.xsd=org/springframework/scheduling/config/spring-task.xsd, http://www.springframework.org/schema/util/spring-util-4.0.xsd=org/springframework/beans/factory/xml/spring-util.xsd, http://www.springframework.org/schema/beans/spring-beans-4.1.xsd=org/springframework/beans/factory/xml/spring-beans.xsd, http://www.springframework.org/schema/lang/spring-lang.xsd=org/springframework/scripting/config/spring-lang.xsd, http://www.springframework.org/schema/cache/spring-cache-4.0.xsd=org/springframework/cache/config/spring-cache.xsd, http://www.springframework.org/schema/context/spring-context-4.1.xsd=org/springframework/context/config/spring-context.xsd, http://www.springframework.org/schema/aop/spring-aop-4.2.xsd=org/springframework/aop/config/spring-aop.xsd, http://www.springframework.org/schema/tool/spring-tool-4.2.xsd=org/springframework/beans/factory/xml/spring-tool.xsd, http://www.springframework.org/schema/util/spring-util-2.5.xsd=org/springframework/beans/factory/xml/spring-util.xsd, http://www.springframework.org/schema/jee/spring-jee-4.2.xsd=org/springframework/ejb/config/spring-jee.xsd, http://www.springframework.org/schema/lang/spring-lang-3.1.xsd=org/springframework/scripting/config/spring-lang.xsd, http://www.springframework.org/schema/task/spring-task.xsd=org/springframework/scheduling/config/spring-task.xsd, http://www.springframework.org/schema/task/spring-task-4.2.xsd=org/springframework/scheduling/config/spring-task.xsd, http://www.springframework.org/schema/aop/spring-aop.xsd=org/springframework/aop/config/spring-aop.xsd, http://www.springframework.org/schema/lang/spring-lang-4.0.xsd=org/springframework/scripting/config/spring-lang.xsd, http://www.springframework.org/schema/beans/spring-beans-2.0.xsd=org/springframework/beans/factory/xml/spring-beans.xsd, http://www.springframework.org/schema/task/spring-task-4.1.xsd=org/springframework/scheduling/config/spring-task.xsd, http://www.springframework.org/schema/tool/spring-tool-3.1.xsd=org/springframework/beans/factory/xml/spring-tool.xsd, http://www.springframework.org/schema/util/spring-util-3.2.xsd=org/springframework/beans/factory/xml/spring-util.xsd, http://www.springframework.org/schema/jee/spring-jee-4.1.xsd=org/springframework/ejb/config/spring-jee.xsd, http://www.springframework.org/schema/lang/spring-lang-3.2.xsd=org/springframework/scripting/config/spring-lang.xsd, http://www.springframework.org/schema/cache/spring-cache-3.2.xsd=org/springframework/cache/config/spring-cache.xsd, http://www.springframework.org/schema/aop/spring-aop-4.1.xsd=org/springframework/aop/config/spring-aop.xsd, http://www.springframework.org/schema/util/spring-util.xsd=org/springframework/beans/factory/xml/spring-util.xsd, http://www.springframework.org/schema/jee/spring-jee-3.2.xsd=org/springframework/ejb/config/spring-jee.xsd, http://www.springframework.org/schema/util/spring-util-3.0.xsd=org/springframework/beans/factory/xml/spring-util.xsd, http://www.springframework.org/schema/lang/spring-lang-4.1.xsd=org/springframework/scripting/config/spring-lang.xsd, http://www.springframework.org/schema/aop/spring-aop-3.2.xsd=org/springframework/aop/config/spring-aop.xsd, http://www.springframework.org/schema/tool/spring-tool-3.2.xsd=org/springframework/beans/factory/xml/spring-tool.xsd, http://www.springframework.org/schema/context/spring-context-4.3.xsd=org/springframework/context/config/spring-context.xsd, http://www.springframework.org/schema/lang/spring-lang-2.5.xsd=org/springframework/scripting/config/spring-lang.xsd, http://www.springframework.org/schema/jee/spring-jee.xsd=org/springframework/ejb/config/spring-jee.xsd, http://www.springframework.org/schema/util/spring-util-3.1.xsd=org/springframework/beans/factory/xml/spring-util.xsd, http://www.springframework.org/schema/jee/spring-jee-2.5.xsd=org/springframework/ejb/config/spring-jee.xsd, http://www.springframework.org/schema/task/spring-task-4.0.xsd=org/springframework/scheduling/config/spring-task.xsd, http://www.springframework.org/schema/aop/spring-aop-2.5.xsd=org/springframework/aop/config/spring-aop.xsd, http://www.springframework.org/schema/context/spring-context.xsd=org/springframework/context/config/spring-context.xsd, http://www.springframework.org/schema/cache/spring-cache-3.1.xsd=org/springframework/cache/config/spring-cache.xsd, http://www.springframework.org/schema/aop/spring-aop-4.0.xsd=org/springframework/aop/config/spring-aop.xsd, http://www.springframework.org/schema/jee/spring-jee-4.0.xsd=org/springframework/ejb/config/spring-jee.xsd, http://www.springframework.org/schema/tool/spring-tool-2.5.xsd=org/springframework/beans/factory/xml/spring-tool.xsd, http://www.springframework.org/schema/task/spring-task-3.2.xsd=org/springframework/scheduling/config/spring-task.xsd, http://www.springframework.org/schema/beans/spring-beans-3.0.xsd=org/springframework/beans/factory/xml/spring-beans.xsd, http://www.springframework.org/schema/jee/spring-jee-3.0.xsd=org/springframework/ejb/config/spring-jee.xsd, http://www.springframework.org/schema/aop/spring-aop-3.1.xsd=org/springframework/aop/config/spring-aop.xsd, http://www.springframework.org/schema/jee/spring-jee-3.1.xsd=org/springframework/ejb/config/spring-jee.xsd, http://www.springframework.org/schema/lang/spring-lang-4.3.xsd=org/springframework/scripting/config/spring-lang.xsd, http://www.springframework.org/schema/aop/spring-aop-3.0.xsd=org/springframework/aop/config/spring-aop.xsd, http://www.springframework.org/schema/beans/spring-beans-3.1.xsd=org/springframework/beans/factory/xml/spring-beans.xsd, http://www.springframework.org/schema/lang/spring-lang-2.0.xsd=org/springframework/scripting/config/spring-lang.xsd, http://www.springframework.org/schema/task/spring-task-3.1.xsd=org/springframework/scheduling/config/spring-task.xsd, http://www.springframework.org/schema/lang/spring-lang-4.2.xsd=org/springframework/scripting/config/spring-lang.xsd, http://www.springframework.org/schema/tool/spring-tool-3.0.xsd=org/springframework/beans/factory/xml/spring-tool.xsd, http://www.springframework.org/schema/task/spring-task-3.0.xsd=org/springframework/scheduling/config/spring-task.xsd, http://www.springframework.org/schema/context/spring-context-3.0.xsd=org/springframework/context/config/spring-context.xsd, http://www.springframework.org/schema/cache/spring-cache.xsd=org/springframework/cache/config/spring-cache.xsd}
16:02:13.691 [Test worker] DEBUG org.springframework.beans.factory.xml.PluggableSchemaResolver - Found XML schema [http://www.springframework.org/schema/beans/spring-beans.xsd] in classpath: org/springframework/beans/factory/xml/spring-beans.xsd
16:02:13.724 [Test worker] TRACE org.springframework.beans.factory.xml.PluggableSchemaResolver - Trying to resolve XML entity with public id [null] and system id [http://www.springframework.org/schema/util/spring-util.xsd]
16:02:13.725 [Test worker] DEBUG org.springframework.beans.factory.xml.PluggableSchemaResolver - Found XML schema [http://www.springframework.org/schema/util/spring-util.xsd] in classpath: org/springframework/beans/factory/xml/spring-util.xsd
16:02:13.726 [Test worker] TRACE org.springframework.beans.factory.xml.PluggableSchemaResolver - Trying to resolve XML entity with public id [null] and system id [http://www.springframework.org/schema/tool/spring-tool.xsd]
16:02:13.727 [Test worker] DEBUG org.springframework.beans.factory.xml.PluggableSchemaResolver - Found XML schema [http://www.springframework.org/schema/tool/spring-tool.xsd] in classpath: org/springframework/beans/factory/xml/spring-tool.xsd
16:02:13.732 [Test worker] DEBUG org.springframework.beans.factory.xml.DefaultBeanDefinitionDocumentReader - Loading bean definitions
16:02:13.734 [Test worker] DEBUG org.springframework.beans.factory.xml.DefaultNamespaceHandlerResolver - Loaded NamespaceHandler mappings: {http://www.springframework.org/schema/aop=org.springframework.aop.config.AopNamespaceHandler, http://www.springframework.org/schema/cache=org.springframework.cache.config.CacheNamespaceHandler, http://www.springframework.org/schema/task=org.springframework.scheduling.config.TaskNamespaceHandler, http://www.springframework.org/schema/p=org.springframework.beans.factory.xml.SimplePropertyNamespaceHandler, http://www.springframework.org/schema/lang=org.springframework.scripting.config.LangNamespaceHandler, http://www.springframework.org/schema/util=org.springframework.beans.factory.xml.UtilNamespaceHandler, http://www.springframework.org/schema/c=org.springframework.beans.factory.xml.SimpleConstructorNamespaceHandler, http://www.springframework.org/schema/context=org.springframework.context.config.ContextNamespaceHandler, http://www.springframework.org/schema/jee=org.springframework.ejb.config.JeeNamespaceHandler}
16:02:13.735 [Test worker] DEBUG org.springframework.beans.factory.xml.XmlBeanDefinitionReader - Loaded 8 bean definitions from location pattern [classpath:springConfigTest.xml]
16:02:13.735 [Test worker] DEBUG org.springframework.context.support.ClassPathXmlApplicationContext - Bean factory for org.springframework.context.support.ClassPathXmlApplicationContext@5a15960d: org.springframework.beans.factory.support.DefaultListableBeanFactory@6639078: defining beans [jdbcProps,repoCategT,repoProbeT,valParticipantiT,repoParticipantiT,valInscrieriT,repoInscrieriT,serviceT]; root of factory hierarchy
16:02:13.736 [Test worker] DEBUG org.springframework.context.support.ClassPathXmlApplicationContext - Unable to locate MessageSource with name 'messageSource': using default [org.springframework.context.support.DelegatingMessageSource@5d987137]
16:02:13.736 [Test worker] DEBUG org.springframework.context.support.ClassPathXmlApplicationContext - Unable to locate ApplicationEventMulticaster with name 'applicationEventMulticaster': using default [org.springframework.context.event.SimpleApplicationEventMulticaster@b897912]
16:02:13.736 [Test worker] DEBUG org.springframework.beans.factory.support.DefaultListableBeanFactory - Pre-instantiating singletons in org.springframework.beans.factory.support.DefaultListableBeanFactory@6639078: defining beans [jdbcProps,repoCategT,repoProbeT,valParticipantiT,repoParticipantiT,valInscrieriT,repoInscrieriT,serviceT]; root of factory hierarchy
16:02:13.736 [Test worker] DEBUG org.springframework.beans.factory.support.DefaultListableBeanFactory - Creating shared instance of singleton bean 'jdbcProps'
16:02:13.736 [Test worker] DEBUG org.springframework.beans.factory.support.DefaultListableBeanFactory - Creating instance of bean 'jdbcProps'
16:02:13.736 [Test worker] DEBUG org.springframework.beans.factory.support.DefaultListableBeanFactory - Eagerly caching bean 'jdbcProps' to allow for resolving potential circular references
16:02:13.736 [Test worker] TRACE org.springframework.beans.CachedIntrospectionResults - Getting BeanInfo for class [org.springframework.beans.factory.config.PropertiesFactoryBean]
16:02:13.736 [Test worker] TRACE org.springframework.beans.CachedIntrospectionResults - Caching PropertyDescriptors for class [org.springframework.beans.factory.config.PropertiesFactoryBean]
16:02:13.736 [Test worker] TRACE org.springframework.beans.CachedIntrospectionResults - Found bean property 'class' of type [java.lang.Class]
16:02:13.737 [Test worker] TRACE org.springframework.beans.CachedIntrospectionResults - Found bean property 'fileEncoding' of type [java.lang.String]
16:02:13.737 [Test worker] TRACE org.springframework.beans.CachedIntrospectionResults - Found bean property 'ignoreResourceNotFound' of type [boolean]
16:02:13.737 [Test worker] TRACE org.springframework.beans.CachedIntrospectionResults - Found bean property 'localOverride' of type [boolean]
16:02:13.737 [Test worker] TRACE org.springframework.beans.CachedIntrospectionResults - Found bean property 'location' of type [org.springframework.core.io.Resource]
16:02:13.737 [Test worker] TRACE org.springframework.beans.CachedIntrospectionResults - Found bean property 'locations' of type [[Lorg.springframework.core.io.Resource;]
16:02:13.737 [Test worker] TRACE org.springframework.beans.CachedIntrospectionResults - Found bean property 'object' of type [java.util.Properties]
16:02:13.737 [Test worker] TRACE org.springframework.beans.CachedIntrospectionResults - Found bean property 'objectType' of type [java.lang.Class]
16:02:13.737 [Test worker] TRACE org.springframework.beans.CachedIntrospectionResults - Found bean property 'properties' of type [java.util.Properties]
16:02:13.737 [Test worker] TRACE org.springframework.beans.CachedIntrospectionResults - Found bean property 'propertiesArray' of type [[Ljava.util.Properties;]
16:02:13.737 [Test worker] TRACE org.springframework.beans.CachedIntrospectionResults - Found bean property 'propertiesPersister' of type [org.springframework.util.PropertiesPersister]
16:02:13.737 [Test worker] TRACE org.springframework.beans.CachedIntrospectionResults - Found bean property 'singleton' of type [boolean]
16:02:13.740 [Test worker] DEBUG org.springframework.beans.factory.support.DefaultListableBeanFactory - Invoking afterPropertiesSet() on bean with name 'jdbcProps'
16:02:13.740 [Test worker] DEBUG org.springframework.beans.factory.config.PropertiesFactoryBean - Loading properties file from class path resource [configTest.properties]
16:02:13.740 [Test worker] DEBUG org.springframework.beans.factory.support.DefaultListableBeanFactory - Finished creating instance of bean 'jdbcProps'
16:02:13.741 [Test worker] DEBUG org.springframework.beans.factory.support.DefaultListableBeanFactory - Creating shared instance of singleton bean 'repoCategT'
16:02:13.741 [Test worker] DEBUG org.springframework.beans.factory.support.DefaultListableBeanFactory - Creating instance of bean 'repoCategT'
16:02:13.741 [Test worker] DEBUG org.springframework.beans.factory.support.DefaultListableBeanFactory - Returning cached instance of singleton bean 'jdbcProps'
16:02:13.742 [Test worker] TRACE repository.RepoCategVarsta - Enter initializing properties with {mySql.url=jdbc:mysql://localhost:3306/contesttest, password=lasPalmeras18, mySql.jdbcDriver=com.mysql.cj.jdbc.Driver, user=root}
16:02:13.742 [Test worker] DEBUG org.springframework.beans.factory.support.DefaultListableBeanFactory - Eagerly caching bean 'repoCategT' to allow for resolving potential circular references
16:02:13.742 [Test worker] DEBUG org.springframework.beans.factory.support.DefaultListableBeanFactory - Finished creating instance of bean 'repoCategT'
16:02:13.742 [Test worker] DEBUG org.springframework.beans.factory.support.DefaultListableBeanFactory - Creating shared instance of singleton bean 'repoProbeT'
16:02:13.743 [Test worker] DEBUG org.springframework.beans.factory.support.DefaultListableBeanFactory - Creating instance of bean 'repoProbeT'
16:02:13.743 [Test worker] DEBUG org.springframework.beans.factory.support.DefaultListableBeanFactory - Returning cached instance of singleton bean 'jdbcProps'
16:02:13.743 [Test worker] DEBUG org.springframework.beans.factory.support.DefaultListableBeanFactory - Returning cached instance of singleton bean 'repoCategT'
16:02:13.794 [Test worker] INFO  repository.RepoProbe - initializing RepoParticipanti with properties {mySql.url=jdbc:mysql://localhost:3306/contesttest, password=lasPalmeras18, mySql.jdbcDriver=com.mysql.cj.jdbc.Driver, user=root}
16:02:13.795 [Test worker] DEBUG org.springframework.beans.factory.support.DefaultListableBeanFactory - Eagerly caching bean 'repoProbeT' to allow for resolving potential circular references
16:02:13.796 [Test worker] DEBUG org.springframework.beans.factory.support.DefaultListableBeanFactory - Finished creating instance of bean 'repoProbeT'
16:02:13.797 [Test worker] DEBUG org.springframework.beans.factory.support.DefaultListableBeanFactory - Creating shared instance of singleton bean 'valParticipantiT'
16:02:13.798 [Test worker] DEBUG org.springframework.beans.factory.support.DefaultListableBeanFactory - Creating instance of bean 'valParticipantiT'
16:02:13.799 [Test worker] DEBUG org.springframework.beans.factory.support.DefaultListableBeanFactory - Eagerly caching bean 'valParticipantiT' to allow for resolving potential circular references
16:02:13.800 [Test worker] DEBUG org.springframework.beans.factory.support.DefaultListableBeanFactory - Creating shared instance of singleton bean 'repoParticipantiT'
16:02:13.802 [Test worker] DEBUG org.springframework.beans.factory.support.DefaultListableBeanFactory - Creating instance of bean 'repoParticipantiT'
16:02:13.803 [Test worker] DEBUG org.springframework.beans.factory.support.DefaultListableBeanFactory - Returning cached instance of singleton bean 'jdbcProps'
16:02:13.804 [Test worker] DEBUG org.springframework.beans.factory.support.DefaultListableBeanFactory - Returning cached instance of singleton bean 'repoProbeT'
16:02:13.805 [Test worker] DEBUG org.springframework.beans.factory.support.DefaultListableBeanFactory - Returning eagerly cached instance of singleton bean 'valParticipantiT' that is not fully initialized yet - a consequence of a circular reference
16:02:13.808 [Test worker] INFO  repository.RepoParticipanti - initializing RepoParticipanti with properties {mySql.url=jdbc:mysql://localhost:3306/contesttest, password=lasPalmeras18, mySql.jdbcDriver=com.mysql.cj.jdbc.Driver, user=root}
16:02:13.809 [Test worker] DEBUG org.springframework.beans.factory.support.DefaultListableBeanFactory - Eagerly caching bean 'repoParticipantiT' to allow for resolving potential circular references
16:02:13.811 [Test worker] DEBUG org.springframework.beans.factory.support.DefaultListableBeanFactory - Finished creating instance of bean 'repoParticipantiT'
16:02:13.813 [Test worker] TRACE org.springframework.beans.CachedIntrospectionResults - Getting BeanInfo for class [validator.ValParticipanti]
16:02:13.814 [Test worker] TRACE org.springframework.beans.CachedIntrospectionResults - Caching PropertyDescriptors for class [validator.ValParticipanti]
16:02:13.815 [Test worker] TRACE org.springframework.beans.CachedIntrospectionResults - Found bean property 'class' of type [java.lang.Class]
16:02:13.816 [Test worker] TRACE org.springframework.beans.CachedIntrospectionResults - Found bean property 'repoParticipanti' of type [repository.RepoParticipanti]
16:02:13.819 [Test worker] DEBUG org.springframework.beans.factory.support.DefaultListableBeanFactory - Finished creating instance of bean 'valParticipantiT'
16:02:13.820 [Test worker] DEBUG org.springframework.beans.factory.support.DefaultListableBeanFactory - Returning cached instance of singleton bean 'repoParticipantiT'
16:02:13.821 [Test worker] DEBUG org.springframework.beans.factory.support.DefaultListableBeanFactory - Creating shared instance of singleton bean 'valInscrieriT'
16:02:13.822 [Test worker] DEBUG org.springframework.beans.factory.support.DefaultListableBeanFactory - Creating instance of bean 'valInscrieriT'
16:02:13.823 [Test worker] DEBUG org.springframework.beans.factory.support.DefaultListableBeanFactory - Eagerly caching bean 'valInscrieriT' to allow for resolving potential circular references
16:02:13.824 [Test worker] DEBUG org.springframework.beans.factory.support.DefaultListableBeanFactory - Creating shared instance of singleton bean 'repoInscrieriT'
16:02:13.825 [Test worker] DEBUG org.springframework.beans.factory.support.DefaultListableBeanFactory - Creating instance of bean 'repoInscrieriT'
16:02:13.825 [Test worker] DEBUG org.springframework.beans.factory.support.DefaultListableBeanFactory - Returning cached instance of singleton bean 'jdbcProps'
16:02:13.825 [Test worker] DEBUG org.springframework.beans.factory.support.DefaultListableBeanFactory - Returning cached instance of singleton bean 'repoParticipantiT'
16:02:13.826 [Test worker] DEBUG org.springframework.beans.factory.support.DefaultListableBeanFactory - Returning cached instance of singleton bean 'repoProbeT'
16:02:13.826 [Test worker] DEBUG org.springframework.beans.factory.support.DefaultListableBeanFactory - Returning eagerly cached instance of singleton bean 'valInscrieriT' that is not fully initialized yet - a consequence of a circular reference
16:02:13.829 [Test worker] TRACE repository.RepoParticipanti - Enter initializing props with {mySql.url=jdbc:mysql://localhost:3306/contesttest, password=lasPalmeras18, mySql.jdbcDriver=com.mysql.cj.jdbc.Driver, user=root}
16:02:13.829 [Test worker] DEBUG org.springframework.beans.factory.support.DefaultListableBeanFactory - Eagerly caching bean 'repoInscrieriT' to allow for resolving potential circular references
16:02:13.829 [Test worker] DEBUG org.springframework.beans.factory.support.DefaultListableBeanFactory - Finished creating instance of bean 'repoInscrieriT'
16:02:13.830 [Test worker] TRACE org.springframework.beans.CachedIntrospectionResults - Getting BeanInfo for class [validator.ValInscriere]
16:02:13.830 [Test worker] TRACE org.springframework.beans.CachedIntrospectionResults - Caching PropertyDescriptors for class [validator.ValInscriere]
16:02:13.830 [Test worker] TRACE org.springframework.beans.CachedIntrospectionResults - Found bean property 'class' of type [java.lang.Class]
16:02:13.831 [Test worker] TRACE org.springframework.beans.CachedIntrospectionResults - Found bean property 'repoInscrieri' of type [repository.RepoInscrieri]
16:02:13.833 [Test worker] DEBUG org.springframework.beans.factory.support.DefaultListableBeanFactory - Finished creating instance of bean 'valInscrieriT'
16:02:13.833 [Test worker] DEBUG org.springframework.beans.factory.support.DefaultListableBeanFactory - Returning cached instance of singleton bean 'repoInscrieriT'
16:02:13.833 [Test worker] DEBUG org.springframework.beans.factory.support.DefaultListableBeanFactory - Creating shared instance of singleton bean 'serviceT'
16:02:13.834 [Test worker] DEBUG org.springframework.beans.factory.support.DefaultListableBeanFactory - Creating instance of bean 'serviceT'
16:02:13.834 [Test worker] DEBUG org.springframework.beans.factory.support.DefaultListableBeanFactory - Returning cached instance of singleton bean 'repoInscrieriT'
16:02:13.835 [Test worker] DEBUG org.springframework.beans.factory.support.DefaultListableBeanFactory - Returning cached instance of singleton bean 'repoCategT'
16:02:13.835 [Test worker] DEBUG org.springframework.beans.factory.support.DefaultListableBeanFactory - Returning cached instance of singleton bean 'repoParticipantiT'
16:02:13.835 [Test worker] DEBUG org.springframework.beans.factory.support.DefaultListableBeanFactory - Returning cached instance of singleton bean 'repoProbeT'
16:02:13.837 [Test worker] DEBUG org.springframework.beans.factory.support.DefaultListableBeanFactory - Eagerly caching bean 'serviceT' to allow for resolving potential circular references
16:02:13.838 [Test worker] DEBUG org.springframework.beans.factory.support.DefaultListableBeanFactory - Finished creating instance of bean 'serviceT'
16:02:13.838 [Test worker] DEBUG org.springframework.context.support.ClassPathXmlApplicationContext - Unable to locate LifecycleProcessor with name 'lifecycleProcessor': using default [org.springframework.context.support.DefaultLifecycleProcessor@449dee6f]
16:02:13.839 [Test worker] DEBUG org.springframework.beans.factory.support.DefaultListableBeanFactory - Returning cached instance of singleton bean 'lifecycleProcessor'
16:02:13.839 [Test worker] TRACE org.springframework.context.support.ClassPathXmlApplicationContext - Publishing event in org.springframework.context.support.ClassPathXmlApplicationContext@5a15960d: org.springframework.context.event.ContextRefreshedEvent[source=org.springframework.context.support.ClassPathXmlApplicationContext@5a15960d: startup date [Mon Mar 23 16:02:13 EET 2020]; root of context hierarchy]
16:02:13.839 [Test worker] TRACE org.springframework.core.env.PropertySourcesPropertyResolver - Searching for key 'spring.liveBeansView.mbeanDomain' in PropertySource 'systemProperties'
16:02:13.840 [Test worker] TRACE org.springframework.core.env.PropertySourcesPropertyResolver - Searching for key 'spring.liveBeansView.mbeanDomain' in PropertySource 'systemEnvironment'
16:02:13.840 [Test worker] DEBUG org.springframework.core.env.PropertySourcesPropertyResolver - Could not find key 'spring.liveBeansView.mbeanDomain' in any property source
16:02:13.841 [Test worker] DEBUG org.springframework.beans.factory.support.DefaultListableBeanFactory - Returning cached instance of singleton bean 'repoParticipantiT'
16:02:13.841 [Test worker] TRACE repository.RepoParticipanti - Enter getAll
16:02:13.867 [Test worker] TRACE repository.RepoParticipanti - Enter cauta participant test
16:02:13.867 [Test worker] DEBUG org.springframework.core.env.StandardEnvironment - Adding PropertySource 'systemProperties' with lowest search precedence
16:02:13.867 [Test worker] DEBUG org.springframework.core.env.StandardEnvironment - Adding PropertySource 'systemEnvironment' with lowest search precedence
16:02:13.867 [Test worker] DEBUG org.springframework.core.env.StandardEnvironment - Initialized StandardEnvironment with PropertySources [MapPropertySource@1786906136 {name='systemProperties', properties={sun.desktop=windows, awt.toolkit=sun.awt.windows.WToolkit, java.specification.version=11, sun.cpu.isalist=amd64, sun.jnu.encoding=Cp1252, org.gradle.test.worker=2, java.class.path=C:\\Users\\Flore\\.gradle\\caches\\5.2.1\\workerMain\\gradle-worker.jar;C:\\Users\\Flore\\Desktop\\info18\\MPP\\gitApps\\ContestApp\\build\\classes\\java\\test;C:\\Users\\Flore\\Desktop\\info18\\MPP\\gitApps\\ContestApp\\build\\resources\\test;C:\\Users\\Flore\\Desktop\\info18\\MPP\\gitApps\\ContestApp\\build\\classes\\java\\main;C:\\Users\\Flore\\Desktop\\info18\\MPP\\gitApps\\ContestApp\\build\\resources\\main;C:\\Users\\Flore\\.gradle\\caches\\modules-2\\files-2.1\\org.apache.logging.log4j\\log4j-core\\2.10.0\\c90b597163cd28ab6d9687edd53db601b6ea75a1\\log4j-core-2.10.0.jar;C:\\Users\\Flore\\.gradle\\caches\\modules-2\\files-2.1\\org.apache.logging.log4j\\log4j-api\\2.10.0\\fec5797a55b786184a537abd39c3fa1449d752d6\\log4j-api-2.10.0.jar;C:\\Users\\Flore\\.gradle\\caches\\modules-2\\files-2.1\\org.openjfx\\javafx\\11\\f5bf07162249920ce2807804016227a9719211ce\\javafx-11.pom;C:\\Users\\Flore\\.gradle\\caches\\modules-2\\files-2.1\\mysql\\mysql-connector-java\\8.0.16\\6088b7a25188ab4b3ab865422a8ec77ade29236\\mysql-connector-java-8.0.16.jar;C:\\Users\\Flore\\.gradle\\caches\\modules-2\\files-2.1\\org.springframework\\spring-context\\5.0.4.RELEASE\\3e76d08c851113077642c5704f0f94d5ce58e905\\spring-context-5.0.4.RELEASE.jar;C:\\Users\\Flore\\.gradle\\caches\\modules-2\\files-2.1\\org.openjfx\\javafx-fxml\\11.0.2\\b3242e4c031558574de2a1da685bb5fcdbb8a530\\javafx-fxml-11.0.2-win.jar;C:\\Users\\Flore\\.gradle\\caches\\modules-2\\files-2.1\\org.openjfx\\javafx-controls\\11.0.2\\6c763707769c18adce406904c771c2ad1fcc370b\\javafx-controls-11.0.2-win.jar;C:\\Users\\Flore\\.gradle\\caches\\modules-2\\files-2.1\\org.openjfx\\javafx-controls\\11.0.2\\4ab633cf1eea60f76e2ae9905aedac862da88b08\\javafx-controls-11.0.2.jar;C:\\Users\\Flore\\.gradle\\caches\\modules-2\\files-2.1\\org.openjfx\\javafx-graphics\\11.0.2\\20459ea2cf714942bcbeb78a7f70ba3531dc1a44\\javafx-graphics-11.0.2-win.jar;C:\\Users\\Flore\\.gradle\\caches\\modules-2\\files-2.1\\org.openjfx\\javafx-graphics\\11.0.2\\e522eb4ea422eceeee207b1c266ba3db19b2343a\\javafx-graphics-11.0.2.jar;C:\\Users\\Flore\\.gradle\\caches\\modules-2\\files-2.1\\org.openjfx\\javafx-base\\11.0.2\\1852e57b8cf9a9b6488c33605bccd5d06ff210e1\\javafx-base-11.0.2-win.jar;C:\\Users\\Flore\\.gradle\\caches\\modules-2\\files-2.1\\org.openjfx\\javafx-base\\11.0.2\\7fb2e4a8528ec9e434a9ac9ee98b39af79e6dcb8\\javafx-base-11.0.2.jar;C:\\Users\\Flore\\.gradle\\caches\\modules-2\\files-2.1\\junit\\junit\\4.12\\2973d150c0dc1fefe998f834810d68f278ea58ec\\junit-4.12.jar;C:\\Users\\Flore\\.gradle\\caches\\modules-2\\files-2.1\\com.google.protobuf\\protobuf-java\\3.6.1\\d06d46ecfd92ec6d0f3b423b4cd81cb38d8b924\\protobuf-java-3.6.1.jar;C:\\Users\\Flore\\.gradle\\caches\\modules-2\\files-2.1\\org.springframework\\spring-aop\\5.0.4.RELEASE\\f8e029e54c0267dadb6b9f713f3feb54ec4f3a0e\\spring-aop-5.0.4.RELEASE.jar;C:\\Users\\Flore\\.gradle\\caches\\modules-2\\files-2.1\\org.springframework\\spring-beans\\5.0.4.RELEASE\\7a8c3d48d4c33621e64d1399721d8e067450fcbd\\spring-beans-5.0.4.RELEASE.jar;C:\\Users\\Flore\\.gradle\\caches\\modules-2\\files-2.1\\org.springframework\\spring-expression\\5.0.4.RELEASE\\4bda161f2e34c1486f2527a23eb47293567f473c\\spring-expression-5.0.4.RELEASE.jar;C:\\Users\\Flore\\.gradle\\caches\\modules-2\\files-2.1\\org.springframework\\spring-core\\5.0.4.RELEASE\\2221a957b5561a34f044350ba4e30ef5870254a3\\spring-core-5.0.4.RELEASE.jar;C:\\Users\\Flore\\.gradle\\caches\\modules-2\\files-2.1\\org.hamcrest\\hamcrest-core\\1.3\\42a25dc3219429f0e5d060061f71acb49bf010a0\\hamcrest-core-1.3.jar;C:\\Users\\Flore\\.gradle\\caches\\modules-2\\files-2.1\\org.springframework\\spring-jcl\\5.0.4.RELEASE\\3053e2bad0a18571bdbb9596ce51f9d458f5934f\\spring-jcl-5.0.4.RELEASE.jar, java.vm.vendor=Oracle Corporation, sun.arch.data.model=64, user.variant=, java.vendor.url=http://java.oracle.com/, user.timezone=Europe/Athens, os.name=Windows 10, java.vm.specification.version=11, user.country=US, sun.java.launcher=SUN_STANDARD, sun.boot.library.path=C:\Program Files\Java\jdk-11.0.4\bin, sun.java.command=worker.org.gradle.process.internal.worker.GradleWorkerMain 'Gradle Test Executor 2', jdk.debug=release, sun.cpu.endian=little, user.home=C:\Users\Flore, user.language=en, java.specification.vendor=Oracle Corporation, org.gradle.native=false, java.version.date=2019-07-16, java.home=C:\Program Files\Java\jdk-11.0.4, file.separator=\, java.vm.compressedOopsMode=32-bit, line.separator=
, java.specification.name=Java Platform API Specification, java.vm.specification.vendor=Oracle Corporation, java.awt.graphicsenv=sun.awt.Win32GraphicsEnvironment, user.script=, sun.management.compiler=HotSpot 64-Bit Tiered Compilers, java.runtime.version=11.0.4+10-LTS, user.name=Flore, path.separator=;, os.version=10.0, java.runtime.name=Java(TM) SE Runtime Environment, file.encoding=windows-1252, java.vm.name=Java HotSpot(TM) 64-Bit Server VM, java.vendor.version=18.9, java.vendor.url.bug=http://bugreport.java.com/bugreport/, java.io.tmpdir=C:\Users\Flore\AppData\Local\Temp\, java.version=11.0.4, user.dir=C:\Users\Flore\Desktop\info18\MPP\gitApps\ContestApp, os.arch=amd64, java.vm.specification.name=Java Virtual Machine Specification, java.awt.printerjob=sun.awt.windows.WPrinterJob, sun.os.patch.level=, java.library.path=C:\Program Files\Java\jdk-11.0.4\bin;C:\WINDOWS\Sun\Java\bin;C:\WINDOWS\system32;C:\WINDOWS;C:\Program Files (x86)\Microsoft Visual Studio\Shared\Python37_64\Scripts\;C:\Program Files (x86)\Microsoft Visual Studio\Shared\Python37_64\;C:\Program Files\Python38\Scripts\;C:\Program Files\Python38\;C:\WINDOWS\system32;C:\WINDOWS;C:\WINDOWS\System32\Wbem;C:\WINDOWS\System32\WindowsPowerShell\v1.0\;C:\WINDOWS\System32\OpenSSH\;C:\Program Files (x86)\Smart Projects\IsoBuster;C:\Program Files\PuTTY\;C:\Program Files\Git\cmd;C:\Users\Flore\AppData\Roaming\nvm;C:\Program Files\nodejs;C:\Program Files\Microsoft SQL Server\Client SDK\ODBC\130\Tools\Binn\;C:\Program Files (x86)\Microsoft SQL Server\140\Tools\Binn\;C:\Program Files\Microsoft SQL Server\140\Tools\Binn\;C:\Program Files\Microsoft SQL Server\140\DTS\Binn\;C:\Program Files (x86)\Microsoft SQL Server\150\DTS\Binn\;C:\Program Files\Microsoft SQL Server\130\Tools\Binn\;C:\Program Files\Microsoft SQL Server\Client SDK\ODBC\170\Tools\Binn\;C:\Program Files\dotnet\;;C:\Users\Flore\AppData\Local\Programs\Microsoft VS Code\bin;C:\Program Files\JetBrains\PyCharm 2019.3.3\bin;;C:\Program Files\JetBrains\PyCharm Edu 2019.3.2\bin;;., java.vendor=Oracle Corporation, java.vm.info=mixed mode, java.vm.version=11.0.4+10-LTS, sun.io.unicode.encoding=UnicodeLittle, java.class.version=55.0}}, SystemEnvironmentPropertySource@274422925 {name='systemEnvironment', properties={USERDOMAIN_ROAMINGPROFILE=DESKTOP-JGO467Q, NVM_SYMLINK=C:\Program Files\nodejs, PROCESSOR_LEVEL=6, SESSIONNAME=Console, ALLUSERSPROFILE=C:\ProgramData, PROCESSOR_ARCHITECTURE=AMD64, PSModulePath=C:\Program Files\WindowsPowerShell\Modules;C:\WINDOWS\system32\WindowsPowerShell\v1.0\Modules;C:\Program Files (x86)\Microsoft SQL Server\140\Tools\PowerShell\Modules\, SystemDrive=C:, USERNAME=Flore, ProgramFiles(x86)=C:\Program Files (x86), QtMsBuild=C:\Users\Flore\AppData\Local\QtMsBuild, FPS_BROWSER_USER_PROFILE_STRING=Default, PATHEXT=.COM;.EXE;.BAT;.CMD;.VBS;.VBE;.JS;.JSE;.WSF;.WSH;.MSC;.PY;.PYW, DriverData=C:\Windows\System32\Drivers\DriverData, ProgramData=C:\ProgramData, ProgramW6432=C:\Program Files, HOMEPATH=\Users\Flore, PROCESSOR_IDENTIFIER=Intel64 Family 6 Model 142 Stepping 9, GenuineIntel, ProgramFiles=C:\Program Files, PUBLIC=C:\Users\Public, VS160COMCOMNTOOLS=C:\Program Files (x86)\Microsoft Visual Studio\2019\Community\Common7\Tools\, windir=C:\WINDOWS, =::=::\, LOCALAPPDATA=C:\Users\Flore\AppData\Local, PyCharm Edu=C:\Program Files\JetBrains\PyCharm Edu 2019.3.2\bin;, USERDOMAIN=DESKTOP-JGO467Q, FPS_BROWSER_APP_PROFILE_STRING=Internet Explorer, LOGONSERVER=\\DESKTOP-JGO467Q, OneDrive=C:\Users\Flore\OneDrive, APPDATA=C:\Users\Flore\AppData\Roaming, VBOX_MSI_INSTALL_PATH=C:\Program Files\Oracle\VirtualBox\, CommonProgramFiles=C:\Program Files\Common Files, Path=C:\Program Files (x86)\Microsoft Visual Studio\Shared\Python37_64\Scripts\;C:\Program Files (x86)\Microsoft Visual Studio\Shared\Python37_64\;C:\Program Files\Python38\Scripts\;C:\Program Files\Python38\;C:\WINDOWS\system32;C:\WINDOWS;C:\WINDOWS\System32\Wbem;C:\WINDOWS\System32\WindowsPowerShell\v1.0\;C:\WINDOWS\System32\OpenSSH\;C:\Program Files (x86)\Smart Projects\IsoBuster;C:\Program Files\PuTTY\;C:\Program Files\Git\cmd;C:\Users\Flore\AppData\Roaming\nvm;C:\Program Files\nodejs;C:\Program Files\Microsoft SQL Server\Client SDK\ODBC\130\Tools\Binn\;C:\Program Files (x86)\Microsoft SQL Server\140\Tools\Binn\;C:\Program Files\Microsoft SQL Server\140\Tools\Binn\;C:\Program Files\Microsoft SQL Server\140\DTS\Binn\;C:\Program Files (x86)\Microsoft SQL Server\150\DTS\Binn\;C:\Program Files\Microsoft SQL Server\130\Tools\Binn\;C:\Program Files\Microsoft SQL Server\Client SDK\ODBC\170\Tools\Binn\;C:\Program Files\dotnet\;;C:\Users\Flore\AppData\Local\Programs\Microsoft VS Code\bin;C:\Program Files\JetBrains\PyCharm 2019.3.3\bin;;C:\Program Files\JetBrains\PyCharm Edu 2019.3.2\bin;, PyCharm=C:\Program Files\JetBrains\PyCharm 2019.3.3\bin;, OS=Windows_NT, COMPUTERNAME=DESKTOP-JGO467Q, NVM_HOME=C:\Users\Flore\AppData\Roaming\nvm, PROCESSOR_REVISION=8e09, CommonProgramW6432=C:\Program Files\Common Files, ComSpec=C:\WINDOWS\system32\cmd.exe, SystemRoot=C:\WINDOWS, TEMP=C:\Users\Flore\AppData\Local\Temp, HOMEDRIVE=C:, PT6HOME=C:\Program Files (x86)\Cisco Packet Tracer 6.2sv, USERPROFILE=C:\Users\Flore, TMP=C:\Users\Flore\AppData\Local\Temp, MYSQLCONNECTOR_ASSEMBLIESPATH=C:\Program Files (x86)\MySQL\Connector NET 8.0\Assemblies\v4.5.2, CommonProgramFiles(x86)=C:\Program Files (x86)\Common Files, NUMBER_OF_PROCESSORS=4, IDEA_INITIAL_DIRECTORY=C:\Users\Flore\Desktop}}]
16:02:13.867 [Test worker] INFO  org.springframework.context.support.ClassPathXmlApplicationContext - Refreshing org.springframework.context.support.ClassPathXmlApplicationContext@414766c9: startup date [Mon Mar 23 16:02:13 EET 2020]; root of context hierarchy
16:02:13.868 [Test worker] DEBUG org.springframework.core.env.StandardEnvironment - Adding PropertySource 'systemProperties' with lowest search precedence
16:02:13.868 [Test worker] DEBUG org.springframework.core.env.StandardEnvironment - Adding PropertySource 'systemEnvironment' with lowest search precedence
16:02:13.868 [Test worker] DEBUG org.springframework.core.env.StandardEnvironment - Initialized StandardEnvironment with PropertySources [MapPropertySource@520735910 {name='systemProperties', properties={sun.desktop=windows, awt.toolkit=sun.awt.windows.WToolkit, java.specification.version=11, sun.cpu.isalist=amd64, sun.jnu.encoding=Cp1252, org.gradle.test.worker=2, java.class.path=C:\\Users\\Flore\\.gradle\\caches\\5.2.1\\workerMain\\gradle-worker.jar;C:\\Users\\Flore\\Desktop\\info18\\MPP\\gitApps\\ContestApp\\build\\classes\\java\\test;C:\\Users\\Flore\\Desktop\\info18\\MPP\\gitApps\\ContestApp\\build\\resources\\test;C:\\Users\\Flore\\Desktop\\info18\\MPP\\gitApps\\ContestApp\\build\\classes\\java\\main;C:\\Users\\Flore\\Desktop\\info18\\MPP\\gitApps\\ContestApp\\build\\resources\\main;C:\\Users\\Flore\\.gradle\\caches\\modules-2\\files-2.1\\org.apache.logging.log4j\\log4j-core\\2.10.0\\c90b597163cd28ab6d9687edd53db601b6ea75a1\\log4j-core-2.10.0.jar;C:\\Users\\Flore\\.gradle\\caches\\modules-2\\files-2.1\\org.apache.logging.log4j\\log4j-api\\2.10.0\\fec5797a55b786184a537abd39c3fa1449d752d6\\log4j-api-2.10.0.jar;C:\\Users\\Flore\\.gradle\\caches\\modules-2\\files-2.1\\org.openjfx\\javafx\\11\\f5bf07162249920ce2807804016227a9719211ce\\javafx-11.pom;C:\\Users\\Flore\\.gradle\\caches\\modules-2\\files-2.1\\mysql\\mysql-connector-java\\8.0.16\\6088b7a25188ab4b3ab865422a8ec77ade29236\\mysql-connector-java-8.0.16.jar;C:\\Users\\Flore\\.gradle\\caches\\modules-2\\files-2.1\\org.springframework\\spring-context\\5.0.4.RELEASE\\3e76d08c851113077642c5704f0f94d5ce58e905\\spring-context-5.0.4.RELEASE.jar;C:\\Users\\Flore\\.gradle\\caches\\modules-2\\files-2.1\\org.openjfx\\javafx-fxml\\11.0.2\\b3242e4c031558574de2a1da685bb5fcdbb8a530\\javafx-fxml-11.0.2-win.jar;C:\\Users\\Flore\\.gradle\\caches\\modules-2\\files-2.1\\org.openjfx\\javafx-controls\\11.0.2\\6c763707769c18adce406904c771c2ad1fcc370b\\javafx-controls-11.0.2-win.jar;C:\\Users\\Flore\\.gradle\\caches\\modules-2\\files-2.1\\org.openjfx\\javafx-controls\\11.0.2\\4ab633cf1eea60f76e2ae9905aedac862da88b08\\javafx-controls-11.0.2.jar;C:\\Users\\Flore\\.gradle\\caches\\modules-2\\files-2.1\\org.openjfx\\javafx-graphics\\11.0.2\\20459ea2cf714942bcbeb78a7f70ba3531dc1a44\\javafx-graphics-11.0.2-win.jar;C:\\Users\\Flore\\.gradle\\caches\\modules-2\\files-2.1\\org.openjfx\\javafx-graphics\\11.0.2\\e522eb4ea422eceeee207b1c266ba3db19b2343a\\javafx-graphics-11.0.2.jar;C:\\Users\\Flore\\.gradle\\caches\\modules-2\\files-2.1\\org.openjfx\\javafx-base\\11.0.2\\1852e57b8cf9a9b6488c33605bccd5d06ff210e1\\javafx-base-11.0.2-win.jar;C:\\Users\\Flore\\.gradle\\caches\\modules-2\\files-2.1\\org.openjfx\\javafx-base\\11.0.2\\7fb2e4a8528ec9e434a9ac9ee98b39af79e6dcb8\\javafx-base-11.0.2.jar;C:\\Users\\Flore\\.gradle\\caches\\modules-2\\files-2.1\\junit\\junit\\4.12\\2973d150c0dc1fefe998f834810d68f278ea58ec\\junit-4.12.jar;C:\\Users\\Flore\\.gradle\\caches\\modules-2\\files-2.1\\com.google.protobuf\\protobuf-java\\3.6.1\\d06d46ecfd92ec6d0f3b423b4cd81cb38d8b924\\protobuf-java-3.6.1.jar;C:\\Users\\Flore\\.gradle\\caches\\modules-2\\files-2.1\\org.springframework\\spring-aop\\5.0.4.RELEASE\\f8e029e54c0267dadb6b9f713f3feb54ec4f3a0e\\spring-aop-5.0.4.RELEASE.jar;C:\\Users\\Flore\\.gradle\\caches\\modules-2\\files-2.1\\org.springframework\\spring-beans\\5.0.4.RELEASE\\7a8c3d48d4c33621e64d1399721d8e067450fcbd\\spring-beans-5.0.4.RELEASE.jar;C:\\Users\\Flore\\.gradle\\caches\\modules-2\\files-2.1\\org.springframework\\spring-expression\\5.0.4.RELEASE\\4bda161f2e34c1486f2527a23eb47293567f473c\\spring-expression-5.0.4.RELEASE.jar;C:\\Users\\Flore\\.gradle\\caches\\modules-2\\files-2.1\\org.springframework\\spring-core\\5.0.4.RELEASE\\2221a957b5561a34f044350ba4e30ef5870254a3\\spring-core-5.0.4.RELEASE.jar;C:\\Users\\Flore\\.gradle\\caches\\modules-2\\files-2.1\\org.hamcrest\\hamcrest-core\\1.3\\42a25dc3219429f0e5d060061f71acb49bf010a0\\hamcrest-core-1.3.jar;C:\\Users\\Flore\\.gradle\\caches\\modules-2\\files-2.1\\org.springframework\\spring-jcl\\5.0.4.RELEASE\\3053e2bad0a18571bdbb9596ce51f9d458f5934f\\spring-jcl-5.0.4.RELEASE.jar, java.vm.vendor=Oracle Corporation, sun.arch.data.model=64, user.variant=, java.vendor.url=http://java.oracle.com/, user.timezone=Europe/Athens, os.name=Windows 10, java.vm.specification.version=11, user.country=US, sun.java.launcher=SUN_STANDARD, sun.boot.library.path=C:\Program Files\Java\jdk-11.0.4\bin, sun.java.command=worker.org.gradle.process.internal.worker.GradleWorkerMain 'Gradle Test Executor 2', jdk.debug=release, sun.cpu.endian=little, user.home=C:\Users\Flore, user.language=en, java.specification.vendor=Oracle Corporation, org.gradle.native=false, java.version.date=2019-07-16, java.home=C:\Program Files\Java\jdk-11.0.4, file.separator=\, java.vm.compressedOopsMode=32-bit, line.separator=
, java.specification.name=Java Platform API Specification, java.vm.specification.vendor=Oracle Corporation, java.awt.graphicsenv=sun.awt.Win32GraphicsEnvironment, user.script=, sun.management.compiler=HotSpot 64-Bit Tiered Compilers, java.runtime.version=11.0.4+10-LTS, user.name=Flore, path.separator=;, os.version=10.0, java.runtime.name=Java(TM) SE Runtime Environment, file.encoding=windows-1252, java.vm.name=Java HotSpot(TM) 64-Bit Server VM, java.vendor.version=18.9, java.vendor.url.bug=http://bugreport.java.com/bugreport/, java.io.tmpdir=C:\Users\Flore\AppData\Local\Temp\, java.version=11.0.4, user.dir=C:\Users\Flore\Desktop\info18\MPP\gitApps\ContestApp, os.arch=amd64, java.vm.specification.name=Java Virtual Machine Specification, java.awt.printerjob=sun.awt.windows.WPrinterJob, sun.os.patch.level=, java.library.path=C:\Program Files\Java\jdk-11.0.4\bin;C:\WINDOWS\Sun\Java\bin;C:\WINDOWS\system32;C:\WINDOWS;C:\Program Files (x86)\Microsoft Visual Studio\Shared\Python37_64\Scripts\;C:\Program Files (x86)\Microsoft Visual Studio\Shared\Python37_64\;C:\Program Files\Python38\Scripts\;C:\Program Files\Python38\;C:\WINDOWS\system32;C:\WINDOWS;C:\WINDOWS\System32\Wbem;C:\WINDOWS\System32\WindowsPowerShell\v1.0\;C:\WINDOWS\System32\OpenSSH\;C:\Program Files (x86)\Smart Projects\IsoBuster;C:\Program Files\PuTTY\;C:\Program Files\Git\cmd;C:\Users\Flore\AppData\Roaming\nvm;C:\Program Files\nodejs;C:\Program Files\Microsoft SQL Server\Client SDK\ODBC\130\Tools\Binn\;C:\Program Files (x86)\Microsoft SQL Server\140\Tools\Binn\;C:\Program Files\Microsoft SQL Server\140\Tools\Binn\;C:\Program Files\Microsoft SQL Server\140\DTS\Binn\;C:\Program Files (x86)\Microsoft SQL Server\150\DTS\Binn\;C:\Program Files\Microsoft SQL Server\130\Tools\Binn\;C:\Program Files\Microsoft SQL Server\Client SDK\ODBC\170\Tools\Binn\;C:\Program Files\dotnet\;;C:\Users\Flore\AppData\Local\Programs\Microsoft VS Code\bin;C:\Program Files\JetBrains\PyCharm 2019.3.3\bin;;C:\Program Files\JetBrains\PyCharm Edu 2019.3.2\bin;;., java.vendor=Oracle Corporation, java.vm.info=mixed mode, java.vm.version=11.0.4+10-LTS, sun.io.unicode.encoding=UnicodeLittle, java.class.version=55.0}}, SystemEnvironmentPropertySource@1703055520 {name='systemEnvironment', properties={USERDOMAIN_ROAMINGPROFILE=DESKTOP-JGO467Q, NVM_SYMLINK=C:\Program Files\nodejs, PROCESSOR_LEVEL=6, SESSIONNAME=Console, ALLUSERSPROFILE=C:\ProgramData, PROCESSOR_ARCHITECTURE=AMD64, PSModulePath=C:\Program Files\WindowsPowerShell\Modules;C:\WINDOWS\system32\WindowsPowerShell\v1.0\Modules;C:\Program Files (x86)\Microsoft SQL Server\140\Tools\PowerShell\Modules\, SystemDrive=C:, USERNAME=Flore, ProgramFiles(x86)=C:\Program Files (x86), QtMsBuild=C:\Users\Flore\AppData\Local\QtMsBuild, FPS_BROWSER_USER_PROFILE_STRING=Default, PATHEXT=.COM;.EXE;.BAT;.CMD;.VBS;.VBE;.JS;.JSE;.WSF;.WSH;.MSC;.PY;.PYW, DriverData=C:\Windows\System32\Drivers\DriverData, ProgramData=C:\ProgramData, ProgramW6432=C:\Program Files, HOMEPATH=\Users\Flore, PROCESSOR_IDENTIFIER=Intel64 Family 6 Model 142 Stepping 9, GenuineIntel, ProgramFiles=C:\Program Files, PUBLIC=C:\Users\Public, VS160COMCOMNTOOLS=C:\Program Files (x86)\Microsoft Visual Studio\2019\Community\Common7\Tools\, windir=C:\WINDOWS, =::=::\, LOCALAPPDATA=C:\Users\Flore\AppData\Local, PyCharm Edu=C:\Program Files\JetBrains\PyCharm Edu 2019.3.2\bin;, USERDOMAIN=DESKTOP-JGO467Q, FPS_BROWSER_APP_PROFILE_STRING=Internet Explorer, LOGONSERVER=\\DESKTOP-JGO467Q, OneDrive=C:\Users\Flore\OneDrive, APPDATA=C:\Users\Flore\AppData\Roaming, VBOX_MSI_INSTALL_PATH=C:\Program Files\Oracle\VirtualBox\, CommonProgramFiles=C:\Program Files\Common Files, Path=C:\Program Files (x86)\Microsoft Visual Studio\Shared\Python37_64\Scripts\;C:\Program Files (x86)\Microsoft Visual Studio\Shared\Python37_64\;C:\Program Files\Python38\Scripts\;C:\Program Files\Python38\;C:\WINDOWS\system32;C:\WINDOWS;C:\WINDOWS\System32\Wbem;C:\WINDOWS\System32\WindowsPowerShell\v1.0\;C:\WINDOWS\System32\OpenSSH\;C:\Program Files (x86)\Smart Projects\IsoBuster;C:\Program Files\PuTTY\;C:\Program Files\Git\cmd;C:\Users\Flore\AppData\Roaming\nvm;C:\Program Files\nodejs;C:\Program Files\Microsoft SQL Server\Client SDK\ODBC\130\Tools\Binn\;C:\Program Files (x86)\Microsoft SQL Server\140\Tools\Binn\;C:\Program Files\Microsoft SQL Server\140\Tools\Binn\;C:\Program Files\Microsoft SQL Server\140\DTS\Binn\;C:\Program Files (x86)\Microsoft SQL Server\150\DTS\Binn\;C:\Program Files\Microsoft SQL Server\130\Tools\Binn\;C:\Program Files\Microsoft SQL Server\Client SDK\ODBC\170\Tools\Binn\;C:\Program Files\dotnet\;;C:\Users\Flore\AppData\Local\Programs\Microsoft VS Code\bin;C:\Program Files\JetBrains\PyCharm 2019.3.3\bin;;C:\Program Files\JetBrains\PyCharm Edu 2019.3.2\bin;, PyCharm=C:\Program Files\JetBrains\PyCharm 2019.3.3\bin;, OS=Windows_NT, COMPUTERNAME=DESKTOP-JGO467Q, NVM_HOME=C:\Users\Flore\AppData\Roaming\nvm, PROCESSOR_REVISION=8e09, CommonProgramW6432=C:\Program Files\Common Files, ComSpec=C:\WINDOWS\system32\cmd.exe, SystemRoot=C:\WINDOWS, TEMP=C:\Users\Flore\AppData\Local\Temp, HOMEDRIVE=C:, PT6HOME=C:\Program Files (x86)\Cisco Packet Tracer 6.2sv, USERPROFILE=C:\Users\Flore, TMP=C:\Users\Flore\AppData\Local\Temp, MYSQLCONNECTOR_ASSEMBLIESPATH=C:\Program Files (x86)\MySQL\Connector NET 8.0\Assemblies\v4.5.2, CommonProgramFiles(x86)=C:\Program Files (x86)\Common Files, NUMBER_OF_PROCESSORS=4, IDEA_INITIAL_DIRECTORY=C:\Users\Flore\Desktop}}]
16:02:13.868 [Test worker] INFO  org.springframework.beans.factory.xml.XmlBeanDefinitionReader - Loading XML bean definitions from class path resource [springConfigTest.xml]
16:02:13.872 [Test worker] DEBUG org.springframework.beans.factory.xml.DefaultDocumentLoader - Using JAXP provider [com.sun.org.apache.xerces.internal.jaxp.DocumentBuilderFactoryImpl]
16:02:13.875 [Test worker] TRACE org.springframework.beans.factory.xml.PluggableSchemaResolver - Trying to resolve XML entity with public id [null] and system id [http://www.springframework.org/schema/beans/spring-beans.xsd]
16:02:13.875 [Test worker] DEBUG org.springframework.beans.factory.xml.PluggableSchemaResolver - Loading schema mappings from [META-INF/spring.schemas]
16:02:13.877 [Test worker] DEBUG org.springframework.beans.factory.xml.PluggableSchemaResolver - Loaded schema mappings: {http://www.springframework.org/schema/context/spring-context-3.2.xsd=org/springframework/context/config/spring-context.xsd, http://www.springframework.org/schema/cache/spring-cache-4.3.xsd=org/springframework/cache/config/spring-cache.xsd, http://www.springframework.org/schema/beans/spring-beans-4.0.xsd=org/springframework/beans/factory/xml/spring-beans.xsd, http://www.springframework.org/schema/context/spring-context-2.5.xsd=org/springframework/context/config/spring-context.xsd, http://www.springframework.org/schema/context/spring-context-4.0.xsd=org/springframework/context/config/spring-context.xsd, http://www.springframework.org/schema/util/spring-util-4.3.xsd=org/springframework/beans/factory/xml/spring-util.xsd, http://www.springframework.org/schema/jee/spring-jee-2.0.xsd=org/springframework/ejb/config/spring-jee.xsd, http://www.springframework.org/schema/aop/spring-aop-2.0.xsd=org/springframework/aop/config/spring-aop.xsd, http://www.springframework.org/schema/tool/spring-tool-4.3.xsd=org/springframework/beans/factory/xml/spring-tool.xsd, http://www.springframework.org/schema/util/spring-util-2.0.xsd=org/springframework/beans/factory/xml/spring-util.xsd, http://www.springframework.org/schema/cache/spring-cache-4.2.xsd=org/springframework/cache/config/spring-cache.xsd, http://www.springframework.org/schema/context/spring-context-3.1.xsd=org/springframework/context/config/spring-context.xsd, http://www.springframework.org/schema/tool/spring-tool-2.0.xsd=org/springframework/beans/factory/xml/spring-tool.xsd, http://www.springframework.org/schema/tool/spring-tool.xsd=org/springframework/beans/factory/xml/spring-tool.xsd, http://www.springframework.org/schema/beans/spring-beans-3.2.xsd=org/springframework/beans/factory/xml/spring-beans.xsd, http://www.springframework.org/schema/util/spring-util-4.2.xsd=org/springframework/beans/factory/xml/spring-util.xsd, http://www.springframework.org/schema/beans/spring-beans-2.5.xsd=org/springframework/beans/factory/xml/spring-beans.xsd, http://www.springframework.org/schema/beans/spring-beans.xsd=org/springframework/beans/factory/xml/spring-beans.xsd, http://www.springframework.org/schema/tool/spring-tool-4.0.xsd=org/springframework/beans/factory/xml/spring-tool.xsd, http://www.springframework.org/schema/util/spring-util-4.1.xsd=org/springframework/beans/factory/xml/spring-util.xsd, http://www.springframework.org/schema/beans/spring-beans-4.2.xsd=org/springframework/beans/factory/xml/spring-beans.xsd, http://www.springframework.org/schema/context/spring-context-4.2.xsd=org/springframework/context/config/spring-context.xsd, http://www.springframework.org/schema/cache/spring-cache-4.1.xsd=org/springframework/cache/config/spring-cache.xsd, http://www.springframework.org/schema/lang/spring-lang-3.0.xsd=org/springframework/scripting/config/spring-lang.xsd, http://www.springframework.org/schema/jee/spring-jee-4.3.xsd=org/springframework/ejb/config/spring-jee.xsd, http://www.springframework.org/schema/aop/spring-aop-4.3.xsd=org/springframework/aop/config/spring-aop.xsd, http://www.springframework.org/schema/beans/spring-beans-4.3.xsd=org/springframework/beans/factory/xml/spring-beans.xsd, http://www.springframework.org/schema/tool/spring-tool-4.1.xsd=org/springframework/beans/factory/xml/spring-tool.xsd, http://www.springframework.org/schema/task/spring-task-4.3.xsd=org/springframework/scheduling/config/spring-task.xsd, http://www.springframework.org/schema/util/spring-util-4.0.xsd=org/springframework/beans/factory/xml/spring-util.xsd, http://www.springframework.org/schema/beans/spring-beans-4.1.xsd=org/springframework/beans/factory/xml/spring-beans.xsd, http://www.springframework.org/schema/lang/spring-lang.xsd=org/springframework/scripting/config/spring-lang.xsd, http://www.springframework.org/schema/cache/spring-cache-4.0.xsd=org/springframework/cache/config/spring-cache.xsd, http://www.springframework.org/schema/context/spring-context-4.1.xsd=org/springframework/context/config/spring-context.xsd, http://www.springframework.org/schema/aop/spring-aop-4.2.xsd=org/springframework/aop/config/spring-aop.xsd, http://www.springframework.org/schema/tool/spring-tool-4.2.xsd=org/springframework/beans/factory/xml/spring-tool.xsd, http://www.springframework.org/schema/util/spring-util-2.5.xsd=org/springframework/beans/factory/xml/spring-util.xsd, http://www.springframework.org/schema/jee/spring-jee-4.2.xsd=org/springframework/ejb/config/spring-jee.xsd, http://www.springframework.org/schema/lang/spring-lang-3.1.xsd=org/springframework/scripting/config/spring-lang.xsd, http://www.springframework.org/schema/task/spring-task.xsd=org/springframework/scheduling/config/spring-task.xsd, http://www.springframework.org/schema/task/spring-task-4.2.xsd=org/springframework/scheduling/config/spring-task.xsd, http://www.springframework.org/schema/aop/spring-aop.xsd=org/springframework/aop/config/spring-aop.xsd, http://www.springframework.org/schema/lang/spring-lang-4.0.xsd=org/springframework/scripting/config/spring-lang.xsd, http://www.springframework.org/schema/beans/spring-beans-2.0.xsd=org/springframework/beans/factory/xml/spring-beans.xsd, http://www.springframework.org/schema/task/spring-task-4.1.xsd=org/springframework/scheduling/config/spring-task.xsd, http://www.springframework.org/schema/tool/spring-tool-3.1.xsd=org/springframework/beans/factory/xml/spring-tool.xsd, http://www.springframework.org/schema/util/spring-util-3.2.xsd=org/springframework/beans/factory/xml/spring-util.xsd, http://www.springframework.org/schema/jee/spring-jee-4.1.xsd=org/springframework/ejb/config/spring-jee.xsd, http://www.springframework.org/schema/lang/spring-lang-3.2.xsd=org/springframework/scripting/config/spring-lang.xsd, http://www.springframework.org/schema/cache/spring-cache-3.2.xsd=org/springframework/cache/config/spring-cache.xsd, http://www.springframework.org/schema/aop/spring-aop-4.1.xsd=org/springframework/aop/config/spring-aop.xsd, http://www.springframework.org/schema/util/spring-util.xsd=org/springframework/beans/factory/xml/spring-util.xsd, http://www.springframework.org/schema/jee/spring-jee-3.2.xsd=org/springframework/ejb/config/spring-jee.xsd, http://www.springframework.org/schema/util/spring-util-3.0.xsd=org/springframework/beans/factory/xml/spring-util.xsd, http://www.springframework.org/schema/lang/spring-lang-4.1.xsd=org/springframework/scripting/config/spring-lang.xsd, http://www.springframework.org/schema/aop/spring-aop-3.2.xsd=org/springframework/aop/config/spring-aop.xsd, http://www.springframework.org/schema/tool/spring-tool-3.2.xsd=org/springframework/beans/factory/xml/spring-tool.xsd, http://www.springframework.org/schema/context/spring-context-4.3.xsd=org/springframework/context/config/spring-context.xsd, http://www.springframework.org/schema/lang/spring-lang-2.5.xsd=org/springframework/scripting/config/spring-lang.xsd, http://www.springframework.org/schema/jee/spring-jee.xsd=org/springframework/ejb/config/spring-jee.xsd, http://www.springframework.org/schema/util/spring-util-3.1.xsd=org/springframework/beans/factory/xml/spring-util.xsd, http://www.springframework.org/schema/jee/spring-jee-2.5.xsd=org/springframework/ejb/config/spring-jee.xsd, http://www.springframework.org/schema/task/spring-task-4.0.xsd=org/springframework/scheduling/config/spring-task.xsd, http://www.springframework.org/schema/aop/spring-aop-2.5.xsd=org/springframework/aop/config/spring-aop.xsd, http://www.springframework.org/schema/context/spring-context.xsd=org/springframework/context/config/spring-context.xsd, http://www.springframework.org/schema/cache/spring-cache-3.1.xsd=org/springframework/cache/config/spring-cache.xsd, http://www.springframework.org/schema/aop/spring-aop-4.0.xsd=org/springframework/aop/config/spring-aop.xsd, http://www.springframework.org/schema/jee/spring-jee-4.0.xsd=org/springframework/ejb/config/spring-jee.xsd, http://www.springframework.org/schema/tool/spring-tool-2.5.xsd=org/springframework/beans/factory/xml/spring-tool.xsd, http://www.springframework.org/schema/task/spring-task-3.2.xsd=org/springframework/scheduling/config/spring-task.xsd, http://www.springframework.org/schema/beans/spring-beans-3.0.xsd=org/springframework/beans/factory/xml/spring-beans.xsd, http://www.springframework.org/schema/jee/spring-jee-3.0.xsd=org/springframework/ejb/config/spring-jee.xsd, http://www.springframework.org/schema/aop/spring-aop-3.1.xsd=org/springframework/aop/config/spring-aop.xsd, http://www.springframework.org/schema/jee/spring-jee-3.1.xsd=org/springframework/ejb/config/spring-jee.xsd, http://www.springframework.org/schema/lang/spring-lang-4.3.xsd=org/springframework/scripting/config/spring-lang.xsd, http://www.springframework.org/schema/aop/spring-aop-3.0.xsd=org/springframework/aop/config/spring-aop.xsd, http://www.springframework.org/schema/beans/spring-beans-3.1.xsd=org/springframework/beans/factory/xml/spring-beans.xsd, http://www.springframework.org/schema/lang/spring-lang-2.0.xsd=org/springframework/scripting/config/spring-lang.xsd, http://www.springframework.org/schema/task/spring-task-3.1.xsd=org/springframework/scheduling/config/spring-task.xsd, http://www.springframework.org/schema/lang/spring-lang-4.2.xsd=org/springframework/scripting/config/spring-lang.xsd, http://www.springframework.org/schema/tool/spring-tool-3.0.xsd=org/springframework/beans/factory/xml/spring-tool.xsd, http://www.springframework.org/schema/task/spring-task-3.0.xsd=org/springframework/scheduling/config/spring-task.xsd, http://www.springframework.org/schema/context/spring-context-3.0.xsd=org/springframework/context/config/spring-context.xsd, http://www.springframework.org/schema/cache/spring-cache.xsd=org/springframework/cache/config/spring-cache.xsd}
16:02:13.878 [Test worker] DEBUG org.springframework.beans.factory.xml.PluggableSchemaResolver - Found XML schema [http://www.springframework.org/schema/beans/spring-beans.xsd] in classpath: org/springframework/beans/factory/xml/spring-beans.xsd
16:02:13.892 [Test worker] TRACE org.springframework.beans.factory.xml.PluggableSchemaResolver - Trying to resolve XML entity with public id [null] and system id [http://www.springframework.org/schema/util/spring-util.xsd]
16:02:13.893 [Test worker] DEBUG org.springframework.beans.factory.xml.PluggableSchemaResolver - Found XML schema [http://www.springframework.org/schema/util/spring-util.xsd] in classpath: org/springframework/beans/factory/xml/spring-util.xsd
16:02:13.895 [Test worker] TRACE org.springframework.beans.factory.xml.PluggableSchemaResolver - Trying to resolve XML entity with public id [null] and system id [http://www.springframework.org/schema/tool/spring-tool.xsd]
16:02:13.896 [Test worker] DEBUG org.springframework.beans.factory.xml.PluggableSchemaResolver - Found XML schema [http://www.springframework.org/schema/tool/spring-tool.xsd] in classpath: org/springframework/beans/factory/xml/spring-tool.xsd
16:02:13.899 [Test worker] DEBUG org.springframework.beans.factory.xml.DefaultBeanDefinitionDocumentReader - Loading bean definitions
16:02:13.901 [Test worker] DEBUG org.springframework.beans.factory.xml.DefaultNamespaceHandlerResolver - Loaded NamespaceHandler mappings: {http://www.springframework.org/schema/aop=org.springframework.aop.config.AopNamespaceHandler, http://www.springframework.org/schema/cache=org.springframework.cache.config.CacheNamespaceHandler, http://www.springframework.org/schema/task=org.springframework.scheduling.config.TaskNamespaceHandler, http://www.springframework.org/schema/p=org.springframework.beans.factory.xml.SimplePropertyNamespaceHandler, http://www.springframework.org/schema/lang=org.springframework.scripting.config.LangNamespaceHandler, http://www.springframework.org/schema/util=org.springframework.beans.factory.xml.UtilNamespaceHandler, http://www.springframework.org/schema/c=org.springframework.beans.factory.xml.SimpleConstructorNamespaceHandler, http://www.springframework.org/schema/context=org.springframework.context.config.ContextNamespaceHandler, http://www.springframework.org/schema/jee=org.springframework.ejb.config.JeeNamespaceHandler}
16:02:13.902 [Test worker] DEBUG org.springframework.beans.factory.xml.XmlBeanDefinitionReader - Loaded 8 bean definitions from location pattern [classpath:springConfigTest.xml]
16:02:13.902 [Test worker] DEBUG org.springframework.context.support.ClassPathXmlApplicationContext - Bean factory for org.springframework.context.support.ClassPathXmlApplicationContext@414766c9: org.springframework.beans.factory.support.DefaultListableBeanFactory@4f6e872: defining beans [jdbcProps,repoCategT,repoProbeT,valParticipantiT,repoParticipantiT,valInscrieriT,repoInscrieriT,serviceT]; root of factory hierarchy
16:02:13.903 [Test worker] DEBUG org.springframework.context.support.ClassPathXmlApplicationContext - Unable to locate MessageSource with name 'messageSource': using default [org.springframework.context.support.DelegatingMessageSource@1c6b90f6]
16:02:13.904 [Test worker] DEBUG org.springframework.context.support.ClassPathXmlApplicationContext - Unable to locate ApplicationEventMulticaster with name 'applicationEventMulticaster': using default [org.springframework.context.event.SimpleApplicationEventMulticaster@1b81f9e3]
16:02:13.904 [Test worker] DEBUG org.springframework.beans.factory.support.DefaultListableBeanFactory - Pre-instantiating singletons in org.springframework.beans.factory.support.DefaultListableBeanFactory@4f6e872: defining beans [jdbcProps,repoCategT,repoProbeT,valParticipantiT,repoParticipantiT,valInscrieriT,repoInscrieriT,serviceT]; root of factory hierarchy
16:02:13.904 [Test worker] DEBUG org.springframework.beans.factory.support.DefaultListableBeanFactory - Creating shared instance of singleton bean 'jdbcProps'
16:02:13.904 [Test worker] DEBUG org.springframework.beans.factory.support.DefaultListableBeanFactory - Creating instance of bean 'jdbcProps'
16:02:13.904 [Test worker] DEBUG org.springframework.beans.factory.support.DefaultListableBeanFactory - Eagerly caching bean 'jdbcProps' to allow for resolving potential circular references
16:02:13.904 [Test worker] TRACE org.springframework.beans.CachedIntrospectionResults - Getting BeanInfo for class [org.springframework.beans.factory.config.PropertiesFactoryBean]
16:02:13.904 [Test worker] TRACE org.springframework.beans.CachedIntrospectionResults - Caching PropertyDescriptors for class [org.springframework.beans.factory.config.PropertiesFactoryBean]
16:02:13.904 [Test worker] TRACE org.springframework.beans.CachedIntrospectionResults - Found bean property 'class' of type [java.lang.Class]
16:02:13.904 [Test worker] TRACE org.springframework.beans.CachedIntrospectionResults - Found bean property 'fileEncoding' of type [java.lang.String]
16:02:13.904 [Test worker] TRACE org.springframework.beans.CachedIntrospectionResults - Found bean property 'ignoreResourceNotFound' of type [boolean]
16:02:13.904 [Test worker] TRACE org.springframework.beans.CachedIntrospectionResults - Found bean property 'localOverride' of type [boolean]
16:02:13.904 [Test worker] TRACE org.springframework.beans.CachedIntrospectionResults - Found bean property 'location' of type [org.springframework.core.io.Resource]
16:02:13.904 [Test worker] TRACE org.springframework.beans.CachedIntrospectionResults - Found bean property 'locations' of type [[Lorg.springframework.core.io.Resource;]
16:02:13.904 [Test worker] TRACE org.springframework.beans.CachedIntrospectionResults - Found bean property 'object' of type [java.util.Properties]
16:02:13.904 [Test worker] TRACE org.springframework.beans.CachedIntrospectionResults - Found bean property 'objectType' of type [java.lang.Class]
16:02:13.904 [Test worker] TRACE org.springframework.beans.CachedIntrospectionResults - Found bean property 'properties' of type [java.util.Properties]
16:02:13.904 [Test worker] TRACE org.springframework.beans.CachedIntrospectionResults - Found bean property 'propertiesArray' of type [[Ljava.util.Properties;]
16:02:13.905 [Test worker] TRACE org.springframework.beans.CachedIntrospectionResults - Found bean property 'propertiesPersister' of type [org.springframework.util.PropertiesPersister]
16:02:13.905 [Test worker] TRACE org.springframework.beans.CachedIntrospectionResults - Found bean property 'singleton' of type [boolean]
16:02:13.908 [Test worker] DEBUG org.springframework.beans.factory.support.DefaultListableBeanFactory - Invoking afterPropertiesSet() on bean with name 'jdbcProps'
16:02:13.908 [Test worker] DEBUG org.springframework.beans.factory.config.PropertiesFactoryBean - Loading properties file from class path resource [configTest.properties]
16:02:13.908 [Test worker] DEBUG org.springframework.beans.factory.support.DefaultListableBeanFactory - Finished creating instance of bean 'jdbcProps'
16:02:13.909 [Test worker] DEBUG org.springframework.beans.factory.support.DefaultListableBeanFactory - Creating shared instance of singleton bean 'repoCategT'
16:02:13.909 [Test worker] DEBUG org.springframework.beans.factory.support.DefaultListableBeanFactory - Creating instance of bean 'repoCategT'
16:02:13.909 [Test worker] DEBUG org.springframework.beans.factory.support.DefaultListableBeanFactory - Returning cached instance of singleton bean 'jdbcProps'
16:02:13.910 [Test worker] TRACE repository.RepoCategVarsta - Enter initializing properties with {mySql.url=jdbc:mysql://localhost:3306/contesttest, password=lasPalmeras18, mySql.jdbcDriver=com.mysql.cj.jdbc.Driver, user=root}
16:02:13.910 [Test worker] DEBUG org.springframework.beans.factory.support.DefaultListableBeanFactory - Eagerly caching bean 'repoCategT' to allow for resolving potential circular references
16:02:13.910 [Test worker] DEBUG org.springframework.beans.factory.support.DefaultListableBeanFactory - Finished creating instance of bean 'repoCategT'
16:02:13.910 [Test worker] DEBUG org.springframework.beans.factory.support.DefaultListableBeanFactory - Creating shared instance of singleton bean 'repoProbeT'
16:02:13.910 [Test worker] DEBUG org.springframework.beans.factory.support.DefaultListableBeanFactory - Creating instance of bean 'repoProbeT'
16:02:13.910 [Test worker] DEBUG org.springframework.beans.factory.support.DefaultListableBeanFactory - Returning cached instance of singleton bean 'jdbcProps'
16:02:13.911 [Test worker] DEBUG org.springframework.beans.factory.support.DefaultListableBeanFactory - Returning cached instance of singleton bean 'repoCategT'
16:02:13.912 [Test worker] INFO  repository.RepoProbe - initializing RepoParticipanti with properties {mySql.url=jdbc:mysql://localhost:3306/contesttest, password=lasPalmeras18, mySql.jdbcDriver=com.mysql.cj.jdbc.Driver, user=root}
16:02:13.912 [Test worker] DEBUG org.springframework.beans.factory.support.DefaultListableBeanFactory - Eagerly caching bean 'repoProbeT' to allow for resolving potential circular references
16:02:13.912 [Test worker] DEBUG org.springframework.beans.factory.support.DefaultListableBeanFactory - Finished creating instance of bean 'repoProbeT'
16:02:13.913 [Test worker] DEBUG org.springframework.beans.factory.support.DefaultListableBeanFactory - Creating shared instance of singleton bean 'valParticipantiT'
16:02:13.913 [Test worker] DEBUG org.springframework.beans.factory.support.DefaultListableBeanFactory - Creating instance of bean 'valParticipantiT'
16:02:13.913 [Test worker] DEBUG org.springframework.beans.factory.support.DefaultListableBeanFactory - Eagerly caching bean 'valParticipantiT' to allow for resolving potential circular references
16:02:13.913 [Test worker] DEBUG org.springframework.beans.factory.support.DefaultListableBeanFactory - Creating shared instance of singleton bean 'repoParticipantiT'
16:02:13.913 [Test worker] DEBUG org.springframework.beans.factory.support.DefaultListableBeanFactory - Creating instance of bean 'repoParticipantiT'
16:02:13.913 [Test worker] DEBUG org.springframework.beans.factory.support.DefaultListableBeanFactory - Returning cached instance of singleton bean 'jdbcProps'
16:02:13.913 [Test worker] DEBUG org.springframework.beans.factory.support.DefaultListableBeanFactory - Returning cached instance of singleton bean 'repoProbeT'
16:02:13.915 [Test worker] DEBUG org.springframework.beans.factory.support.DefaultListableBeanFactory - Returning eagerly cached instance of singleton bean 'valParticipantiT' that is not fully initialized yet - a consequence of a circular reference
16:02:13.917 [Test worker] INFO  repository.RepoParticipanti - initializing RepoParticipanti with properties {mySql.url=jdbc:mysql://localhost:3306/contesttest, password=lasPalmeras18, mySql.jdbcDriver=com.mysql.cj.jdbc.Driver, user=root}
16:02:13.917 [Test worker] DEBUG org.springframework.beans.factory.support.DefaultListableBeanFactory - Eagerly caching bean 'repoParticipantiT' to allow for resolving potential circular references
16:02:13.917 [Test worker] DEBUG org.springframework.beans.factory.support.DefaultListableBeanFactory - Finished creating instance of bean 'repoParticipantiT'
16:02:13.917 [Test worker] TRACE org.springframework.beans.CachedIntrospectionResults - Getting BeanInfo for class [validator.ValParticipanti]
16:02:13.917 [Test worker] TRACE org.springframework.beans.CachedIntrospectionResults - Caching PropertyDescriptors for class [validator.ValParticipanti]
16:02:13.917 [Test worker] TRACE org.springframework.beans.CachedIntrospectionResults - Found bean property 'class' of type [java.lang.Class]
16:02:13.917 [Test worker] TRACE org.springframework.beans.CachedIntrospectionResults - Found bean property 'repoParticipanti' of type [repository.RepoParticipanti]
16:02:13.933 [Test worker] DEBUG org.springframework.beans.factory.support.DefaultListableBeanFactory - Finished creating instance of bean 'valParticipantiT'
16:02:13.933 [Test worker] DEBUG org.springframework.beans.factory.support.DefaultListableBeanFactory - Returning cached instance of singleton bean 'repoParticipantiT'
16:02:13.934 [Test worker] DEBUG org.springframework.beans.factory.support.DefaultListableBeanFactory - Creating shared instance of singleton bean 'valInscrieriT'
16:02:13.934 [Test worker] DEBUG org.springframework.beans.factory.support.DefaultListableBeanFactory - Creating instance of bean 'valInscrieriT'
16:02:13.934 [Test worker] DEBUG org.springframework.beans.factory.support.DefaultListableBeanFactory - Eagerly caching bean 'valInscrieriT' to allow for resolving potential circular references
16:02:13.934 [Test worker] DEBUG org.springframework.beans.factory.support.DefaultListableBeanFactory - Creating shared instance of singleton bean 'repoInscrieriT'
16:02:13.934 [Test worker] DEBUG org.springframework.beans.factory.support.DefaultListableBeanFactory - Creating instance of bean 'repoInscrieriT'
16:02:13.934 [Test worker] DEBUG org.springframework.beans.factory.support.DefaultListableBeanFactory - Returning cached instance of singleton bean 'jdbcProps'
16:02:13.934 [Test worker] DEBUG org.springframework.beans.factory.support.DefaultListableBeanFactory - Returning cached instance of singleton bean 'repoParticipantiT'
16:02:13.934 [Test worker] DEBUG org.springframework.beans.factory.support.DefaultListableBeanFactory - Returning cached instance of singleton bean 'repoProbeT'
16:02:13.934 [Test worker] DEBUG org.springframework.beans.factory.support.DefaultListableBeanFactory - Returning eagerly cached instance of singleton bean 'valInscrieriT' that is not fully initialized yet - a consequence of a circular reference
16:02:13.936 [Test worker] TRACE repository.RepoParticipanti - Enter initializing props with {mySql.url=jdbc:mysql://localhost:3306/contesttest, password=lasPalmeras18, mySql.jdbcDriver=com.mysql.cj.jdbc.Driver, user=root}
16:02:13.936 [Test worker] DEBUG org.springframework.beans.factory.support.DefaultListableBeanFactory - Eagerly caching bean 'repoInscrieriT' to allow for resolving potential circular references
16:02:13.936 [Test worker] DEBUG org.springframework.beans.factory.support.DefaultListableBeanFactory - Finished creating instance of bean 'repoInscrieriT'
16:02:13.936 [Test worker] TRACE org.springframework.beans.CachedIntrospectionResults - Getting BeanInfo for class [validator.ValInscriere]
16:02:13.936 [Test worker] TRACE org.springframework.beans.CachedIntrospectionResults - Caching PropertyDescriptors for class [validator.ValInscriere]
16:02:13.936 [Test worker] TRACE org.springframework.beans.CachedIntrospectionResults - Found bean property 'class' of type [java.lang.Class]
16:02:13.937 [Test worker] TRACE org.springframework.beans.CachedIntrospectionResults - Found bean property 'repoInscrieri' of type [repository.RepoInscrieri]
16:02:13.938 [Test worker] DEBUG org.springframework.beans.factory.support.DefaultListableBeanFactory - Finished creating instance of bean 'valInscrieriT'
16:02:13.938 [Test worker] DEBUG org.springframework.beans.factory.support.DefaultListableBeanFactory - Returning cached instance of singleton bean 'repoInscrieriT'
16:02:13.938 [Test worker] DEBUG org.springframework.beans.factory.support.DefaultListableBeanFactory - Creating shared instance of singleton bean 'serviceT'
16:02:13.938 [Test worker] DEBUG org.springframework.beans.factory.support.DefaultListableBeanFactory - Creating instance of bean 'serviceT'
16:02:13.938 [Test worker] DEBUG org.springframework.beans.factory.support.DefaultListableBeanFactory - Returning cached instance of singleton bean 'repoInscrieriT'
16:02:13.938 [Test worker] DEBUG org.springframework.beans.factory.support.DefaultListableBeanFactory - Returning cached instance of singleton bean 'repoCategT'
16:02:13.939 [Test worker] DEBUG org.springframework.beans.factory.support.DefaultListableBeanFactory - Returning cached instance of singleton bean 'repoParticipantiT'
16:02:13.939 [Test worker] DEBUG org.springframework.beans.factory.support.DefaultListableBeanFactory - Returning cached instance of singleton bean 'repoProbeT'
16:02:13.940 [Test worker] DEBUG org.springframework.beans.factory.support.DefaultListableBeanFactory - Eagerly caching bean 'serviceT' to allow for resolving potential circular references
16:02:13.940 [Test worker] DEBUG org.springframework.beans.factory.support.DefaultListableBeanFactory - Finished creating instance of bean 'serviceT'
16:02:13.941 [Test worker] DEBUG org.springframework.context.support.ClassPathXmlApplicationContext - Unable to locate LifecycleProcessor with name 'lifecycleProcessor': using default [org.springframework.context.support.DefaultLifecycleProcessor@1aec2b5d]
16:02:13.941 [Test worker] DEBUG org.springframework.beans.factory.support.DefaultListableBeanFactory - Returning cached instance of singleton bean 'lifecycleProcessor'
16:02:13.941 [Test worker] TRACE org.springframework.context.support.ClassPathXmlApplicationContext - Publishing event in org.springframework.context.support.ClassPathXmlApplicationContext@414766c9: org.springframework.context.event.ContextRefreshedEvent[source=org.springframework.context.support.ClassPathXmlApplicationContext@414766c9: startup date [Mon Mar 23 16:02:13 EET 2020]; root of context hierarchy]
16:02:13.941 [Test worker] TRACE org.springframework.core.env.PropertySourcesPropertyResolver - Searching for key 'spring.liveBeansView.mbeanDomain' in PropertySource 'systemProperties'
16:02:13.941 [Test worker] TRACE org.springframework.core.env.PropertySourcesPropertyResolver - Searching for key 'spring.liveBeansView.mbeanDomain' in PropertySource 'systemEnvironment'
16:02:13.941 [Test worker] DEBUG org.springframework.core.env.PropertySourcesPropertyResolver - Could not find key 'spring.liveBeansView.mbeanDomain' in any property source
16:02:13.941 [Test worker] DEBUG org.springframework.beans.factory.support.DefaultListableBeanFactory - Returning cached instance of singleton bean 'repoParticipantiT'
16:02:13.941 [Test worker] TRACE repository.RepoParticipanti - Enter cauta participant cu id 1
]]></system-out>
  <system-err><![CDATA[]]></system-err>
</testsuite>
