<?xml version="1.0" encoding="UTF-8"?>
<testsuite name="repository.RepoInscrieriTest" tests="7" skipped="0" failures="0" errors="0" timestamp="2020-03-11T07:32:19" hostname="DESKTOP-JGO467Q" time="2.396">
  <properties/>
  <testcase name="getProbeLaParticipant" classname="repository.RepoInscrieriTest" time="1.817"/>
  <testcase name="adauga" classname="repository.RepoInscrieriTest" time="0.232"/>
  <testcase name="getAll" classname="repository.RepoInscrieriTest" time="0.028"/>
  <testcase name="sterge" classname="repository.RepoInscrieriTest" time="0.208"/>
  <testcase name="getParticipantiLaProba" classname="repository.RepoInscrieriTest" time="0.055"/>
  <testcase name="getSize" classname="repository.RepoInscrieriTest" time="0.028"/>
  <testcase name="cauta" classname="repository.RepoInscrieriTest" time="0.026"/>
  <system-out><![CDATA[09:32:20.522 [Test worker] TRACE repository.RepoCategVarsta - Enter initializing properties with {mySql.url=jdbc:mysql://localhost:3306/contesttest, password=lasPalmeras18, mySql.jdbcDriver=com.mysql.cj.jdbc.Driver, user=root}
09:32:20.534 [Test worker] INFO  repository.RepoProbe - initializing RepoParticipanti with properties {mySql.url=jdbc:mysql://localhost:3306/contesttest, password=lasPalmeras18, mySql.jdbcDriver=com.mysql.cj.jdbc.Driver, user=root}
09:32:20.542 [Test worker] INFO  repository.RepoParticipanti - initializing RepoParticipanti with properties {mySql.url=jdbc:mysql://localhost:3306/contesttest, password=lasPalmeras18, mySql.jdbcDriver=com.mysql.cj.jdbc.Driver, user=root}
09:32:20.545 [Test worker] TRACE repository.RepoParticipanti - Enter initializing props with {mySql.url=jdbc:mysql://localhost:3306/contesttest, password=lasPalmeras18, mySql.jdbcDriver=com.mysql.cj.jdbc.Driver, user=root}
09:32:20.545 [Test worker] TRACE repository.RepoParticipanti - Enter cauta probe pt participantul cu id: 1
09:32:21.249 [Test worker] TRACE repository.RepoProbe - Enter cauta proba cu id 2
09:32:21.280 [Test worker] TRACE repository.RepoCategVarsta - Enter cauta categ varsta cu id: 3
09:32:21.327 [Test worker] TRACE repository.RepoCategVarsta - Enter initializing properties with {mySql.url=jdbc:mysql://localhost:3306/contesttest, password=lasPalmeras18, mySql.jdbcDriver=com.mysql.cj.jdbc.Driver, user=root}
09:32:21.327 [Test worker] INFO  repository.RepoProbe - initializing RepoParticipanti with properties {mySql.url=jdbc:mysql://localhost:3306/contesttest, password=lasPalmeras18, mySql.jdbcDriver=com.mysql.cj.jdbc.Driver, user=root}
09:32:21.327 [Test worker] INFO  repository.RepoParticipanti - initializing RepoParticipanti with properties {mySql.url=jdbc:mysql://localhost:3306/contesttest, password=lasPalmeras18, mySql.jdbcDriver=com.mysql.cj.jdbc.Driver, user=root}
09:32:21.327 [Test worker] TRACE repository.RepoParticipanti - Enter initializing props with {mySql.url=jdbc:mysql://localhost:3306/contesttest, password=lasPalmeras18, mySql.jdbcDriver=com.mysql.cj.jdbc.Driver, user=root}
09:32:21.327 [Test worker] TRACE repository.RepoParticipanti - Enter adauga inscriere domain.Inscriere@22495814
09:32:21.327 [Test worker] TRACE validator.ValInscriere - Enter valideaza nr de inscrieri pt participant
09:32:21.327 [Test worker] TRACE repository.RepoParticipanti - Enter cauta probe pt participantul cu id: 1
09:32:21.358 [Test worker] TRACE repository.RepoProbe - Enter cauta proba cu id 2
09:32:21.405 [Test worker] TRACE repository.RepoCategVarsta - Enter cauta categ varsta cu id: 3
09:32:21.452 [Test worker] TRACE repository.RepoParticipanti - Enter getSize
09:32:21.515 [Test worker] TRACE repository.RepoParticipanti - Enter sterge inregistrare cu id 27
09:32:21.546 [Test worker] TRACE repository.RepoCategVarsta - Enter initializing properties with {mySql.url=jdbc:mysql://localhost:3306/contesttest, password=lasPalmeras18, mySql.jdbcDriver=com.mysql.cj.jdbc.Driver, user=root}
09:32:21.546 [Test worker] INFO  repository.RepoProbe - initializing RepoParticipanti with properties {mySql.url=jdbc:mysql://localhost:3306/contesttest, password=lasPalmeras18, mySql.jdbcDriver=com.mysql.cj.jdbc.Driver, user=root}
09:32:21.561 [Test worker] INFO  repository.RepoParticipanti - initializing RepoParticipanti with properties {mySql.url=jdbc:mysql://localhost:3306/contesttest, password=lasPalmeras18, mySql.jdbcDriver=com.mysql.cj.jdbc.Driver, user=root}
09:32:21.561 [Test worker] TRACE repository.RepoParticipanti - Enter initializing props with {mySql.url=jdbc:mysql://localhost:3306/contesttest, password=lasPalmeras18, mySql.jdbcDriver=com.mysql.cj.jdbc.Driver, user=root}
09:32:21.561 [Test worker] TRACE repository.RepoParticipanti - Enter get all
09:32:21.577 [Test worker] TRACE repository.RepoCategVarsta - Enter initializing properties with {mySql.url=jdbc:mysql://localhost:3306/contesttest, password=lasPalmeras18, mySql.jdbcDriver=com.mysql.cj.jdbc.Driver, user=root}
09:32:21.577 [Test worker] INFO  repository.RepoProbe - initializing RepoParticipanti with properties {mySql.url=jdbc:mysql://localhost:3306/contesttest, password=lasPalmeras18, mySql.jdbcDriver=com.mysql.cj.jdbc.Driver, user=root}
09:32:21.577 [Test worker] INFO  repository.RepoParticipanti - initializing RepoParticipanti with properties {mySql.url=jdbc:mysql://localhost:3306/contesttest, password=lasPalmeras18, mySql.jdbcDriver=com.mysql.cj.jdbc.Driver, user=root}
09:32:21.577 [Test worker] TRACE repository.RepoParticipanti - Enter initializing props with {mySql.url=jdbc:mysql://localhost:3306/contesttest, password=lasPalmeras18, mySql.jdbcDriver=com.mysql.cj.jdbc.Driver, user=root}
09:32:21.577 [Test worker] TRACE repository.RepoParticipanti - Enter adauga inscriere domain.Inscriere@2dc337ee
09:32:21.577 [Test worker] TRACE validator.ValInscriere - Enter valideaza nr de inscrieri pt participant
09:32:21.577 [Test worker] TRACE repository.RepoParticipanti - Enter cauta probe pt participantul cu id: 1
09:32:21.608 [Test worker] TRACE repository.RepoProbe - Enter cauta proba cu id 2
09:32:21.639 [Test worker] TRACE repository.RepoCategVarsta - Enter cauta categ varsta cu id: 3
09:32:21.702 [Test worker] TRACE repository.RepoParticipanti - Enter getSize
09:32:21.749 [Test worker] TRACE repository.RepoParticipanti - Enter sterge inregistrare cu id 28
09:32:21.796 [Test worker] TRACE repository.RepoCategVarsta - Enter initializing properties with {mySql.url=jdbc:mysql://localhost:3306/contesttest, password=lasPalmeras18, mySql.jdbcDriver=com.mysql.cj.jdbc.Driver, user=root}
09:32:21.796 [Test worker] INFO  repository.RepoProbe - initializing RepoParticipanti with properties {mySql.url=jdbc:mysql://localhost:3306/contesttest, password=lasPalmeras18, mySql.jdbcDriver=com.mysql.cj.jdbc.Driver, user=root}
09:32:21.796 [Test worker] INFO  repository.RepoParticipanti - initializing RepoParticipanti with properties {mySql.url=jdbc:mysql://localhost:3306/contesttest, password=lasPalmeras18, mySql.jdbcDriver=com.mysql.cj.jdbc.Driver, user=root}
09:32:21.796 [Test worker] TRACE repository.RepoParticipanti - Enter initializing props with {mySql.url=jdbc:mysql://localhost:3306/contesttest, password=lasPalmeras18, mySql.jdbcDriver=com.mysql.cj.jdbc.Driver, user=root}
09:32:21.796 [Test worker] TRACE repository.RepoParticipanti - Enter cauta participanti la proba cu id: 2
09:32:21.811 [Test worker] TRACE repository.RepoParticipanti - Enter cauta participant cu id 1
09:32:21.843 [Test worker] TRACE repository.RepoCategVarsta - Enter initializing properties with {mySql.url=jdbc:mysql://localhost:3306/contesttest, password=lasPalmeras18, mySql.jdbcDriver=com.mysql.cj.jdbc.Driver, user=root}
09:32:21.843 [Test worker] INFO  repository.RepoProbe - initializing RepoParticipanti with properties {mySql.url=jdbc:mysql://localhost:3306/contesttest, password=lasPalmeras18, mySql.jdbcDriver=com.mysql.cj.jdbc.Driver, user=root}
09:32:21.843 [Test worker] INFO  repository.RepoParticipanti - initializing RepoParticipanti with properties {mySql.url=jdbc:mysql://localhost:3306/contesttest, password=lasPalmeras18, mySql.jdbcDriver=com.mysql.cj.jdbc.Driver, user=root}
09:32:21.843 [Test worker] TRACE repository.RepoParticipanti - Enter initializing props with {mySql.url=jdbc:mysql://localhost:3306/contesttest, password=lasPalmeras18, mySql.jdbcDriver=com.mysql.cj.jdbc.Driver, user=root}
09:32:21.843 [Test worker] TRACE repository.RepoParticipanti - Enter getSize
09:32:21.880 [Test worker] TRACE repository.RepoCategVarsta - Enter initializing properties with {mySql.url=jdbc:mysql://localhost:3306/contesttest, password=lasPalmeras18, mySql.jdbcDriver=com.mysql.cj.jdbc.Driver, user=root}
09:32:21.880 [Test worker] INFO  repository.RepoProbe - initializing RepoParticipanti with properties {mySql.url=jdbc:mysql://localhost:3306/contesttest, password=lasPalmeras18, mySql.jdbcDriver=com.mysql.cj.jdbc.Driver, user=root}
09:32:21.880 [Test worker] INFO  repository.RepoParticipanti - initializing RepoParticipanti with properties {mySql.url=jdbc:mysql://localhost:3306/contesttest, password=lasPalmeras18, mySql.jdbcDriver=com.mysql.cj.jdbc.Driver, user=root}
09:32:21.881 [Test worker] TRACE repository.RepoParticipanti - Enter initializing props with {mySql.url=jdbc:mysql://localhost:3306/contesttest, password=lasPalmeras18, mySql.jdbcDriver=com.mysql.cj.jdbc.Driver, user=root}
09:32:21.881 [Test worker] TRACE repository.RepoParticipanti - Enter cauta inregistrare cu id 1
]]></system-out>
  <system-err><![CDATA[]]></system-err>
</testsuite>
