<?xml version="1.0" encoding="UTF-8"?>
<testsuite name="repository.RepoParticipantiTest" tests="6" skipped="0" failures="0" errors="0" timestamp="2020-03-11T07:32:21" hostname="DESKTOP-JGO467Q" time="0.613">
  <properties/>
  <testcase name="adauga" classname="repository.RepoParticipantiTest" time="0.211"/>
  <testcase name="getAll" classname="repository.RepoParticipantiTest" time="0.032"/>
  <testcase name="sterge" classname="repository.RepoParticipantiTest" time="0.143"/>
  <testcase name="modifica" classname="repository.RepoParticipantiTest" time="0.176"/>
  <testcase name="size" classname="repository.RepoParticipantiTest" time="0.02"/>
  <testcase name="cauta" classname="repository.RepoParticipantiTest" time="0.03"/>
  <system-out><![CDATA[09:32:21.910 [Test worker] TRACE repository.RepoCategVarsta - Enter initializing properties with {mySql.url=jdbc:mysql://localhost:3306/contesttest, password=lasPalmeras18, mySql.jdbcDriver=com.mysql.cj.jdbc.Driver, user=root}
09:32:21.910 [Test worker] INFO  repository.RepoProbe - initializing RepoParticipanti with properties {mySql.url=jdbc:mysql://localhost:3306/contesttest, password=lasPalmeras18, mySql.jdbcDriver=com.mysql.cj.jdbc.Driver, user=root}
09:32:21.911 [Test worker] INFO  repository.RepoParticipanti - initializing RepoParticipanti with properties {mySql.url=jdbc:mysql://localhost:3306/contesttest, password=lasPalmeras18, mySql.jdbcDriver=com.mysql.cj.jdbc.Driver, user=root}
09:32:21.911 [Test worker] TRACE repository.RepoParticipanti - Enter adauga participat Participant{id=2, nume='Ionel', varsta=8}
09:32:21.911 [Test worker] TRACE validator.ValParticipanti - Enter valideaza participant Participant{id=2, nume='Ionel', varsta=8}
09:32:21.912 [Test worker] TRACE repository.RepoParticipanti - Enter cauta participant cu nume Ionel
09:32:22.030 [Test worker] TRACE repository.RepoParticipanti - Enter getSize
09:32:22.090 [Test worker] TRACE repository.RepoParticipanti - Enter sterge participant cu id 85
09:32:22.122 [Test worker] TRACE repository.RepoParticipanti - Enter getALl participanti test
09:32:22.122 [Test worker] TRACE repository.RepoCategVarsta - Enter initializing properties with {mySql.url=jdbc:mysql://localhost:3306/contesttest, password=lasPalmeras18, mySql.jdbcDriver=com.mysql.cj.jdbc.Driver, user=root}
09:32:22.122 [Test worker] INFO  repository.RepoProbe - initializing RepoParticipanti with properties {mySql.url=jdbc:mysql://localhost:3306/contesttest, password=lasPalmeras18, mySql.jdbcDriver=com.mysql.cj.jdbc.Driver, user=root}
09:32:22.122 [Test worker] INFO  repository.RepoParticipanti - initializing RepoParticipanti with properties {mySql.url=jdbc:mysql://localhost:3306/contesttest, password=lasPalmeras18, mySql.jdbcDriver=com.mysql.cj.jdbc.Driver, user=root}
09:32:22.122 [Test worker] TRACE repository.RepoParticipanti - Enter getAll
09:32:22.153 [Test worker] TRACE repository.RepoParticipanti - Enter sterge participant test
09:32:22.153 [Test worker] TRACE repository.RepoCategVarsta - Enter initializing properties with {mySql.url=jdbc:mysql://localhost:3306/contesttest, password=lasPalmeras18, mySql.jdbcDriver=com.mysql.cj.jdbc.Driver, user=root}
09:32:22.153 [Test worker] INFO  repository.RepoProbe - initializing RepoParticipanti with properties {mySql.url=jdbc:mysql://localhost:3306/contesttest, password=lasPalmeras18, mySql.jdbcDriver=com.mysql.cj.jdbc.Driver, user=root}
09:32:22.153 [Test worker] INFO  repository.RepoParticipanti - initializing RepoParticipanti with properties {mySql.url=jdbc:mysql://localhost:3306/contesttest, password=lasPalmeras18, mySql.jdbcDriver=com.mysql.cj.jdbc.Driver, user=root}
09:32:22.153 [Test worker] TRACE repository.RepoParticipanti - Enter adauga participat Participant{id=2, nume='Ionel', varsta=8}
09:32:22.153 [Test worker] TRACE validator.ValParticipanti - Enter valideaza participant Participant{id=2, nume='Ionel', varsta=8}
09:32:22.153 [Test worker] TRACE repository.RepoParticipanti - Enter cauta participant cu nume Ionel
09:32:22.215 [Test worker] TRACE repository.RepoParticipanti - Enter cauta participant cu nume Ionel
09:32:22.247 [Test worker] TRACE repository.RepoParticipanti - Enter sterge participant cu id 86
09:32:22.278 [Test worker] TRACE repository.RepoParticipanti - Enter getSize
09:32:22.294 [Test worker] TRACE repository.RepoParticipanti - Enter modifica participant test
09:32:22.294 [Test worker] TRACE repository.RepoCategVarsta - Enter initializing properties with {mySql.url=jdbc:mysql://localhost:3306/contesttest, password=lasPalmeras18, mySql.jdbcDriver=com.mysql.cj.jdbc.Driver, user=root}
09:32:22.294 [Test worker] INFO  repository.RepoProbe - initializing RepoParticipanti with properties {mySql.url=jdbc:mysql://localhost:3306/contesttest, password=lasPalmeras18, mySql.jdbcDriver=com.mysql.cj.jdbc.Driver, user=root}
09:32:22.294 [Test worker] INFO  repository.RepoParticipanti - initializing RepoParticipanti with properties {mySql.url=jdbc:mysql://localhost:3306/contesttest, password=lasPalmeras18, mySql.jdbcDriver=com.mysql.cj.jdbc.Driver, user=root}
09:32:22.309 [Test worker] TRACE repository.RepoParticipanti - Enter cauta participant cu id 1
09:32:22.356 [Test worker] TRACE repository.RepoParticipanti - Enter modifica participant cu id 1
09:32:22.356 [Test worker] TRACE repository.RepoParticipanti - Enter cauta participant cu id 1
09:32:22.387 [Test worker] TRACE repository.RepoParticipanti - Enter cauta participant cu id 1
09:32:22.419 [Test worker] TRACE repository.RepoParticipanti - Enter cauta participant cu id 1
09:32:22.434 [Test worker] TRACE repository.RepoParticipanti - Enter modifica participant cu id 1
09:32:22.434 [Test worker] TRACE repository.RepoParticipanti - Enter cauta participant cu id 1
09:32:22.465 [Test worker] TRACE repository.RepoParticipanti - Enter size RepoParticipanti test
09:32:22.465 [Test worker] TRACE repository.RepoCategVarsta - Enter initializing properties with {mySql.url=jdbc:mysql://localhost:3306/contesttest, password=lasPalmeras18, mySql.jdbcDriver=com.mysql.cj.jdbc.Driver, user=root}
09:32:22.465 [Test worker] INFO  repository.RepoProbe - initializing RepoParticipanti with properties {mySql.url=jdbc:mysql://localhost:3306/contesttest, password=lasPalmeras18, mySql.jdbcDriver=com.mysql.cj.jdbc.Driver, user=root}
09:32:22.465 [Test worker] INFO  repository.RepoParticipanti - initializing RepoParticipanti with properties {mySql.url=jdbc:mysql://localhost:3306/contesttest, password=lasPalmeras18, mySql.jdbcDriver=com.mysql.cj.jdbc.Driver, user=root}
09:32:22.465 [Test worker] TRACE repository.RepoParticipanti - Enter getAll
09:32:22.481 [Test worker] TRACE repository.RepoParticipanti - Enter cauta participant test
09:32:22.481 [Test worker] TRACE repository.RepoCategVarsta - Enter initializing properties with {mySql.url=jdbc:mysql://localhost:3306/contesttest, password=lasPalmeras18, mySql.jdbcDriver=com.mysql.cj.jdbc.Driver, user=root}
09:32:22.481 [Test worker] INFO  repository.RepoProbe - initializing RepoParticipanti with properties {mySql.url=jdbc:mysql://localhost:3306/contesttest, password=lasPalmeras18, mySql.jdbcDriver=com.mysql.cj.jdbc.Driver, user=root}
09:32:22.481 [Test worker] INFO  repository.RepoParticipanti - initializing RepoParticipanti with properties {mySql.url=jdbc:mysql://localhost:3306/contesttest, password=lasPalmeras18, mySql.jdbcDriver=com.mysql.cj.jdbc.Driver, user=root}
09:32:22.481 [Test worker] TRACE repository.RepoParticipanti - Enter cauta participant cu id 1
]]></system-out>
  <system-err><![CDATA[]]></system-err>
</testsuite>
